[2m2022-04-18 14:31:36.393[0;39m [32m INFO[0;39m [35m15516[0;39m [2m---[0;39m [2m[  restartedMain][0;39m [36mcom.zhu.api_video.ApiVideoApplication   [0;39m [2m:[0;39m The following profiles are active: dev,db
[2m2022-04-18 14:31:37.275[0;39m [33m WARN[0;39m [35m15516[0;39m [2m---[0;39m [2m[  restartedMain][0;39m [36mo.s.boot.actuate.endpoint.EndpointId    [0;39m [2m:[0;39m Endpoint ID 'service-registry' contains invalid characters, please migrate to a valid format.
[2m2022-04-18 14:31:37.398[0;39m [32m INFO[0;39m [35m15516[0;39m [2m---[0;39m [2m[  restartedMain][0;39m [36mo.s.cloud.context.scope.GenericScope    [0;39m [2m:[0;39m BeanFactory id=17a85c92-9f36-319b-a9aa-31f6bec7e2fb
[2m2022-04-18 14:31:37.485[0;39m [32m INFO[0;39m [35m15516[0;39m [2m---[0;39m [2m[  restartedMain][0;39m [36mtrationDelegate$BeanPostProcessorChecker[0;39m [2m:[0;39m Bean 'mica.async-net.dreamlu.mica.props.MicaAsyncProperties' of type [net.dreamlu.mica.props.MicaAsyncProperties] is not eligible for getting processed by all BeanPostProcessors (for example: not eligible for auto-proxying)
[2m2022-04-18 14:31:37.486[0;39m [32m INFO[0;39m [35m15516[0;39m [2m---[0;39m [2m[  restartedMain][0;39m [36mtrationDelegate$BeanPostProcessorChecker[0;39m [2m:[0;39m Bean 'net.dreamlu.mica.config.MicaExecutorConfiguration' of type [net.dreamlu.mica.config.MicaExecutorConfiguration$$EnhancerBySpringCGLIB$$aa0884d9] is not eligible for getting processed by all BeanPostProcessors (for example: not eligible for auto-proxying)
[2m2022-04-18 14:31:37.531[0;39m [32m INFO[0;39m [35m15516[0;39m [2m---[0;39m [2m[  restartedMain][0;39m [36mtrationDelegate$BeanPostProcessorChecker[0;39m [2m:[0;39m Bean 'spring.datasource.dynamic-com.baomidou.dynamic.datasource.spring.boot.autoconfigure.DynamicDataSourceProperties' of type [com.baomidou.dynamic.datasource.spring.boot.autoconfigure.DynamicDataSourceProperties] is not eligible for getting processed by all BeanPostProcessors (for example: not eligible for auto-proxying)
[2m2022-04-18 14:31:37.612[0;39m [32m INFO[0;39m [35m15516[0;39m [2m---[0;39m [2m[  restartedMain][0;39m [36mtrationDelegate$BeanPostProcessorChecker[0;39m [2m:[0;39m Bean 'com.baomidou.dynamic.datasource.spring.boot.autoconfigure.DynamicDataSourceAutoConfiguration' of type [com.baomidou.dynamic.datasource.spring.boot.autoconfigure.DynamicDataSourceAutoConfiguration$$EnhancerBySpringCGLIB$$1a08e607] is not eligible for getting processed by all BeanPostProcessors (for example: not eligible for auto-proxying)
[2m2022-04-18 14:31:37.619[0;39m [32m INFO[0;39m [35m15516[0;39m [2m---[0;39m [2m[  restartedMain][0;39m [36mtrationDelegate$BeanPostProcessorChecker[0;39m [2m:[0;39m Bean 'dsProcessor' of type [com.baomidou.dynamic.datasource.processor.DsHeaderProcessor] is not eligible for getting processed by all BeanPostProcessors (for example: not eligible for auto-proxying)
[2m2022-04-18 14:31:37.623[0;39m [32m INFO[0;39m [35m15516[0;39m [2m---[0;39m [2m[  restartedMain][0;39m [36mtrationDelegate$BeanPostProcessorChecker[0;39m [2m:[0;39m Bean 'dynamicDatasourceAnnotationAdvisor' of type [com.baomidou.dynamic.datasource.aop.DynamicDataSourceAnnotationAdvisor] is not eligible for getting processed by all BeanPostProcessors (for example: not eligible for auto-proxying)
[2m2022-04-18 14:31:38.135[0;39m [32m INFO[0;39m [35m15516[0;39m [2m---[0;39m [2m[  restartedMain][0;39m [36mo.s.b.w.embedded.tomcat.TomcatWebServer [0;39m [2m:[0;39m Tomcat initialized with port(s): 8083 (http)
[2m2022-04-18 14:31:38.145[0;39m [32m INFO[0;39m [35m15516[0;39m [2m---[0;39m [2m[  restartedMain][0;39m [36mo.a.coyote.http11.Http11NioProtocol     [0;39m [2m:[0;39m Initializing ProtocolHandler ["http-nio-8083"]
[2m2022-04-18 14:31:38.146[0;39m [32m INFO[0;39m [35m15516[0;39m [2m---[0;39m [2m[  restartedMain][0;39m [36mo.apache.catalina.core.StandardService  [0;39m [2m:[0;39m Starting service [Tomcat]
[2m2022-04-18 14:31:38.146[0;39m [32m INFO[0;39m [35m15516[0;39m [2m---[0;39m [2m[  restartedMain][0;39m [36morg.apache.catalina.core.StandardEngine [0;39m [2m:[0;39m Starting Servlet engine: [Apache Tomcat/9.0.33]
[2m2022-04-18 14:31:38.344[0;39m [32m INFO[0;39m [35m15516[0;39m [2m---[0;39m [2m[  restartedMain][0;39m [36mo.a.c.c.C.[Tomcat].[localhost].[/]      [0;39m [2m:[0;39m Initializing Spring embedded WebApplicationContext
[2m2022-04-18 14:31:38.344[0;39m [32m INFO[0;39m [35m15516[0;39m [2m---[0;39m [2m[  restartedMain][0;39m [36mo.s.web.context.ContextLoader           [0;39m [2m:[0;39m Root WebApplicationContext: initialization completed in 1936 ms
[2m2022-04-18 14:31:39.471[0;39m [32m INFO[0;39m [35m15516[0;39m [2m---[0;39m [2m[  restartedMain][0;39m [36mcom.zaxxer.hikari.HikariDataSource      [0;39m [2m:[0;39m master - Starting...
[2m2022-04-18 14:31:39.573[0;39m [32m INFO[0;39m [35m15516[0;39m [2m---[0;39m [2m[  restartedMain][0;39m [36mcom.zaxxer.hikari.HikariDataSource      [0;39m [2m:[0;39m master - Start completed.
[2m2022-04-18 14:31:39.573[0;39m [32m INFO[0;39m [35m15516[0;39m [2m---[0;39m [2m[  restartedMain][0;39m [36mc.b.d.d.DynamicRoutingDataSource        [0;39m [2m:[0;39m dynamic-datasource - load a datasource named [master] success
[2m2022-04-18 14:31:39.573[0;39m [32m INFO[0;39m [35m15516[0;39m [2m---[0;39m [2m[  restartedMain][0;39m [36mc.b.d.d.DynamicRoutingDataSource        [0;39m [2m:[0;39m dynamic-datasource initial loaded [1] datasource,primary datasource named [master]
[2m2022-04-18 14:31:41.040[0;39m [32m INFO[0;39m [35m15516[0;39m [2m---[0;39m [2m[  restartedMain][0;39m [36mc.n.c.sources.URLConfigurationSource    [0;39m [2m:[0;39m URLs to be used as dynamic configuration source: [file:/D:/Idea/projects/stock_learning/api_video/target/classes/config.properties]
[2m2022-04-18 14:31:41.053[0;39m [32m INFO[0;39m [35m15516[0;39m [2m---[0;39m [2m[  restartedMain][0;39m [36mc.n.c.sources.URLConfigurationSource    [0;39m [2m:[0;39m URLs to be used as dynamic configuration source: [file:/D:/Idea/projects/stock_learning/api_video/target/classes/config.properties]
[2m2022-04-18 14:31:41.462[0;39m [32m INFO[0;39m [35m15516[0;39m [2m---[0;39m [2m[  restartedMain][0;39m [36mo.s.s.concurrent.ThreadPoolTaskExecutor [0;39m [2m:[0;39m Initializing ExecutorService 'applicationTaskExecutor'
[2m2022-04-18 14:31:41.549[0;39m [32m INFO[0;39m [35m15516[0;39m [2m---[0;39m [2m[  restartedMain][0;39m [36md.m.s.v.MicaRequestMappingHandlerMapping[0;39m [2m:[0;39m Mapped "{POST /img/upload}" onto com.zhu.api_video.controller.ImgController#imgUpload(MultipartFile)
[2m2022-04-18 14:31:41.550[0;39m [32m INFO[0;39m [35m15516[0;39m [2m---[0;39m [2m[  restartedMain][0;39m [36md.m.s.v.MicaRequestMappingHandlerMapping[0;39m [2m:[0;39m Mapped "{GET /video/listVideoByCourse/{courseId}}" onto com.zhu.api_video.controller.VideoController#listVideoByCourse(Integer)
[2m2022-04-18 14:31:41.550[0;39m [32m INFO[0;39m [35m15516[0;39m [2m---[0;39m [2m[  restartedMain][0;39m [36md.m.s.v.MicaRequestMappingHandlerMapping[0;39m [2m:[0;39m Mapped "{DELETE /video/delete/{id}}" onto com.zhu.api_video.controller.VideoController#videoDelete(Integer)
[2m2022-04-18 14:31:41.550[0;39m [32m INFO[0;39m [35m15516[0;39m [2m---[0;39m [2m[  restartedMain][0;39m [36md.m.s.v.MicaRequestMappingHandlerMapping[0;39m [2m:[0;39m Mapped "{POST /video/upload}" onto com.zhu.api_video.controller.VideoController#videoUpload(MultipartFile, String, Integer)
[2m2022-04-18 14:31:41.550[0;39m [32m INFO[0;39m [35m15516[0;39m [2m---[0;39m [2m[  restartedMain][0;39m [36md.m.s.v.MicaRequestMappingHandlerMapping[0;39m [2m:[0;39m Mapped "{POST /video/uploads}" onto com.zhu.api_video.controller.VideoController#videosUpload(MultipartFile[])
[2m2022-04-18 14:31:41.551[0;39m [32m INFO[0;39m [35m15516[0;39m [2m---[0;39m [2m[  restartedMain][0;39m [36md.m.s.v.MicaRequestMappingHandlerMapping[0;39m [2m:[0;39m Mapped "{ /error, produces [text/html]}" onto net.dreamlu.mica.servlet.error.MicaErrorController#errorHtml(HttpServletRequest, HttpServletResponse)
[2m2022-04-18 14:31:41.551[0;39m [32m INFO[0;39m [35m15516[0;39m [2m---[0;39m [2m[  restartedMain][0;39m [36md.m.s.v.MicaRequestMappingHandlerMapping[0;39m [2m:[0;39m Mapped "{ /error}" onto net.dreamlu.mica.servlet.error.MicaErrorController#error(HttpServletRequest)
[2m2022-04-18 14:31:41.686[0;39m [32m INFO[0;39m [35m15516[0;39m [2m---[0;39m [2m[  restartedMain][0;39m [36mo.s.s.c.ThreadPoolTaskScheduler         [0;39m [2m:[0;39m Initializing ExecutorService 'taskScheduler'
[2m2022-04-18 14:31:42.170[0;39m [32m INFO[0;39m [35m15516[0;39m [2m---[0;39m [2m[  restartedMain][0;39m [36mo.s.b.d.a.OptionalLiveReloadServer      [0;39m [2m:[0;39m LiveReload server is running on port 35729
[2m2022-04-18 14:31:43.295[0;39m [32m INFO[0;39m [35m15516[0;39m [2m---[0;39m [2m[  restartedMain][0;39m [36mo.s.b.a.e.web.EndpointLinksResolver     [0;39m [2m:[0;39m Exposing 2 endpoint(s) beneath base path '/actuator'
[2m2022-04-18 14:31:47.099[0;39m [32m INFO[0;39m [35m15516[0;39m [2m---[0;39m [2m[  restartedMain][0;39m [36mo.a.coyote.http11.Http11NioProtocol     [0;39m [2m:[0;39m Starting ProtocolHandler ["http-nio-8083"]
[2m2022-04-18 14:31:47.125[0;39m [32m INFO[0;39m [35m15516[0;39m [2m---[0;39m [2m[  restartedMain][0;39m [36mo.s.b.w.embedded.tomcat.TomcatWebServer [0;39m [2m:[0;39m Tomcat started on port(s): 8083 (http) with context path ''
[2m2022-04-18 14:31:53.145[0;39m [32m INFO[0;39m [35m15516[0;39m [2m---[0;39m [2m[  restartedMain][0;39m [36mc.a.c.n.registry.NacosServiceRegistry   [0;39m [2m:[0;39m nacos registry, DEFAULT_GROUP api-video 169.254.131.94:8083 register finished
[2m2022-04-18 14:31:54.051[0;39m [32m INFO[0;39m [35m15516[0;39m [2m---[0;39m [2m[  restartedMain][0;39m [36mcom.zhu.api_video.ApiVideoApplication   [0;39m [2m:[0;39m Started ApiVideoApplication in 20.424 seconds (JVM running for 22.072)
[2m2022-04-18 14:31:55.053[0;39m [32m INFO[0;39m [35m15516[0;39m [2m---[0;39m [2m[223.240.230.189][0;39m [36mo.a.c.c.C.[Tomcat].[localhost].[/]      [0;39m [2m:[0;39m Initializing Spring DispatcherServlet 'dispatcherServlet'
[2m2022-04-18 14:31:55.053[0;39m [32m INFO[0;39m [35m15516[0;39m [2m---[0;39m [2m[223.240.230.189][0;39m [36mo.s.web.servlet.DispatcherServlet       [0;39m [2m:[0;39m Initializing Servlet 'dispatcherServlet'
[2m2022-04-18 14:31:55.069[0;39m [32m INFO[0;39m [35m15516[0;39m [2m---[0;39m [2m[223.240.230.189][0;39m [36mo.s.web.servlet.DispatcherServlet       [0;39m [2m:[0;39m Completed initialization in 16 ms
[2m2022-04-18 14:33:57.647[0;39m [32m INFO[0;39m [35m15516[0;39m [2m---[0;39m [2m[nio-8083-exec-5][0;39m [36mcom.zhu.api_video.util.FtpUtil          [0;39m [2m:[0;39m 上传成功！
[2m2022-04-18 14:33:57.647[0;39m [32m INFO[0;39m [35m15516[0;39m [2m---[0;39m [2m[nio-8083-exec-5][0;39m [36mc.z.a.controller.VideoController        [0;39m [2m:[0;39m 任务结束，共耗时：[2663]毫秒
[2m2022-04-18 15:01:11.528[0;39m [32m INFO[0;39m [35m2568[0;39m [2m---[0;39m [2m[  restartedMain][0;39m [36mcom.zhu.api_video.ApiVideoApplication   [0;39m [2m:[0;39m The following profiles are active: dev,db
[2m2022-04-18 15:01:12.446[0;39m [33m WARN[0;39m [35m2568[0;39m [2m---[0;39m [2m[  restartedMain][0;39m [36mo.s.boot.actuate.endpoint.EndpointId    [0;39m [2m:[0;39m Endpoint ID 'service-registry' contains invalid characters, please migrate to a valid format.
[2m2022-04-18 15:01:12.580[0;39m [32m INFO[0;39m [35m2568[0;39m [2m---[0;39m [2m[  restartedMain][0;39m [36mo.s.cloud.context.scope.GenericScope    [0;39m [2m:[0;39m BeanFactory id=17a85c92-9f36-319b-a9aa-31f6bec7e2fb
[2m2022-04-18 15:01:12.686[0;39m [32m INFO[0;39m [35m2568[0;39m [2m---[0;39m [2m[  restartedMain][0;39m [36mtrationDelegate$BeanPostProcessorChecker[0;39m [2m:[0;39m Bean 'mica.async-net.dreamlu.mica.props.MicaAsyncProperties' of type [net.dreamlu.mica.props.MicaAsyncProperties] is not eligible for getting processed by all BeanPostProcessors (for example: not eligible for auto-proxying)
[2m2022-04-18 15:01:12.688[0;39m [32m INFO[0;39m [35m2568[0;39m [2m---[0;39m [2m[  restartedMain][0;39m [36mtrationDelegate$BeanPostProcessorChecker[0;39m [2m:[0;39m Bean 'net.dreamlu.mica.config.MicaExecutorConfiguration' of type [net.dreamlu.mica.config.MicaExecutorConfiguration$$EnhancerBySpringCGLIB$$63bf6dd4] is not eligible for getting processed by all BeanPostProcessors (for example: not eligible for auto-proxying)
[2m2022-04-18 15:01:12.739[0;39m [32m INFO[0;39m [35m2568[0;39m [2m---[0;39m [2m[  restartedMain][0;39m [36mtrationDelegate$BeanPostProcessorChecker[0;39m [2m:[0;39m Bean 'spring.datasource.dynamic-com.baomidou.dynamic.datasource.spring.boot.autoconfigure.DynamicDataSourceProperties' of type [com.baomidou.dynamic.datasource.spring.boot.autoconfigure.DynamicDataSourceProperties] is not eligible for getting processed by all BeanPostProcessors (for example: not eligible for auto-proxying)
[2m2022-04-18 15:01:12.821[0;39m [32m INFO[0;39m [35m2568[0;39m [2m---[0;39m [2m[  restartedMain][0;39m [36mtrationDelegate$BeanPostProcessorChecker[0;39m [2m:[0;39m Bean 'com.baomidou.dynamic.datasource.spring.boot.autoconfigure.DynamicDataSourceAutoConfiguration' of type [com.baomidou.dynamic.datasource.spring.boot.autoconfigure.DynamicDataSourceAutoConfiguration$$EnhancerBySpringCGLIB$$d3bfcf02] is not eligible for getting processed by all BeanPostProcessors (for example: not eligible for auto-proxying)
[2m2022-04-18 15:01:12.828[0;39m [32m INFO[0;39m [35m2568[0;39m [2m---[0;39m [2m[  restartedMain][0;39m [36mtrationDelegate$BeanPostProcessorChecker[0;39m [2m:[0;39m Bean 'dsProcessor' of type [com.baomidou.dynamic.datasource.processor.DsHeaderProcessor] is not eligible for getting processed by all BeanPostProcessors (for example: not eligible for auto-proxying)
[2m2022-04-18 15:01:12.831[0;39m [32m INFO[0;39m [35m2568[0;39m [2m---[0;39m [2m[  restartedMain][0;39m [36mtrationDelegate$BeanPostProcessorChecker[0;39m [2m:[0;39m Bean 'dynamicDatasourceAnnotationAdvisor' of type [com.baomidou.dynamic.datasource.aop.DynamicDataSourceAnnotationAdvisor] is not eligible for getting processed by all BeanPostProcessors (for example: not eligible for auto-proxying)
[2m2022-04-18 15:01:13.493[0;39m [32m INFO[0;39m [35m2568[0;39m [2m---[0;39m [2m[  restartedMain][0;39m [36mo.s.b.w.embedded.tomcat.TomcatWebServer [0;39m [2m:[0;39m Tomcat initialized with port(s): 8083 (http)
[2m2022-04-18 15:01:13.506[0;39m [32m INFO[0;39m [35m2568[0;39m [2m---[0;39m [2m[  restartedMain][0;39m [36mo.a.coyote.http11.Http11NioProtocol     [0;39m [2m:[0;39m Initializing ProtocolHandler ["http-nio-8083"]
[2m2022-04-18 15:01:13.507[0;39m [32m INFO[0;39m [35m2568[0;39m [2m---[0;39m [2m[  restartedMain][0;39m [36mo.apache.catalina.core.StandardService  [0;39m [2m:[0;39m Starting service [Tomcat]
[2m2022-04-18 15:01:13.508[0;39m [32m INFO[0;39m [35m2568[0;39m [2m---[0;39m [2m[  restartedMain][0;39m [36morg.apache.catalina.core.StandardEngine [0;39m [2m:[0;39m Starting Servlet engine: [Apache Tomcat/9.0.33]
[2m2022-04-18 15:01:13.679[0;39m [32m INFO[0;39m [35m2568[0;39m [2m---[0;39m [2m[  restartedMain][0;39m [36mo.a.c.c.C.[Tomcat].[localhost].[/]      [0;39m [2m:[0;39m Initializing Spring embedded WebApplicationContext
[2m2022-04-18 15:01:13.679[0;39m [32m INFO[0;39m [35m2568[0;39m [2m---[0;39m [2m[  restartedMain][0;39m [36mo.s.web.context.ContextLoader           [0;39m [2m:[0;39m Root WebApplicationContext: initialization completed in 2138 ms
[2m2022-04-18 15:01:15.209[0;39m [32m INFO[0;39m [35m2568[0;39m [2m---[0;39m [2m[  restartedMain][0;39m [36mcom.zaxxer.hikari.HikariDataSource      [0;39m [2m:[0;39m master - Starting...
[2m2022-04-18 15:01:15.337[0;39m [32m INFO[0;39m [35m2568[0;39m [2m---[0;39m [2m[  restartedMain][0;39m [36mcom.zaxxer.hikari.HikariDataSource      [0;39m [2m:[0;39m master - Start completed.
[2m2022-04-18 15:01:15.337[0;39m [32m INFO[0;39m [35m2568[0;39m [2m---[0;39m [2m[  restartedMain][0;39m [36mc.b.d.d.DynamicRoutingDataSource        [0;39m [2m:[0;39m dynamic-datasource - load a datasource named [master] success
[2m2022-04-18 15:01:15.337[0;39m [32m INFO[0;39m [35m2568[0;39m [2m---[0;39m [2m[  restartedMain][0;39m [36mc.b.d.d.DynamicRoutingDataSource        [0;39m [2m:[0;39m dynamic-datasource initial loaded [1] datasource,primary datasource named [master]
[2m2022-04-18 15:01:16.522[0;39m [32m INFO[0;39m [35m2568[0;39m [2m---[0;39m [2m[  restartedMain][0;39m [36mc.n.c.sources.URLConfigurationSource    [0;39m [2m:[0;39m URLs to be used as dynamic configuration source: [file:/D:/Idea/projects/stock_learning/api_video/target/classes/config.properties]
[2m2022-04-18 15:01:16.529[0;39m [32m INFO[0;39m [35m2568[0;39m [2m---[0;39m [2m[  restartedMain][0;39m [36mc.n.c.sources.URLConfigurationSource    [0;39m [2m:[0;39m URLs to be used as dynamic configuration source: [file:/D:/Idea/projects/stock_learning/api_video/target/classes/config.properties]
[2m2022-04-18 15:01:16.818[0;39m [32m INFO[0;39m [35m2568[0;39m [2m---[0;39m [2m[  restartedMain][0;39m [36mo.s.s.concurrent.ThreadPoolTaskExecutor [0;39m [2m:[0;39m Initializing ExecutorService 'applicationTaskExecutor'
[2m2022-04-18 15:01:16.887[0;39m [32m INFO[0;39m [35m2568[0;39m [2m---[0;39m [2m[  restartedMain][0;39m [36md.m.s.v.MicaRequestMappingHandlerMapping[0;39m [2m:[0;39m Mapped "{POST /img/upload}" onto com.zhu.api_video.controller.ImgController#imgUpload(MultipartFile)
[2m2022-04-18 15:01:16.887[0;39m [32m INFO[0;39m [35m2568[0;39m [2m---[0;39m [2m[  restartedMain][0;39m [36md.m.s.v.MicaRequestMappingHandlerMapping[0;39m [2m:[0;39m Mapped "{POST /video/uploads}" onto com.zhu.api_video.controller.VideoController#videosUpload(MultipartFile[])
[2m2022-04-18 15:01:16.887[0;39m [32m INFO[0;39m [35m2568[0;39m [2m---[0;39m [2m[  restartedMain][0;39m [36md.m.s.v.MicaRequestMappingHandlerMapping[0;39m [2m:[0;39m Mapped "{DELETE /video/delete/{id}}" onto com.zhu.api_video.controller.VideoController#videoDelete(Integer)
[2m2022-04-18 15:01:16.888[0;39m [32m INFO[0;39m [35m2568[0;39m [2m---[0;39m [2m[  restartedMain][0;39m [36md.m.s.v.MicaRequestMappingHandlerMapping[0;39m [2m:[0;39m Mapped "{POST /video/upload}" onto com.zhu.api_video.controller.VideoController#videoUpload(MultipartFile, String, Integer)
[2m2022-04-18 15:01:16.888[0;39m [32m INFO[0;39m [35m2568[0;39m [2m---[0;39m [2m[  restartedMain][0;39m [36md.m.s.v.MicaRequestMappingHandlerMapping[0;39m [2m:[0;39m Mapped "{GET /video/listVideoByCourse/{courseId}}" onto com.zhu.api_video.controller.VideoController#listVideoByCourse(Integer)
[2m2022-04-18 15:01:16.888[0;39m [32m INFO[0;39m [35m2568[0;39m [2m---[0;39m [2m[  restartedMain][0;39m [36md.m.s.v.MicaRequestMappingHandlerMapping[0;39m [2m:[0;39m Mapped "{ /error, produces [text/html]}" onto net.dreamlu.mica.servlet.error.MicaErrorController#errorHtml(HttpServletRequest, HttpServletResponse)
[2m2022-04-18 15:01:16.888[0;39m [32m INFO[0;39m [35m2568[0;39m [2m---[0;39m [2m[  restartedMain][0;39m [36md.m.s.v.MicaRequestMappingHandlerMapping[0;39m [2m:[0;39m Mapped "{ /error}" onto net.dreamlu.mica.servlet.error.MicaErrorController#error(HttpServletRequest)
[2m2022-04-18 15:01:16.971[0;39m [32m INFO[0;39m [35m2568[0;39m [2m---[0;39m [2m[  restartedMain][0;39m [36mo.s.s.c.ThreadPoolTaskScheduler         [0;39m [2m:[0;39m Initializing ExecutorService 'taskScheduler'
