[2m2022-04-16 12:30:19.345[0;39m [32m INFO[0;39m [35m7380[0;39m [2m---[0;39m [2m[  restartedMain][0;39m [36mcom.zhu.api_video.ApiVideoApplication   [0;39m [2m:[0;39m The following profiles are active: dev,db
[2m2022-04-16 12:30:21.582[0;39m [33m WARN[0;39m [35m7380[0;39m [2m---[0;39m [2m[  restartedMain][0;39m [36mo.s.boot.actuate.endpoint.EndpointId    [0;39m [2m:[0;39m Endpoint ID 'service-registry' contains invalid characters, please migrate to a valid format.
[2m2022-04-16 12:30:21.740[0;39m [32m INFO[0;39m [35m7380[0;39m [2m---[0;39m [2m[  restartedMain][0;39m [36mo.s.cloud.context.scope.GenericScope    [0;39m [2m:[0;39m BeanFactory id=17a85c92-9f36-319b-a9aa-31f6bec7e2fb
[2m2022-04-16 12:30:21.826[0;39m [32m INFO[0;39m [35m7380[0;39m [2m---[0;39m [2m[  restartedMain][0;39m [36mtrationDelegate$BeanPostProcessorChecker[0;39m [2m:[0;39m Bean 'mica.async-net.dreamlu.mica.props.MicaAsyncProperties' of type [net.dreamlu.mica.props.MicaAsyncProperties] is not eligible for getting processed by all BeanPostProcessors (for example: not eligible for auto-proxying)
[2m2022-04-16 12:30:21.827[0;39m [32m INFO[0;39m [35m7380[0;39m [2m---[0;39m [2m[  restartedMain][0;39m [36mtrationDelegate$BeanPostProcessorChecker[0;39m [2m:[0;39m Bean 'net.dreamlu.mica.config.MicaExecutorConfiguration' of type [net.dreamlu.mica.config.MicaExecutorConfiguration$$EnhancerBySpringCGLIB$$1f5b48b5] is not eligible for getting processed by all BeanPostProcessors (for example: not eligible for auto-proxying)
[2m2022-04-16 12:30:21.877[0;39m [32m INFO[0;39m [35m7380[0;39m [2m---[0;39m [2m[  restartedMain][0;39m [36mtrationDelegate$BeanPostProcessorChecker[0;39m [2m:[0;39m Bean 'spring.datasource.dynamic-com.baomidou.dynamic.datasource.spring.boot.autoconfigure.DynamicDataSourceProperties' of type [com.baomidou.dynamic.datasource.spring.boot.autoconfigure.DynamicDataSourceProperties] is not eligible for getting processed by all BeanPostProcessors (for example: not eligible for auto-proxying)
[2m2022-04-16 12:30:22.094[0;39m [32m INFO[0;39m [35m7380[0;39m [2m---[0;39m [2m[  restartedMain][0;39m [36mtrationDelegate$BeanPostProcessorChecker[0;39m [2m:[0;39m Bean 'com.baomidou.dynamic.datasource.spring.boot.autoconfigure.DynamicDataSourceAutoConfiguration' of type [com.baomidou.dynamic.datasource.spring.boot.autoconfigure.DynamicDataSourceAutoConfiguration$$EnhancerBySpringCGLIB$$8f5ba9e3] is not eligible for getting processed by all BeanPostProcessors (for example: not eligible for auto-proxying)
[2m2022-04-16 12:30:22.101[0;39m [32m INFO[0;39m [35m7380[0;39m [2m---[0;39m [2m[  restartedMain][0;39m [36mtrationDelegate$BeanPostProcessorChecker[0;39m [2m:[0;39m Bean 'dsProcessor' of type [com.baomidou.dynamic.datasource.processor.DsHeaderProcessor] is not eligible for getting processed by all BeanPostProcessors (for example: not eligible for auto-proxying)
[2m2022-04-16 12:30:22.104[0;39m [32m INFO[0;39m [35m7380[0;39m [2m---[0;39m [2m[  restartedMain][0;39m [36mtrationDelegate$BeanPostProcessorChecker[0;39m [2m:[0;39m Bean 'dynamicDatasourceAnnotationAdvisor' of type [com.baomidou.dynamic.datasource.aop.DynamicDataSourceAnnotationAdvisor] is not eligible for getting processed by all BeanPostProcessors (for example: not eligible for auto-proxying)
[2m2022-04-16 12:30:22.689[0;39m [32m INFO[0;39m [35m7380[0;39m [2m---[0;39m [2m[  restartedMain][0;39m [36mo.s.b.w.embedded.tomcat.TomcatWebServer [0;39m [2m:[0;39m Tomcat initialized with port(s): 8083 (http)
[2m2022-04-16 12:30:22.697[0;39m [32m INFO[0;39m [35m7380[0;39m [2m---[0;39m [2m[  restartedMain][0;39m [36mo.a.coyote.http11.Http11NioProtocol     [0;39m [2m:[0;39m Initializing ProtocolHandler ["http-nio-8083"]
[2m2022-04-16 12:30:22.698[0;39m [32m INFO[0;39m [35m7380[0;39m [2m---[0;39m [2m[  restartedMain][0;39m [36mo.apache.catalina.core.StandardService  [0;39m [2m:[0;39m Starting service [Tomcat]
[2m2022-04-16 12:30:22.698[0;39m [32m INFO[0;39m [35m7380[0;39m [2m---[0;39m [2m[  restartedMain][0;39m [36morg.apache.catalina.core.StandardEngine [0;39m [2m:[0;39m Starting Servlet engine: [Apache Tomcat/9.0.33]
[2m2022-04-16 12:30:22.814[0;39m [32m INFO[0;39m [35m7380[0;39m [2m---[0;39m [2m[  restartedMain][0;39m [36mo.a.c.c.C.[Tomcat].[localhost].[/]      [0;39m [2m:[0;39m Initializing Spring embedded WebApplicationContext
[2m2022-04-16 12:30:22.814[0;39m [32m INFO[0;39m [35m7380[0;39m [2m---[0;39m [2m[  restartedMain][0;39m [36mo.s.web.context.ContextLoader           [0;39m [2m:[0;39m Root WebApplicationContext: initialization completed in 3459 ms
[2m2022-04-16 12:30:24.016[0;39m [32m INFO[0;39m [35m7380[0;39m [2m---[0;39m [2m[  restartedMain][0;39m [36mcom.zaxxer.hikari.HikariDataSource      [0;39m [2m:[0;39m master - Starting...
[2m2022-04-16 12:30:24.283[0;39m [32m INFO[0;39m [35m7380[0;39m [2m---[0;39m [2m[  restartedMain][0;39m [36mcom.zaxxer.hikari.HikariDataSource      [0;39m [2m:[0;39m master - Start completed.
[2m2022-04-16 12:30:24.284[0;39m [32m INFO[0;39m [35m7380[0;39m [2m---[0;39m [2m[  restartedMain][0;39m [36mc.b.d.d.DynamicRoutingDataSource        [0;39m [2m:[0;39m dynamic-datasource - load a datasource named [master] success
[2m2022-04-16 12:30:24.284[0;39m [32m INFO[0;39m [35m7380[0;39m [2m---[0;39m [2m[  restartedMain][0;39m [36mc.b.d.d.DynamicRoutingDataSource        [0;39m [2m:[0;39m dynamic-datasource initial loaded [1] datasource,primary datasource named [master]
[2m2022-04-16 12:30:25.561[0;39m [32m INFO[0;39m [35m7380[0;39m [2m---[0;39m [2m[  restartedMain][0;39m [36mc.n.c.sources.URLConfigurationSource    [0;39m [2m:[0;39m URLs to be used as dynamic configuration source: [file:/D:/Idea/projects/stock_learning/api_video/target/classes/config.properties]
[2m2022-04-16 12:30:25.568[0;39m [32m INFO[0;39m [35m7380[0;39m [2m---[0;39m [2m[  restartedMain][0;39m [36mc.n.c.sources.URLConfigurationSource    [0;39m [2m:[0;39m URLs to be used as dynamic configuration source: [file:/D:/Idea/projects/stock_learning/api_video/target/classes/config.properties]
[2m2022-04-16 12:30:25.824[0;39m [32m INFO[0;39m [35m7380[0;39m [2m---[0;39m [2m[  restartedMain][0;39m [36mo.s.s.concurrent.ThreadPoolTaskExecutor [0;39m [2m:[0;39m Initializing ExecutorService 'applicationTaskExecutor'
[2m2022-04-16 12:30:25.942[0;39m [32m INFO[0;39m [35m7380[0;39m [2m---[0;39m [2m[  restartedMain][0;39m [36md.m.s.v.MicaRequestMappingHandlerMapping[0;39m [2m:[0;39m Mapped "{POST /img/upload}" onto com.zhu.api_video.controller.ImgController#imgUpload(MultipartFile)
[2m2022-04-16 12:30:25.942[0;39m [32m INFO[0;39m [35m7380[0;39m [2m---[0;39m [2m[  restartedMain][0;39m [36md.m.s.v.MicaRequestMappingHandlerMapping[0;39m [2m:[0;39m Mapped "{GET /video/listVideoByCourse/{courseId}}" onto com.zhu.api_video.controller.VideoController#listVideoByCourse(Integer)
[2m2022-04-16 12:30:25.942[0;39m [32m INFO[0;39m [35m7380[0;39m [2m---[0;39m [2m[  restartedMain][0;39m [36md.m.s.v.MicaRequestMappingHandlerMapping[0;39m [2m:[0;39m Mapped "{POST /video/upload}" onto com.zhu.api_video.controller.VideoController#videoUpload(MultipartFile, String, Integer)
[2m2022-04-16 12:30:25.942[0;39m [32m INFO[0;39m [35m7380[0;39m [2m---[0;39m [2m[  restartedMain][0;39m [36md.m.s.v.MicaRequestMappingHandlerMapping[0;39m [2m:[0;39m Mapped "{POST /video/uploads}" onto com.zhu.api_video.controller.VideoController#videosUpload(MultipartFile[])
[2m2022-04-16 12:30:25.943[0;39m [32m INFO[0;39m [35m7380[0;39m [2m---[0;39m [2m[  restartedMain][0;39m [36md.m.s.v.MicaRequestMappingHandlerMapping[0;39m [2m:[0;39m Mapped "{DELETE /video/delete/{id}}" onto com.zhu.api_video.controller.VideoController#videoDelete(Integer)
[2m2022-04-16 12:30:25.943[0;39m [32m INFO[0;39m [35m7380[0;39m [2m---[0;39m [2m[  restartedMain][0;39m [36md.m.s.v.MicaRequestMappingHandlerMapping[0;39m [2m:[0;39m Mapped "{ /error, produces [text/html]}" onto net.dreamlu.mica.servlet.error.MicaErrorController#errorHtml(HttpServletRequest, HttpServletResponse)
[2m2022-04-16 12:30:25.943[0;39m [32m INFO[0;39m [35m7380[0;39m [2m---[0;39m [2m[  restartedMain][0;39m [36md.m.s.v.MicaRequestMappingHandlerMapping[0;39m [2m:[0;39m Mapped "{ /error}" onto net.dreamlu.mica.servlet.error.MicaErrorController#error(HttpServletRequest)
[2m2022-04-16 12:30:26.037[0;39m [32m INFO[0;39m [35m7380[0;39m [2m---[0;39m [2m[  restartedMain][0;39m [36mo.s.s.c.ThreadPoolTaskScheduler         [0;39m [2m:[0;39m Initializing ExecutorService 'taskScheduler'
[2m2022-04-16 12:30:26.405[0;39m [32m INFO[0;39m [35m7380[0;39m [2m---[0;39m [2m[  restartedMain][0;39m [36mo.s.b.d.a.OptionalLiveReloadServer      [0;39m [2m:[0;39m LiveReload server is running on port 35729
[2m2022-04-16 12:30:27.396[0;39m [32m INFO[0;39m [35m7380[0;39m [2m---[0;39m [2m[  restartedMain][0;39m [36mo.s.b.a.e.web.EndpointLinksResolver     [0;39m [2m:[0;39m Exposing 2 endpoint(s) beneath base path '/actuator'
[2m2022-04-16 12:30:36.185[0;39m [32m INFO[0;39m [35m7380[0;39m [2m---[0;39m [2m[  restartedMain][0;39m [36mo.a.coyote.http11.Http11NioProtocol     [0;39m [2m:[0;39m Starting ProtocolHandler ["http-nio-8083"]
[2m2022-04-16 12:30:36.216[0;39m [32m INFO[0;39m [35m7380[0;39m [2m---[0;39m [2m[  restartedMain][0;39m [36mo.s.b.w.embedded.tomcat.TomcatWebServer [0;39m [2m:[0;39m Tomcat started on port(s): 8083 (http) with context path ''
[2m2022-04-16 12:30:44.264[0;39m [31mERROR[0;39m [35m7380[0;39m [2m---[0;39m [2m[  restartedMain][0;39m [36mc.a.c.n.registry.NacosServiceRegistry   [0;39m [2m:[0;39m nacos registry, api-video register failed...NacosRegistration{nacosDiscoveryProperties=NacosDiscoveryProperties{serverAddr='192.168.233.151:8848,192.168.233.152:8848,192.168.233.153:8848', endpoint='', namespace='', watchDelay=30000, logName='', service='api-video', weight=1.0, clusterName='DEFAULT', group='DEFAULT_GROUP', namingLoadCacheAtStart='false', metadata={preserved.register.source=SPRING_CLOUD}, registerEnabled=true, ip='169.254.131.94', networkInterface='', port=8083, secure=false, accessKey='', secretKey='', heartBeatInterval=null, heartBeatTimeout=null, ipDeleteTimeout=null}},

com.alibaba.nacos.api.exception.NacosException: failed to req API:/nacos/v1/ns/instance after all servers([192.168.233.151:8848, 192.168.233.152:8848, 192.168.233.153:8848]) tried: java.net.ConnectException: Connection refused: connect
	at com.alibaba.nacos.client.naming.net.NamingProxy.reqApi(NamingProxy.java:556) ~[nacos-client-1.4.1.jar:na]
	at com.alibaba.nacos.client.naming.net.NamingProxy.reqApi(NamingProxy.java:498) ~[nacos-client-1.4.1.jar:na]
	at com.alibaba.nacos.client.naming.net.NamingProxy.reqApi(NamingProxy.java:493) ~[nacos-client-1.4.1.jar:na]
	at com.alibaba.nacos.client.naming.net.NamingProxy.registerService(NamingProxy.java:246) ~[nacos-client-1.4.1.jar:na]
	at com.alibaba.nacos.client.naming.NacosNamingService.registerInstance(NacosNamingService.java:212) ~[nacos-client-1.4.1.jar:na]
	at com.alibaba.cloud.nacos.registry.NacosServiceRegistry.register(NacosServiceRegistry.java:74) ~[spring-cloud-starter-alibaba-nacos-discovery-2.2.5.RELEASE.jar:2.2.5.RELEASE]
	at org.springframework.cloud.client.serviceregistry.AbstractAutoServiceRegistration.register(AbstractAutoServiceRegistration.java:239) [spring-cloud-commons-2.2.2.RELEASE.jar:2.2.2.RELEASE]
	at com.alibaba.cloud.nacos.registry.NacosAutoServiceRegistration.register(NacosAutoServiceRegistration.java:78) [spring-cloud-starter-alibaba-nacos-discovery-2.2.5.RELEASE.jar:2.2.5.RELEASE]
	at org.springframework.cloud.client.serviceregistry.AbstractAutoServiceRegistration.start(AbstractAutoServiceRegistration.java:138) [spring-cloud-commons-2.2.2.RELEASE.jar:2.2.2.RELEASE]
	at org.springframework.cloud.client.serviceregistry.AbstractAutoServiceRegistration.bind(AbstractAutoServiceRegistration.java:101) [spring-cloud-commons-2.2.2.RELEASE.jar:2.2.2.RELEASE]
	at org.springframework.cloud.client.serviceregistry.AbstractAutoServiceRegistration.onApplicationEvent(AbstractAutoServiceRegistration.java:88) [spring-cloud-commons-2.2.2.RELEASE.jar:2.2.2.RELEASE]
	at org.springframework.cloud.client.serviceregistry.AbstractAutoServiceRegistration.onApplicationEvent(AbstractAutoServiceRegistration.java:47) [spring-cloud-commons-2.2.2.RELEASE.jar:2.2.2.RELEASE]
	at org.springframework.context.event.SimpleApplicationEventMulticaster.doInvokeListener(SimpleApplicationEventMulticaster.java:172) [spring-context-5.2.5.RELEASE.jar:5.2.5.RELEASE]
	at org.springframework.context.event.SimpleApplicationEventMulticaster.invokeListener(SimpleApplicationEventMulticaster.java:165) [spring-context-5.2.5.RELEASE.jar:5.2.5.RELEASE]
	at org.springframework.context.event.SimpleApplicationEventMulticaster.multicastEvent(SimpleApplicationEventMulticaster.java:139) [spring-context-5.2.5.RELEASE.jar:5.2.5.RELEASE]
	at org.springframework.context.support.AbstractApplicationContext.publishEvent(AbstractApplicationContext.java:403) [spring-context-5.2.5.RELEASE.jar:5.2.5.RELEASE]
	at org.springframework.context.support.AbstractApplicationContext.publishEvent(AbstractApplicationContext.java:360) [spring-context-5.2.5.RELEASE.jar:5.2.5.RELEASE]
	at org.springframework.boot.web.servlet.context.ServletWebServerApplicationContext.finishRefresh(ServletWebServerApplicationContext.java:165) [spring-boot-2.2.6.RELEASE.jar:2.2.6.RELEASE]
	at org.springframework.context.support.AbstractApplicationContext.refresh(AbstractApplicationContext.java:553) [spring-context-5.2.5.RELEASE.jar:5.2.5.RELEASE]
	at org.springframework.boot.web.servlet.context.ServletWebServerApplicationContext.refresh(ServletWebServerApplicationContext.java:141) [spring-boot-2.2.6.RELEASE.jar:2.2.6.RELEASE]
	at org.springframework.boot.SpringApplication.refresh(SpringApplication.java:747) [spring-boot-2.2.6.RELEASE.jar:2.2.6.RELEASE]
	at org.springframework.boot.SpringApplication.refreshContext(SpringApplication.java:397) [spring-boot-2.2.6.RELEASE.jar:2.2.6.RELEASE]
	at org.springframework.boot.SpringApplication.run(SpringApplication.java:315) [spring-boot-2.2.6.RELEASE.jar:2.2.6.RELEASE]
	at org.springframework.boot.SpringApplication.run(SpringApplication.java:1226) [spring-boot-2.2.6.RELEASE.jar:2.2.6.RELEASE]
	at org.springframework.boot.SpringApplication.run(SpringApplication.java:1215) [spring-boot-2.2.6.RELEASE.jar:2.2.6.RELEASE]
	at com.zhu.api_video.ApiVideoApplication.main(ApiVideoApplication.java:12) [classes/:na]
	at sun.reflect.NativeMethodAccessorImpl.invoke0(Native Method) ~[na:1.8.0_181]
	at sun.reflect.NativeMethodAccessorImpl.invoke(NativeMethodAccessorImpl.java:62) ~[na:1.8.0_181]
	at sun.reflect.DelegatingMethodAccessorImpl.invoke(DelegatingMethodAccessorImpl.java:43) ~[na:1.8.0_181]
	at java.lang.reflect.Method.invoke(Method.java:498) ~[na:1.8.0_181]
	at org.springframework.boot.devtools.restart.RestartLauncher.run(RestartLauncher.java:49) [spring-boot-devtools-2.2.6.RELEASE.jar:2.2.6.RELEASE]

[2m2022-04-16 12:30:44.266[0;39m [32m INFO[0;39m [35m7380[0;39m [2m---[0;39m [2m[  restartedMain][0;39m [36mo.a.coyote.http11.Http11NioProtocol     [0;39m [2m:[0;39m Pausing ProtocolHandler ["http-nio-8083"]
[2m2022-04-16 12:30:44.983[0;39m [32m INFO[0;39m [35m7380[0;39m [2m---[0;39m [2m[  restartedMain][0;39m [36mo.apache.catalina.core.StandardService  [0;39m [2m:[0;39m Stopping service [Tomcat]
[2m2022-04-16 12:30:44.986[0;39m [33m WARN[0;39m [35m7380[0;39m [2m---[0;39m [2m[  restartedMain][0;39m [36mo.a.c.loader.WebappClassLoaderBase      [0;39m [2m:[0;39m The web application [ROOT] appears to have started a thread named [spring.cloud.inetutils] but has failed to stop it. This is very likely to create a memory leak. Stack trace of thread:
 sun.misc.Unsafe.park(Native Method)
 java.util.concurrent.locks.LockSupport.park(LockSupport.java:175)
 java.util.concurrent.locks.AbstractQueuedSynchronizer$ConditionObject.await(AbstractQueuedSynchronizer.java:2039)
 java.util.concurrent.LinkedBlockingQueue.take(LinkedBlockingQueue.java:442)
 java.util.concurrent.ThreadPoolExecutor.getTask(ThreadPoolExecutor.java:1074)
 java.util.concurrent.ThreadPoolExecutor.runWorker(ThreadPoolExecutor.java:1134)
 java.util.concurrent.ThreadPoolExecutor$Worker.run(ThreadPoolExecutor.java:624)
 java.lang.Thread.run(Thread.java:748)
[2m2022-04-16 12:30:44.987[0;39m [33m WARN[0;39m [35m7380[0;39m [2m---[0;39m [2m[  restartedMain][0;39m [36mo.a.c.loader.WebappClassLoaderBase      [0;39m [2m:[0;39m The web application [ROOT] appears to have started a thread named [logback-1] but has failed to stop it. This is very likely to create a memory leak. Stack trace of thread:
 sun.misc.Unsafe.park(Native Method)
 java.util.concurrent.locks.LockSupport.parkNanos(LockSupport.java:215)
 java.util.concurrent.locks.AbstractQueuedSynchronizer$ConditionObject.awaitNanos(AbstractQueuedSynchronizer.java:2078)
 java.util.concurrent.ScheduledThreadPoolExecutor$DelayedWorkQueue.take(ScheduledThreadPoolExecutor.java:1093)
 java.util.concurrent.ScheduledThreadPoolExecutor$DelayedWorkQueue.take(ScheduledThreadPoolExecutor.java:809)
 java.util.concurrent.ThreadPoolExecutor.getTask(ThreadPoolExecutor.java:1074)
 java.util.concurrent.ThreadPoolExecutor.runWorker(ThreadPoolExecutor.java:1134)
 java.util.concurrent.ThreadPoolExecutor$Worker.run(ThreadPoolExecutor.java:624)
 java.lang.Thread.run(Thread.java:748)
[2m2022-04-16 12:30:44.988[0;39m [33m WARN[0;39m [35m7380[0;39m [2m---[0;39m [2m[  restartedMain][0;39m [36mo.a.c.loader.WebappClassLoaderBase      [0;39m [2m:[0;39m The web application [ROOT] appears to have started a thread named [com.alibaba.nacos.client.naming.updater] but has failed to stop it. This is very likely to create a memory leak. Stack trace of thread:
 sun.misc.Unsafe.park(Native Method)
 java.util.concurrent.locks.LockSupport.park(LockSupport.java:175)
 java.util.concurrent.locks.AbstractQueuedSynchronizer$ConditionObject.await(AbstractQueuedSynchronizer.java:2039)
 java.util.concurrent.ScheduledThreadPoolExecutor$DelayedWorkQueue.take(ScheduledThreadPoolExecutor.java:1088)
 java.util.concurrent.ScheduledThreadPoolExecutor$DelayedWorkQueue.take(ScheduledThreadPoolExecutor.java:809)
 java.util.concurrent.ThreadPoolExecutor.getTask(ThreadPoolExecutor.java:1074)
 java.util.concurrent.ThreadPoolExecutor.runWorker(ThreadPoolExecutor.java:1134)
 java.util.concurrent.ThreadPoolExecutor$Worker.run(ThreadPoolExecutor.java:624)
 java.lang.Thread.run(Thread.java:748)
[2m2022-04-16 12:30:44.988[0;39m [33m WARN[0;39m [35m7380[0;39m [2m---[0;39m [2m[  restartedMain][0;39m [36mo.a.c.loader.WebappClassLoaderBase      [0;39m [2m:[0;39m The web application [ROOT] appears to have started a thread named [com.alibaba.nacos.client.naming.updater] but has failed to stop it. This is very likely to create a memory leak. Stack trace of thread:
 sun.misc.Unsafe.park(Native Method)
 java.util.concurrent.locks.LockSupport.parkNanos(LockSupport.java:215)
 java.util.concurrent.locks.AbstractQueuedSynchronizer$ConditionObject.awaitNanos(AbstractQueuedSynchronizer.java:2078)
 java.util.concurrent.ScheduledThreadPoolExecutor$DelayedWorkQueue.take(ScheduledThreadPoolExecutor.java:1093)
 java.util.concurrent.ScheduledThreadPoolExecutor$DelayedWorkQueue.take(ScheduledThreadPoolExecutor.java:809)
 java.util.concurrent.ThreadPoolExecutor.getTask(ThreadPoolExecutor.java:1074)
 java.util.concurrent.ThreadPoolExecutor.runWorker(ThreadPoolExecutor.java:1134)
 java.util.concurrent.ThreadPoolExecutor$Worker.run(ThreadPoolExecutor.java:624)
 java.lang.Thread.run(Thread.java:748)
[2m2022-04-16 12:30:44.989[0;39m [33m WARN[0;39m [35m7380[0;39m [2m---[0;39m [2m[  restartedMain][0;39m [36mo.a.c.loader.WebappClassLoaderBase      [0;39m [2m:[0;39m The web application [ROOT] appears to have started a thread named [com.alibaba.nacos.naming.failover] but has failed to stop it. This is very likely to create a memory leak. Stack trace of thread:
 sun.misc.Unsafe.park(Native Method)
 java.util.concurrent.locks.LockSupport.parkNanos(LockSupport.java:215)
 java.util.concurrent.locks.AbstractQueuedSynchronizer$ConditionObject.awaitNanos(AbstractQueuedSynchronizer.java:2078)
 java.util.concurrent.ScheduledThreadPoolExecutor$DelayedWorkQueue.take(ScheduledThreadPoolExecutor.java:1093)
 java.util.concurrent.ScheduledThreadPoolExecutor$DelayedWorkQueue.take(ScheduledThreadPoolExecutor.java:809)
 java.util.concurrent.ThreadPoolExecutor.getTask(ThreadPoolExecutor.java:1074)
 java.util.concurrent.ThreadPoolExecutor.runWorker(ThreadPoolExecutor.java:1134)
 java.util.concurrent.ThreadPoolExecutor$Worker.run(ThreadPoolExecutor.java:624)
 java.lang.Thread.run(Thread.java:748)
[2m2022-04-16 12:30:44.989[0;39m [33m WARN[0;39m [35m7380[0;39m [2m---[0;39m [2m[  restartedMain][0;39m [36mo.a.c.loader.WebappClassLoaderBase      [0;39m [2m:[0;39m The web application [ROOT] appears to have started a thread named [com.alibaba.nacos.naming.push.receiver] but has failed to stop it. This is very likely to create a memory leak. Stack trace of thread:
 java.net.DualStackPlainDatagramSocketImpl.socketReceiveOrPeekData(Native Method)
 java.net.DualStackPlainDatagramSocketImpl.receive0(DualStackPlainDatagramSocketImpl.java:124)
 java.net.AbstractPlainDatagramSocketImpl.receive(AbstractPlainDatagramSocketImpl.java:143)
 java.net.DatagramSocket.receive(DatagramSocket.java:812)
 com.alibaba.nacos.client.naming.core.PushReceiver.run(PushReceiver.java:83)
 java.util.concurrent.Executors$RunnableAdapter.call(Executors.java:511)
 java.util.concurrent.FutureTask.run(FutureTask.java:266)
 java.util.concurrent.ScheduledThreadPoolExecutor$ScheduledFutureTask.access$201(ScheduledThreadPoolExecutor.java:180)
 java.util.concurrent.ScheduledThreadPoolExecutor$ScheduledFutureTask.run(ScheduledThreadPoolExecutor.java:293)
 java.util.concurrent.ThreadPoolExecutor.runWorker(ThreadPoolExecutor.java:1149)
 java.util.concurrent.ThreadPoolExecutor$Worker.run(ThreadPoolExecutor.java:624)
 java.lang.Thread.run(Thread.java:748)
[2m2022-04-16 12:30:44.990[0;39m [33m WARN[0;39m [35m7380[0;39m [2m---[0;39m [2m[  restartedMain][0;39m [36mo.a.c.loader.WebappClassLoaderBase      [0;39m [2m:[0;39m The web application [ROOT] appears to have started a thread named [nacos.publisher-com.alibaba.nacos.common.notify.SlowEvent] but has failed to stop it. This is very likely to create a memory leak. Stack trace of thread:
 java.lang.Thread.sleep(Native Method)
 com.alibaba.nacos.common.utils.ThreadUtils.sleep(ThreadUtils.java:52)
 com.alibaba.nacos.common.notify.DefaultPublisher.openEventHandler(DefaultPublisher.java:108)
 com.alibaba.nacos.common.notify.DefaultPublisher.run(DefaultPublisher.java:94)
[2m2022-04-16 12:30:44.991[0;39m [33m WARN[0;39m [35m7380[0;39m [2m---[0;39m [2m[  restartedMain][0;39m [36mo.a.c.loader.WebappClassLoaderBase      [0;39m [2m:[0;39m The web application [ROOT] appears to have started a thread named [nacos.publisher-com.alibaba.nacos.client.naming.event.InstancesChangeEvent] but has failed to stop it. This is very likely to create a memory leak. Stack trace of thread:
 sun.misc.Unsafe.park(Native Method)
 java.util.concurrent.locks.LockSupport.park(LockSupport.java:175)
 java.util.concurrent.locks.AbstractQueuedSynchronizer$ConditionObject.await(AbstractQueuedSynchronizer.java:2039)
 java.util.concurrent.ArrayBlockingQueue.take(ArrayBlockingQueue.java:403)
 com.alibaba.nacos.common.notify.DefaultPublisher.openEventHandler(DefaultPublisher.java:116)
 com.alibaba.nacos.common.notify.DefaultPublisher.run(DefaultPublisher.java:94)
[2m2022-04-16 12:30:44.991[0;39m [33m WARN[0;39m [35m7380[0;39m [2m---[0;39m [2m[  restartedMain][0;39m [36mo.a.c.loader.WebappClassLoaderBase      [0;39m [2m:[0;39m The web application [ROOT] appears to have started a thread named [master housekeeper] but has failed to stop it. This is very likely to create a memory leak. Stack trace of thread:
 sun.misc.Unsafe.park(Native Method)
 java.util.concurrent.locks.LockSupport.parkNanos(LockSupport.java:215)
 java.util.concurrent.locks.AbstractQueuedSynchronizer$ConditionObject.awaitNanos(AbstractQueuedSynchronizer.java:2078)
 java.util.concurrent.ScheduledThreadPoolExecutor$DelayedWorkQueue.take(ScheduledThreadPoolExecutor.java:1093)
 java.util.concurrent.ScheduledThreadPoolExecutor$DelayedWorkQueue.take(ScheduledThreadPoolExecutor.java:809)
 java.util.concurrent.ThreadPoolExecutor.getTask(ThreadPoolExecutor.java:1074)
 java.util.concurrent.ThreadPoolExecutor.runWorker(ThreadPoolExecutor.java:1134)
 java.util.concurrent.ThreadPoolExecutor$Worker.run(ThreadPoolExecutor.java:624)
 java.lang.Thread.run(Thread.java:748)
[2m2022-04-16 12:30:44.992[0;39m [32m INFO[0;39m [35m7380[0;39m [2m---[0;39m [2m[  restartedMain][0;39m [36mo.a.coyote.http11.Http11NioProtocol     [0;39m [2m:[0;39m Stopping ProtocolHandler ["http-nio-8083"]
[2m2022-04-16 12:30:44.996[0;39m [32m INFO[0;39m [35m7380[0;39m [2m---[0;39m [2m[  restartedMain][0;39m [36mo.a.coyote.http11.Http11NioProtocol     [0;39m [2m:[0;39m Destroying ProtocolHandler ["http-nio-8083"]
[2m2022-04-16 12:30:44.999[0;39m [32m INFO[0;39m [35m7380[0;39m [2m---[0;39m [2m[  restartedMain][0;39m [36mConditionEvaluationReportLoggingListener[0;39m [2m:[0;39m 

Error starting ApplicationContext. To display the conditions report re-run your application with 'debug' enabled.
[2m2022-04-16 12:30:45.000[0;39m [32m INFO[0;39m [35m7380[0;39m [2m---[0;39m [2m[  restartedMain][0;39m [36mo.s.s.c.ThreadPoolTaskScheduler         [0;39m [2m:[0;39m Shutting down ExecutorService 'taskScheduler'
[2m2022-04-16 12:30:45.001[0;39m [33m WARN[0;39m [35m7380[0;39m [2m---[0;39m [2m[  restartedMain][0;39m [36mo.s.b.f.support.DisposableBeanAdapter   [0;39m [2m:[0;39m Invocation of destroy method failed on bean with name 'tomcatMetricsBinder': java.lang.NullPointerException
[2m2022-04-16 12:30:45.003[0;39m [32m INFO[0;39m [35m7380[0;39m [2m---[0;39m [2m[  restartedMain][0;39m [36mo.s.s.c.ThreadPoolTaskScheduler         [0;39m [2m:[0;39m Shutting down ExecutorService 'taskScheduler'
[2m2022-04-16 12:30:45.003[0;39m [32m INFO[0;39m [35m7380[0;39m [2m---[0;39m [2m[  restartedMain][0;39m [36mo.s.s.concurrent.ThreadPoolTaskExecutor [0;39m [2m:[0;39m Shutting down ExecutorService 'applicationTaskExecutor'
[2m2022-04-16 12:30:45.571[0;39m [32m INFO[0;39m [35m11620[0;39m [2m---[0;39m [2m[  restartedMain][0;39m [36mcom.zhu.api_course.ApiCourseApplication [0;39m [2m:[0;39m The following profiles are active: dev,db
[2m2022-04-16 12:30:46.299[0;39m [33m WARN[0;39m [35m11620[0;39m [2m---[0;39m [2m[  restartedMain][0;39m [36mo.s.boot.actuate.endpoint.EndpointId    [0;39m [2m:[0;39m Endpoint ID 'service-registry' contains invalid characters, please migrate to a valid format.
[2m2022-04-16 12:30:46.418[0;39m [32m INFO[0;39m [35m11620[0;39m [2m---[0;39m [2m[  restartedMain][0;39m [36mo.s.cloud.context.scope.GenericScope    [0;39m [2m:[0;39m BeanFactory id=03ee681d-ef44-36e1-884b-e89eaec835e7
[2m2022-04-16 12:30:46.490[0;39m [32m INFO[0;39m [35m11620[0;39m [2m---[0;39m [2m[  restartedMain][0;39m [36mtrationDelegate$BeanPostProcessorChecker[0;39m [2m:[0;39m Bean 'com.zhu.api_course.feign.UserService' of type [org.springframework.cloud.openfeign.FeignClientFactoryBean] is not eligible for getting processed by all BeanPostProcessors (for example: not eligible for auto-proxying)
[2m2022-04-16 12:30:46.490[0;39m [32m INFO[0;39m [35m11620[0;39m [2m---[0;39m [2m[  restartedMain][0;39m [36mtrationDelegate$BeanPostProcessorChecker[0;39m [2m:[0;39m Bean 'com.zhu.api_course.feign.VideoService' of type [org.springframework.cloud.openfeign.FeignClientFactoryBean] is not eligible for getting processed by all BeanPostProcessors (for example: not eligible for auto-proxying)
[2m2022-04-16 12:30:46.510[0;39m [32m INFO[0;39m [35m11620[0;39m [2m---[0;39m [2m[  restartedMain][0;39m [36mtrationDelegate$BeanPostProcessorChecker[0;39m [2m:[0;39m Bean 'mica.async-net.dreamlu.mica.props.MicaAsyncProperties' of type [net.dreamlu.mica.props.MicaAsyncProperties] is not eligible for getting processed by all BeanPostProcessors (for example: not eligible for auto-proxying)
[2m2022-04-16 12:30:46.512[0;39m [32m INFO[0;39m [35m11620[0;39m [2m---[0;39m [2m[  restartedMain][0;39m [36mtrationDelegate$BeanPostProcessorChecker[0;39m [2m:[0;39m Bean 'net.dreamlu.mica.config.MicaExecutorConfiguration' of type [net.dreamlu.mica.config.MicaExecutorConfiguration$$EnhancerBySpringCGLIB$$c0612c59] is not eligible for getting processed by all BeanPostProcessors (for example: not eligible for auto-proxying)
[2m2022-04-16 12:30:46.555[0;39m [32m INFO[0;39m [35m11620[0;39m [2m---[0;39m [2m[  restartedMain][0;39m [36mtrationDelegate$BeanPostProcessorChecker[0;39m [2m:[0;39m Bean 'spring.datasource.dynamic-com.baomidou.dynamic.datasource.spring.boot.autoconfigure.DynamicDataSourceProperties' of type [com.baomidou.dynamic.datasource.spring.boot.autoconfigure.DynamicDataSourceProperties] is not eligible for getting processed by all BeanPostProcessors (for example: not eligible for auto-proxying)
[2m2022-04-16 12:30:46.628[0;39m [32m INFO[0;39m [35m11620[0;39m [2m---[0;39m [2m[  restartedMain][0;39m [36mtrationDelegate$BeanPostProcessorChecker[0;39m [2m:[0;39m Bean 'com.baomidou.dynamic.datasource.spring.boot.autoconfigure.DynamicDataSourceAutoConfiguration' of type [com.baomidou.dynamic.datasource.spring.boot.autoconfigure.DynamicDataSourceAutoConfiguration$$EnhancerBySpringCGLIB$$30618d87] is not eligible for getting processed by all BeanPostProcessors (for example: not eligible for auto-proxying)
[2m2022-04-16 12:30:46.634[0;39m [32m INFO[0;39m [35m11620[0;39m [2m---[0;39m [2m[  restartedMain][0;39m [36mtrationDelegate$BeanPostProcessorChecker[0;39m [2m:[0;39m Bean 'dsProcessor' of type [com.baomidou.dynamic.datasource.processor.DsHeaderProcessor] is not eligible for getting processed by all BeanPostProcessors (for example: not eligible for auto-proxying)
[2m2022-04-16 12:30:46.637[0;39m [32m INFO[0;39m [35m11620[0;39m [2m---[0;39m [2m[  restartedMain][0;39m [36mtrationDelegate$BeanPostProcessorChecker[0;39m [2m:[0;39m Bean 'dynamicDatasourceAnnotationAdvisor' of type [com.baomidou.dynamic.datasource.aop.DynamicDataSourceAnnotationAdvisor] is not eligible for getting processed by all BeanPostProcessors (for example: not eligible for auto-proxying)
[2m2022-04-16 12:30:47.161[0;39m [32m INFO[0;39m [35m11620[0;39m [2m---[0;39m [2m[  restartedMain][0;39m [36mo.s.b.w.embedded.tomcat.TomcatWebServer [0;39m [2m:[0;39m Tomcat initialized with port(s): 8084 (http)
[2m2022-04-16 12:30:47.168[0;39m [32m INFO[0;39m [35m11620[0;39m [2m---[0;39m [2m[  restartedMain][0;39m [36mo.a.coyote.http11.Http11NioProtocol     [0;39m [2m:[0;39m Initializing ProtocolHandler ["http-nio-8084"]
[2m2022-04-16 12:30:47.169[0;39m [32m INFO[0;39m [35m11620[0;39m [2m---[0;39m [2m[  restartedMain][0;39m [36mo.apache.catalina.core.StandardService  [0;39m [2m:[0;39m Starting service [Tomcat]
[2m2022-04-16 12:30:47.169[0;39m [32m INFO[0;39m [35m11620[0;39m [2m---[0;39m [2m[  restartedMain][0;39m [36morg.apache.catalina.core.StandardEngine [0;39m [2m:[0;39m Starting Servlet engine: [Apache Tomcat/9.0.33]
[2m2022-04-16 12:30:47.275[0;39m [32m INFO[0;39m [35m11620[0;39m [2m---[0;39m [2m[  restartedMain][0;39m [36mo.a.c.c.C.[Tomcat].[localhost].[/]      [0;39m [2m:[0;39m Initializing Spring embedded WebApplicationContext
[2m2022-04-16 12:30:47.276[0;39m [32m INFO[0;39m [35m11620[0;39m [2m---[0;39m [2m[  restartedMain][0;39m [36mo.s.web.context.ContextLoader           [0;39m [2m:[0;39m Root WebApplicationContext: initialization completed in 1678 ms
[2m2022-04-16 12:30:48.562[0;39m [32m INFO[0;39m [35m11620[0;39m [2m---[0;39m [2m[  restartedMain][0;39m [36mcom.zaxxer.hikari.HikariDataSource      [0;39m [2m:[0;39m master - Starting...
[2m2022-04-16 12:30:48.659[0;39m [32m INFO[0;39m [35m11620[0;39m [2m---[0;39m [2m[  restartedMain][0;39m [36mcom.zaxxer.hikari.HikariDataSource      [0;39m [2m:[0;39m master - Start completed.
[2m2022-04-16 12:30:48.660[0;39m [32m INFO[0;39m [35m11620[0;39m [2m---[0;39m [2m[  restartedMain][0;39m [36mc.b.d.d.DynamicRoutingDataSource        [0;39m [2m:[0;39m dynamic-datasource - load a datasource named [master] success
[2m2022-04-16 12:30:48.660[0;39m [32m INFO[0;39m [35m11620[0;39m [2m---[0;39m [2m[  restartedMain][0;39m [36mc.b.d.d.DynamicRoutingDataSource        [0;39m [2m:[0;39m dynamic-datasource initial loaded [1] datasource,primary datasource named [master]
[2m2022-04-16 12:30:49.938[0;39m [33m WARN[0;39m [35m11620[0;39m [2m---[0;39m [2m[  restartedMain][0;39m [36mo.s.b.d.a.OptionalLiveReloadServer      [0;39m [2m:[0;39m Unable to start LiveReload server
[2m2022-04-16 12:30:50.077[0;39m [32m INFO[0;39m [35m11620[0;39m [2m---[0;39m [2m[  restartedMain][0;39m [36mc.n.c.sources.URLConfigurationSource    [0;39m [2m:[0;39m URLs to be used as dynamic configuration source: [file:/D:/Idea/projects/stock_learning/api_course/target/classes/config.properties]
[2m2022-04-16 12:30:50.083[0;39m [32m INFO[0;39m [35m11620[0;39m [2m---[0;39m [2m[  restartedMain][0;39m [36mc.n.c.sources.URLConfigurationSource    [0;39m [2m:[0;39m URLs to be used as dynamic configuration source: [file:/D:/Idea/projects/stock_learning/api_course/target/classes/config.properties]
[2m2022-04-16 12:30:50.195[0;39m [32m INFO[0;39m [35m11620[0;39m [2m---[0;39m [2m[  restartedMain][0;39m [36mo.s.s.concurrent.ThreadPoolTaskExecutor [0;39m [2m:[0;39m Initializing ExecutorService 'applicationTaskExecutor'
[2m2022-04-16 12:30:50.258[0;39m [32m INFO[0;39m [35m11620[0;39m [2m---[0;39m [2m[  restartedMain][0;39m [36md.m.s.v.MicaRequestMappingHandlerMapping[0;39m [2m:[0;39m Mapped "{GET /course/listAll}" onto com.zhu.api_course.controller.CourseController#listAll()
[2m2022-04-16 12:30:50.258[0;39m [32m INFO[0;39m [35m11620[0;39m [2m---[0;39m [2m[  restartedMain][0;39m [36md.m.s.v.MicaRequestMappingHandlerMapping[0;39m [2m:[0;39m Mapped "{GET /course/listWithVideo}" onto com.zhu.api_course.controller.CourseController#listWithVideo()
[2m2022-04-16 12:30:50.258[0;39m [32m INFO[0;39m [35m11620[0;39m [2m---[0;39m [2m[  restartedMain][0;39m [36md.m.s.v.MicaRequestMappingHandlerMapping[0;39m [2m:[0;39m Mapped "{DELETE /course/deleteCourse/{id}}" onto com.zhu.api_course.controller.CourseController#deleteCourse(Integer)
[2m2022-04-16 12:30:50.259[0;39m [32m INFO[0;39m [35m11620[0;39m [2m---[0;39m [2m[  restartedMain][0;39m [36md.m.s.v.MicaRequestMappingHandlerMapping[0;39m [2m:[0;39m Mapped "{GET /course/getOneWithVideo/{courseId}}" onto com.zhu.api_course.controller.CourseController#getOneWithVideo(Integer)
[2m2022-04-16 12:30:50.259[0;39m [32m INFO[0;39m [35m11620[0;39m [2m---[0;39m [2m[  restartedMain][0;39m [36md.m.s.v.MicaRequestMappingHandlerMapping[0;39m [2m:[0;39m Mapped "{PUT /course/insertCourse}" onto com.zhu.api_course.controller.CourseController#insertCourse(Course, MultipartFile)
[2m2022-04-16 12:30:50.259[0;39m [32m INFO[0;39m [35m11620[0;39m [2m---[0;39m [2m[  restartedMain][0;39m [36md.m.s.v.MicaRequestMappingHandlerMapping[0;39m [2m:[0;39m Mapped "{PUT /course/buy}" onto com.zhu.api_course.controller.CourseController#addCourseToOrder(Integer, Integer)
[2m2022-04-16 12:30:50.259[0;39m [32m INFO[0;39m [35m11620[0;39m [2m---[0;39m [2m[  restartedMain][0;39m [36md.m.s.v.MicaRequestMappingHandlerMapping[0;39m [2m:[0;39m Mapped "{GET /course/listByUser/{userId}}" onto com.zhu.api_course.controller.CourseController#listByUser(Integer)
[2m2022-04-16 12:30:50.260[0;39m [32m INFO[0;39m [35m11620[0;39m [2m---[0;39m [2m[  restartedMain][0;39m [36md.m.s.v.MicaRequestMappingHandlerMapping[0;39m [2m:[0;39m Mapped "{ /error, produces [text/html]}" onto net.dreamlu.mica.servlet.error.MicaErrorController#errorHtml(HttpServletRequest, HttpServletResponse)
[2m2022-04-16 12:30:50.260[0;39m [32m INFO[0;39m [35m11620[0;39m [2m---[0;39m [2m[  restartedMain][0;39m [36md.m.s.v.MicaRequestMappingHandlerMapping[0;39m [2m:[0;39m Mapped "{ /error}" onto net.dreamlu.mica.servlet.error.MicaErrorController#error(HttpServletRequest)
[2m2022-04-16 12:30:50.333[0;39m [32m INFO[0;39m [35m11620[0;39m [2m---[0;39m [2m[  restartedMain][0;39m [36mo.s.s.c.ThreadPoolTaskScheduler         [0;39m [2m:[0;39m Initializing ExecutorService 'taskScheduler'
[2m2022-04-16 12:30:51.416[0;39m [32m INFO[0;39m [35m11620[0;39m [2m---[0;39m [2m[  restartedMain][0;39m [36mo.s.b.a.e.web.EndpointLinksResolver     [0;39m [2m:[0;39m Exposing 2 endpoint(s) beneath base path '/actuator'
[2m2022-04-16 12:30:54.076[0;39m [32m INFO[0;39m [35m7380[0;39m [2m---[0;39m [2m[  restartedMain][0;39m [36mc.b.d.d.DynamicRoutingDataSource        [0;39m [2m:[0;39m dynamic-datasource start closing ....
[2m2022-04-16 12:30:54.077[0;39m [32m INFO[0;39m [35m7380[0;39m [2m---[0;39m [2m[  restartedMain][0;39m [36mcom.zaxxer.hikari.HikariDataSource      [0;39m [2m:[0;39m master - Shutdown initiated...
[2m2022-04-16 12:30:54.083[0;39m [32m INFO[0;39m [35m7380[0;39m [2m---[0;39m [2m[  restartedMain][0;39m [36mcom.zaxxer.hikari.HikariDataSource      [0;39m [2m:[0;39m master - Shutdown completed.
[2m2022-04-16 12:30:54.083[0;39m [32m INFO[0;39m [35m7380[0;39m [2m---[0;39m [2m[  restartedMain][0;39m [36mc.b.d.d.DynamicRoutingDataSource        [0;39m [2m:[0;39m dynamic-datasource all closed success,bye
[2m2022-04-16 12:30:54.116[0;39m [31mERROR[0;39m [35m7380[0;39m [2m---[0;39m [2m[  restartedMain][0;39m [36mo.s.boot.SpringApplication              [0;39m [2m:[0;39m Application run failed

java.lang.reflect.UndeclaredThrowableException: null
	at org.springframework.util.ReflectionUtils.rethrowRuntimeException(ReflectionUtils.java:147) ~[spring-core-5.2.5.RELEASE.jar:5.2.5.RELEASE]
	at com.alibaba.cloud.nacos.registry.NacosServiceRegistry.register(NacosServiceRegistry.java:83) ~[spring-cloud-starter-alibaba-nacos-discovery-2.2.5.RELEASE.jar:2.2.5.RELEASE]
	at org.springframework.cloud.client.serviceregistry.AbstractAutoServiceRegistration.register(AbstractAutoServiceRegistration.java:239) ~[spring-cloud-commons-2.2.2.RELEASE.jar:2.2.2.RELEASE]
	at com.alibaba.cloud.nacos.registry.NacosAutoServiceRegistration.register(NacosAutoServiceRegistration.java:78) ~[spring-cloud-starter-alibaba-nacos-discovery-2.2.5.RELEASE.jar:2.2.5.RELEASE]
	at org.springframework.cloud.client.serviceregistry.AbstractAutoServiceRegistration.start(AbstractAutoServiceRegistration.java:138) ~[spring-cloud-commons-2.2.2.RELEASE.jar:2.2.2.RELEASE]
	at org.springframework.cloud.client.serviceregistry.AbstractAutoServiceRegistration.bind(AbstractAutoServiceRegistration.java:101) ~[spring-cloud-commons-2.2.2.RELEASE.jar:2.2.2.RELEASE]
	at org.springframework.cloud.client.serviceregistry.AbstractAutoServiceRegistration.onApplicationEvent(AbstractAutoServiceRegistration.java:88) ~[spring-cloud-commons-2.2.2.RELEASE.jar:2.2.2.RELEASE]
	at org.springframework.cloud.client.serviceregistry.AbstractAutoServiceRegistration.onApplicationEvent(AbstractAutoServiceRegistration.java:47) ~[spring-cloud-commons-2.2.2.RELEASE.jar:2.2.2.RELEASE]
	at org.springframework.context.event.SimpleApplicationEventMulticaster.doInvokeListener(SimpleApplicationEventMulticaster.java:172) ~[spring-context-5.2.5.RELEASE.jar:5.2.5.RELEASE]
	at org.springframework.context.event.SimpleApplicationEventMulticaster.invokeListener(SimpleApplicationEventMulticaster.java:165) ~[spring-context-5.2.5.RELEASE.jar:5.2.5.RELEASE]
	at org.springframework.context.event.SimpleApplicationEventMulticaster.multicastEvent(SimpleApplicationEventMulticaster.java:139) ~[spring-context-5.2.5.RELEASE.jar:5.2.5.RELEASE]
	at org.springframework.context.support.AbstractApplicationContext.publishEvent(AbstractApplicationContext.java:403) ~[spring-context-5.2.5.RELEASE.jar:5.2.5.RELEASE]
	at org.springframework.context.support.AbstractApplicationContext.publishEvent(AbstractApplicationContext.java:360) ~[spring-context-5.2.5.RELEASE.jar:5.2.5.RELEASE]
	at org.springframework.boot.web.servlet.context.ServletWebServerApplicationContext.finishRefresh(ServletWebServerApplicationContext.java:165) ~[spring-boot-2.2.6.RELEASE.jar:2.2.6.RELEASE]
	at org.springframework.context.support.AbstractApplicationContext.refresh(AbstractApplicationContext.java:553) ~[spring-context-5.2.5.RELEASE.jar:5.2.5.RELEASE]
	at org.springframework.boot.web.servlet.context.ServletWebServerApplicationContext.refresh(ServletWebServerApplicationContext.java:141) ~[spring-boot-2.2.6.RELEASE.jar:2.2.6.RELEASE]
	at org.springframework.boot.SpringApplication.refresh(SpringApplication.java:747) [spring-boot-2.2.6.RELEASE.jar:2.2.6.RELEASE]
	at org.springframework.boot.SpringApplication.refreshContext(SpringApplication.java:397) [spring-boot-2.2.6.RELEASE.jar:2.2.6.RELEASE]
	at org.springframework.boot.SpringApplication.run(SpringApplication.java:315) [spring-boot-2.2.6.RELEASE.jar:2.2.6.RELEASE]
	at org.springframework.boot.SpringApplication.run(SpringApplication.java:1226) [spring-boot-2.2.6.RELEASE.jar:2.2.6.RELEASE]
	at org.springframework.boot.SpringApplication.run(SpringApplication.java:1215) [spring-boot-2.2.6.RELEASE.jar:2.2.6.RELEASE]
	at com.zhu.api_video.ApiVideoApplication.main(ApiVideoApplication.java:12) [classes/:na]
	at sun.reflect.NativeMethodAccessorImpl.invoke0(Native Method) ~[na:1.8.0_181]
	at sun.reflect.NativeMethodAccessorImpl.invoke(NativeMethodAccessorImpl.java:62) ~[na:1.8.0_181]
	at sun.reflect.DelegatingMethodAccessorImpl.invoke(DelegatingMethodAccessorImpl.java:43) ~[na:1.8.0_181]
	at java.lang.reflect.Method.invoke(Method.java:498) ~[na:1.8.0_181]
	at org.springframework.boot.devtools.restart.RestartLauncher.run(RestartLauncher.java:49) [spring-boot-devtools-2.2.6.RELEASE.jar:2.2.6.RELEASE]
Caused by: com.alibaba.nacos.api.exception.NacosException: failed to req API:/nacos/v1/ns/instance after all servers([192.168.233.151:8848, 192.168.233.152:8848, 192.168.233.153:8848]) tried: java.net.ConnectException: Connection refused: connect
	at com.alibaba.nacos.client.naming.net.NamingProxy.reqApi(NamingProxy.java:556) ~[nacos-client-1.4.1.jar:na]
	at com.alibaba.nacos.client.naming.net.NamingProxy.reqApi(NamingProxy.java:498) ~[nacos-client-1.4.1.jar:na]
	at com.alibaba.nacos.client.naming.net.NamingProxy.reqApi(NamingProxy.java:493) ~[nacos-client-1.4.1.jar:na]
	at com.alibaba.nacos.client.naming.net.NamingProxy.registerService(NamingProxy.java:246) ~[nacos-client-1.4.1.jar:na]
	at com.alibaba.nacos.client.naming.NacosNamingService.registerInstance(NacosNamingService.java:212) ~[nacos-client-1.4.1.jar:na]
	at com.alibaba.cloud.nacos.registry.NacosServiceRegistry.register(NacosServiceRegistry.java:74) ~[spring-cloud-starter-alibaba-nacos-discovery-2.2.5.RELEASE.jar:2.2.5.RELEASE]
	... 25 common frames omitted

[2m2022-04-16 12:30:54.119[0;39m [33m WARN[0;39m [35m7380[0;39m [2m---[0;39m [2m[      Thread-23][0;39m [36mc.a.n.common.http.HttpClientBeanHolder  [0;39m [2m:[0;39m [HttpClientBeanHolder] Start destroying common HttpClient
[2m2022-04-16 12:30:54.119[0;39m [33m WARN[0;39m [35m7380[0;39m [2m---[0;39m [2m[      Thread-29][0;39m [36mc.a.nacos.common.notify.NotifyCenter    [0;39m [2m:[0;39m [NotifyCenter] Start destroying Publisher
[2m2022-04-16 12:30:54.119[0;39m [33m WARN[0;39m [35m7380[0;39m [2m---[0;39m [2m[      Thread-29][0;39m [36mc.a.nacos.common.notify.NotifyCenter    [0;39m [2m:[0;39m [NotifyCenter] Destruction of the end
[2m2022-04-16 12:30:54.119[0;39m [33m WARN[0;39m [35m7380[0;39m [2m---[0;39m [2m[      Thread-23][0;39m [36mc.a.n.common.http.HttpClientBeanHolder  [0;39m [2m:[0;39m [HttpClientBeanHolder] Destruction of the end
[2m2022-04-16 12:31:00.116[0;39m [32m INFO[0;39m [35m11620[0;39m [2m---[0;39m [2m[  restartedMain][0;39m [36mo.a.coyote.http11.Http11NioProtocol     [0;39m [2m:[0;39m Starting ProtocolHandler ["http-nio-8084"]
[2m2022-04-16 12:31:00.142[0;39m [32m INFO[0;39m [35m11620[0;39m [2m---[0;39m [2m[  restartedMain][0;39m [36mo.s.b.w.embedded.tomcat.TomcatWebServer [0;39m [2m:[0;39m Tomcat started on port(s): 8084 (http) with context path ''
[2m2022-04-16 12:31:08.180[0;39m [31mERROR[0;39m [35m11620[0;39m [2m---[0;39m [2m[  restartedMain][0;39m [36mc.a.c.n.registry.NacosServiceRegistry   [0;39m [2m:[0;39m nacos registry, api-course register failed...NacosRegistration{nacosDiscoveryProperties=NacosDiscoveryProperties{serverAddr='192.168.233.151:8848,192.168.233.152:8848,192.168.233.153:8848', endpoint='', namespace='', watchDelay=30000, logName='', service='api-course', weight=1.0, clusterName='DEFAULT', group='DEFAULT_GROUP', namingLoadCacheAtStart='false', metadata={preserved.register.source=SPRING_CLOUD}, registerEnabled=true, ip='169.254.131.94', networkInterface='', port=8084, secure=false, accessKey='', secretKey='', heartBeatInterval=null, heartBeatTimeout=null, ipDeleteTimeout=null}},

com.alibaba.nacos.api.exception.NacosException: failed to req API:/nacos/v1/ns/instance after all servers([192.168.233.151:8848, 192.168.233.152:8848, 192.168.233.153:8848]) tried: java.net.ConnectException: Connection refused: connect
	at com.alibaba.nacos.client.naming.net.NamingProxy.reqApi(NamingProxy.java:556) ~[nacos-client-1.4.1.jar:na]
	at com.alibaba.nacos.client.naming.net.NamingProxy.reqApi(NamingProxy.java:498) ~[nacos-client-1.4.1.jar:na]
	at com.alibaba.nacos.client.naming.net.NamingProxy.reqApi(NamingProxy.java:493) ~[nacos-client-1.4.1.jar:na]
	at com.alibaba.nacos.client.naming.net.NamingProxy.registerService(NamingProxy.java:246) ~[nacos-client-1.4.1.jar:na]
	at com.alibaba.nacos.client.naming.NacosNamingService.registerInstance(NacosNamingService.java:212) ~[nacos-client-1.4.1.jar:na]
	at com.alibaba.cloud.nacos.registry.NacosServiceRegistry.register(NacosServiceRegistry.java:74) ~[spring-cloud-starter-alibaba-nacos-discovery-2.2.5.RELEASE.jar:2.2.5.RELEASE]
	at org.springframework.cloud.client.serviceregistry.AbstractAutoServiceRegistration.register(AbstractAutoServiceRegistration.java:239) [spring-cloud-commons-2.2.2.RELEASE.jar:2.2.2.RELEASE]
	at com.alibaba.cloud.nacos.registry.NacosAutoServiceRegistration.register(NacosAutoServiceRegistration.java:78) [spring-cloud-starter-alibaba-nacos-discovery-2.2.5.RELEASE.jar:2.2.5.RELEASE]
	at org.springframework.cloud.client.serviceregistry.AbstractAutoServiceRegistration.start(AbstractAutoServiceRegistration.java:138) [spring-cloud-commons-2.2.2.RELEASE.jar:2.2.2.RELEASE]
	at org.springframework.cloud.client.serviceregistry.AbstractAutoServiceRegistration.bind(AbstractAutoServiceRegistration.java:101) [spring-cloud-commons-2.2.2.RELEASE.jar:2.2.2.RELEASE]
	at org.springframework.cloud.client.serviceregistry.AbstractAutoServiceRegistration.onApplicationEvent(AbstractAutoServiceRegistration.java:88) [spring-cloud-commons-2.2.2.RELEASE.jar:2.2.2.RELEASE]
	at org.springframework.cloud.client.serviceregistry.AbstractAutoServiceRegistration.onApplicationEvent(AbstractAutoServiceRegistration.java:47) [spring-cloud-commons-2.2.2.RELEASE.jar:2.2.2.RELEASE]
	at org.springframework.context.event.SimpleApplicationEventMulticaster.doInvokeListener(SimpleApplicationEventMulticaster.java:172) [spring-context-5.2.5.RELEASE.jar:5.2.5.RELEASE]
	at org.springframework.context.event.SimpleApplicationEventMulticaster.invokeListener(SimpleApplicationEventMulticaster.java:165) [spring-context-5.2.5.RELEASE.jar:5.2.5.RELEASE]
	at org.springframework.context.event.SimpleApplicationEventMulticaster.multicastEvent(SimpleApplicationEventMulticaster.java:139) [spring-context-5.2.5.RELEASE.jar:5.2.5.RELEASE]
	at org.springframework.context.support.AbstractApplicationContext.publishEvent(AbstractApplicationContext.java:403) [spring-context-5.2.5.RELEASE.jar:5.2.5.RELEASE]
	at org.springframework.context.support.AbstractApplicationContext.publishEvent(AbstractApplicationContext.java:360) [spring-context-5.2.5.RELEASE.jar:5.2.5.RELEASE]
	at org.springframework.boot.web.servlet.context.ServletWebServerApplicationContext.finishRefresh(ServletWebServerApplicationContext.java:165) [spring-boot-2.2.6.RELEASE.jar:2.2.6.RELEASE]
	at org.springframework.context.support.AbstractApplicationContext.refresh(AbstractApplicationContext.java:553) [spring-context-5.2.5.RELEASE.jar:5.2.5.RELEASE]
	at org.springframework.boot.web.servlet.context.ServletWebServerApplicationContext.refresh(ServletWebServerApplicationContext.java:141) [spring-boot-2.2.6.RELEASE.jar:2.2.6.RELEASE]
	at org.springframework.boot.SpringApplication.refresh(SpringApplication.java:747) [spring-boot-2.2.6.RELEASE.jar:2.2.6.RELEASE]
	at org.springframework.boot.SpringApplication.refreshContext(SpringApplication.java:397) [spring-boot-2.2.6.RELEASE.jar:2.2.6.RELEASE]
	at org.springframework.boot.SpringApplication.run(SpringApplication.java:315) [spring-boot-2.2.6.RELEASE.jar:2.2.6.RELEASE]
	at org.springframework.boot.SpringApplication.run(SpringApplication.java:1226) [spring-boot-2.2.6.RELEASE.jar:2.2.6.RELEASE]
	at org.springframework.boot.SpringApplication.run(SpringApplication.java:1215) [spring-boot-2.2.6.RELEASE.jar:2.2.6.RELEASE]
	at com.zhu.api_course.ApiCourseApplication.main(ApiCourseApplication.java:14) [classes/:na]
	at sun.reflect.NativeMethodAccessorImpl.invoke0(Native Method) ~[na:1.8.0_181]
	at sun.reflect.NativeMethodAccessorImpl.invoke(NativeMethodAccessorImpl.java:62) ~[na:1.8.0_181]
	at sun.reflect.DelegatingMethodAccessorImpl.invoke(DelegatingMethodAccessorImpl.java:43) ~[na:1.8.0_181]
	at java.lang.reflect.Method.invoke(Method.java:498) ~[na:1.8.0_181]
	at org.springframework.boot.devtools.restart.RestartLauncher.run(RestartLauncher.java:49) [spring-boot-devtools-2.2.6.RELEASE.jar:2.2.6.RELEASE]

[2m2022-04-16 12:31:08.181[0;39m [32m INFO[0;39m [35m11620[0;39m [2m---[0;39m [2m[  restartedMain][0;39m [36mo.a.coyote.http11.Http11NioProtocol     [0;39m [2m:[0;39m Pausing ProtocolHandler ["http-nio-8084"]
[2m2022-04-16 12:31:08.824[0;39m [32m INFO[0;39m [35m11620[0;39m [2m---[0;39m [2m[  restartedMain][0;39m [36mo.apache.catalina.core.StandardService  [0;39m [2m:[0;39m Stopping service [Tomcat]
[2m2022-04-16 12:31:08.828[0;39m [33m WARN[0;39m [35m11620[0;39m [2m---[0;39m [2m[  restartedMain][0;39m [36mo.a.c.loader.WebappClassLoaderBase      [0;39m [2m:[0;39m The web application [ROOT] appears to have started a thread named [spring.cloud.inetutils] but has failed to stop it. This is very likely to create a memory leak. Stack trace of thread:
 sun.misc.Unsafe.park(Native Method)
 java.util.concurrent.locks.LockSupport.park(LockSupport.java:175)
 java.util.concurrent.locks.AbstractQueuedSynchronizer$ConditionObject.await(AbstractQueuedSynchronizer.java:2039)
 java.util.concurrent.LinkedBlockingQueue.take(LinkedBlockingQueue.java:442)
 java.util.concurrent.ThreadPoolExecutor.getTask(ThreadPoolExecutor.java:1074)
 java.util.concurrent.ThreadPoolExecutor.runWorker(ThreadPoolExecutor.java:1134)
 java.util.concurrent.ThreadPoolExecutor$Worker.run(ThreadPoolExecutor.java:624)
 java.lang.Thread.run(Thread.java:748)
[2m2022-04-16 12:31:08.828[0;39m [33m WARN[0;39m [35m11620[0;39m [2m---[0;39m [2m[  restartedMain][0;39m [36mo.a.c.loader.WebappClassLoaderBase      [0;39m [2m:[0;39m The web application [ROOT] appears to have started a thread named [logback-1] but has failed to stop it. This is very likely to create a memory leak. Stack trace of thread:
 sun.misc.Unsafe.park(Native Method)
 java.util.concurrent.locks.LockSupport.parkNanos(LockSupport.java:215)
 java.util.concurrent.locks.AbstractQueuedSynchronizer$ConditionObject.awaitNanos(AbstractQueuedSynchronizer.java:2078)
 java.util.concurrent.ScheduledThreadPoolExecutor$DelayedWorkQueue.take(ScheduledThreadPoolExecutor.java:1093)
 java.util.concurrent.ScheduledThreadPoolExecutor$DelayedWorkQueue.take(ScheduledThreadPoolExecutor.java:809)
 java.util.concurrent.ThreadPoolExecutor.getTask(ThreadPoolExecutor.java:1074)
 java.util.concurrent.ThreadPoolExecutor.runWorker(ThreadPoolExecutor.java:1134)
 java.util.concurrent.ThreadPoolExecutor$Worker.run(ThreadPoolExecutor.java:624)
 java.lang.Thread.run(Thread.java:748)
[2m2022-04-16 12:31:08.829[0;39m [33m WARN[0;39m [35m11620[0;39m [2m---[0;39m [2m[  restartedMain][0;39m [36mo.a.c.loader.WebappClassLoaderBase      [0;39m [2m:[0;39m The web application [ROOT] appears to have started a thread named [com.alibaba.nacos.client.naming.updater] but has failed to stop it. This is very likely to create a memory leak. Stack trace of thread:
 sun.misc.Unsafe.park(Native Method)
 java.util.concurrent.locks.LockSupport.parkNanos(LockSupport.java:215)
 java.util.concurrent.locks.AbstractQueuedSynchronizer$ConditionObject.awaitNanos(AbstractQueuedSynchronizer.java:2078)
 java.util.concurrent.ScheduledThreadPoolExecutor$DelayedWorkQueue.take(ScheduledThreadPoolExecutor.java:1093)
 java.util.concurrent.ScheduledThreadPoolExecutor$DelayedWorkQueue.take(ScheduledThreadPoolExecutor.java:809)
 java.util.concurrent.ThreadPoolExecutor.getTask(ThreadPoolExecutor.java:1074)
 java.util.concurrent.ThreadPoolExecutor.runWorker(ThreadPoolExecutor.java:1134)
 java.util.concurrent.ThreadPoolExecutor$Worker.run(ThreadPoolExecutor.java:624)
 java.lang.Thread.run(Thread.java:748)
[2m2022-04-16 12:31:08.830[0;39m [33m WARN[0;39m [35m11620[0;39m [2m---[0;39m [2m[  restartedMain][0;39m [36mo.a.c.loader.WebappClassLoaderBase      [0;39m [2m:[0;39m The web application [ROOT] appears to have started a thread named [com.alibaba.nacos.client.naming.updater] but has failed to stop it. This is very likely to create a memory leak. Stack trace of thread:
 sun.misc.Unsafe.park(Native Method)
 java.util.concurrent.locks.LockSupport.park(LockSupport.java:175)
 java.util.concurrent.locks.AbstractQueuedSynchronizer$ConditionObject.await(AbstractQueuedSynchronizer.java:2039)
 java.util.concurrent.ScheduledThreadPoolExecutor$DelayedWorkQueue.take(ScheduledThreadPoolExecutor.java:1088)
 java.util.concurrent.ScheduledThreadPoolExecutor$DelayedWorkQueue.take(ScheduledThreadPoolExecutor.java:809)
 java.util.concurrent.ThreadPoolExecutor.getTask(ThreadPoolExecutor.java:1074)
 java.util.concurrent.ThreadPoolExecutor.runWorker(ThreadPoolExecutor.java:1134)
 java.util.concurrent.ThreadPoolExecutor$Worker.run(ThreadPoolExecutor.java:624)
 java.lang.Thread.run(Thread.java:748)
[2m2022-04-16 12:31:08.831[0;39m [33m WARN[0;39m [35m11620[0;39m [2m---[0;39m [2m[  restartedMain][0;39m [36mo.a.c.loader.WebappClassLoaderBase      [0;39m [2m:[0;39m The web application [ROOT] appears to have started a thread named [com.alibaba.nacos.naming.failover] but has failed to stop it. This is very likely to create a memory leak. Stack trace of thread:
 sun.misc.Unsafe.park(Native Method)
 java.util.concurrent.locks.LockSupport.parkNanos(LockSupport.java:215)
 java.util.concurrent.locks.AbstractQueuedSynchronizer$ConditionObject.awaitNanos(AbstractQueuedSynchronizer.java:2078)
 java.util.concurrent.ScheduledThreadPoolExecutor$DelayedWorkQueue.take(ScheduledThreadPoolExecutor.java:1093)
 java.util.concurrent.ScheduledThreadPoolExecutor$DelayedWorkQueue.take(ScheduledThreadPoolExecutor.java:809)
 java.util.concurrent.ThreadPoolExecutor.getTask(ThreadPoolExecutor.java:1074)
 java.util.concurrent.ThreadPoolExecutor.runWorker(ThreadPoolExecutor.java:1134)
 java.util.concurrent.ThreadPoolExecutor$Worker.run(ThreadPoolExecutor.java:624)
 java.lang.Thread.run(Thread.java:748)
[2m2022-04-16 12:31:08.832[0;39m [33m WARN[0;39m [35m11620[0;39m [2m---[0;39m [2m[  restartedMain][0;39m [36mo.a.c.loader.WebappClassLoaderBase      [0;39m [2m:[0;39m The web application [ROOT] appears to have started a thread named [com.alibaba.nacos.naming.push.receiver] but has failed to stop it. This is very likely to create a memory leak. Stack trace of thread:
 java.net.DualStackPlainDatagramSocketImpl.socketReceiveOrPeekData(Native Method)
 java.net.DualStackPlainDatagramSocketImpl.receive0(DualStackPlainDatagramSocketImpl.java:124)
 java.net.AbstractPlainDatagramSocketImpl.receive(AbstractPlainDatagramSocketImpl.java:143)
 java.net.DatagramSocket.receive(DatagramSocket.java:812)
 com.alibaba.nacos.client.naming.core.PushReceiver.run(PushReceiver.java:83)
 java.util.concurrent.Executors$RunnableAdapter.call(Executors.java:511)
 java.util.concurrent.FutureTask.run(FutureTask.java:266)
 java.util.concurrent.ScheduledThreadPoolExecutor$ScheduledFutureTask.access$201(ScheduledThreadPoolExecutor.java:180)
 java.util.concurrent.ScheduledThreadPoolExecutor$ScheduledFutureTask.run(ScheduledThreadPoolExecutor.java:293)
 java.util.concurrent.ThreadPoolExecutor.runWorker(ThreadPoolExecutor.java:1149)
 java.util.concurrent.ThreadPoolExecutor$Worker.run(ThreadPoolExecutor.java:624)
 java.lang.Thread.run(Thread.java:748)
[2m2022-04-16 12:31:08.833[0;39m [33m WARN[0;39m [35m11620[0;39m [2m---[0;39m [2m[  restartedMain][0;39m [36mo.a.c.loader.WebappClassLoaderBase      [0;39m [2m:[0;39m The web application [ROOT] appears to have started a thread named [nacos.publisher-com.alibaba.nacos.common.notify.SlowEvent] but has failed to stop it. This is very likely to create a memory leak. Stack trace of thread:
 java.lang.Thread.sleep(Native Method)
 com.alibaba.nacos.common.utils.ThreadUtils.sleep(ThreadUtils.java:52)
 com.alibaba.nacos.common.notify.DefaultPublisher.openEventHandler(DefaultPublisher.java:108)
 com.alibaba.nacos.common.notify.DefaultPublisher.run(DefaultPublisher.java:94)
[2m2022-04-16 12:31:08.833[0;39m [33m WARN[0;39m [35m11620[0;39m [2m---[0;39m [2m[  restartedMain][0;39m [36mo.a.c.loader.WebappClassLoaderBase      [0;39m [2m:[0;39m The web application [ROOT] appears to have started a thread named [nacos.publisher-com.alibaba.nacos.client.naming.event.InstancesChangeEvent] but has failed to stop it. This is very likely to create a memory leak. Stack trace of thread:
 sun.misc.Unsafe.park(Native Method)
 java.util.concurrent.locks.LockSupport.park(LockSupport.java:175)
 java.util.concurrent.locks.AbstractQueuedSynchronizer$ConditionObject.await(AbstractQueuedSynchronizer.java:2039)
 java.util.concurrent.ArrayBlockingQueue.take(ArrayBlockingQueue.java:403)
 com.alibaba.nacos.common.notify.DefaultPublisher.openEventHandler(DefaultPublisher.java:116)
 com.alibaba.nacos.common.notify.DefaultPublisher.run(DefaultPublisher.java:94)
[2m2022-04-16 12:31:08.833[0;39m [33m WARN[0;39m [35m11620[0;39m [2m---[0;39m [2m[  restartedMain][0;39m [36mo.a.c.loader.WebappClassLoaderBase      [0;39m [2m:[0;39m The web application [ROOT] appears to have started a thread named [master housekeeper] but has failed to stop it. This is very likely to create a memory leak. Stack trace of thread:
 sun.misc.Unsafe.park(Native Method)
 java.util.concurrent.locks.LockSupport.parkNanos(LockSupport.java:215)
 java.util.concurrent.locks.AbstractQueuedSynchronizer$ConditionObject.awaitNanos(AbstractQueuedSynchronizer.java:2078)
 java.util.concurrent.ScheduledThreadPoolExecutor$DelayedWorkQueue.take(ScheduledThreadPoolExecutor.java:1093)
 java.util.concurrent.ScheduledThreadPoolExecutor$DelayedWorkQueue.take(ScheduledThreadPoolExecutor.java:809)
 java.util.concurrent.ThreadPoolExecutor.getTask(ThreadPoolExecutor.java:1074)
 java.util.concurrent.ThreadPoolExecutor.runWorker(ThreadPoolExecutor.java:1134)
 java.util.concurrent.ThreadPoolExecutor$Worker.run(ThreadPoolExecutor.java:624)
 java.lang.Thread.run(Thread.java:748)
[2m2022-04-16 12:31:08.835[0;39m [32m INFO[0;39m [35m11620[0;39m [2m---[0;39m [2m[  restartedMain][0;39m [36mo.a.coyote.http11.Http11NioProtocol     [0;39m [2m:[0;39m Stopping ProtocolHandler ["http-nio-8084"]
[2m2022-04-16 12:31:08.839[0;39m [32m INFO[0;39m [35m11620[0;39m [2m---[0;39m [2m[  restartedMain][0;39m [36mo.a.coyote.http11.Http11NioProtocol     [0;39m [2m:[0;39m Destroying ProtocolHandler ["http-nio-8084"]
[2m2022-04-16 12:31:08.842[0;39m [32m INFO[0;39m [35m11620[0;39m [2m---[0;39m [2m[  restartedMain][0;39m [36mConditionEvaluationReportLoggingListener[0;39m [2m:[0;39m 

Error starting ApplicationContext. To display the conditions report re-run your application with 'debug' enabled.
[2m2022-04-16 12:31:08.844[0;39m [32m INFO[0;39m [35m11620[0;39m [2m---[0;39m [2m[  restartedMain][0;39m [36mo.s.s.c.ThreadPoolTaskScheduler         [0;39m [2m:[0;39m Shutting down ExecutorService 'taskScheduler'
[2m2022-04-16 12:31:08.845[0;39m [33m WARN[0;39m [35m11620[0;39m [2m---[0;39m [2m[  restartedMain][0;39m [36mo.s.b.f.support.DisposableBeanAdapter   [0;39m [2m:[0;39m Invocation of destroy method failed on bean with name 'tomcatMetricsBinder': java.lang.NullPointerException
[2m2022-04-16 12:31:08.846[0;39m [32m INFO[0;39m [35m11620[0;39m [2m---[0;39m [2m[  restartedMain][0;39m [36mo.s.s.c.ThreadPoolTaskScheduler         [0;39m [2m:[0;39m Shutting down ExecutorService 'taskScheduler'
[2m2022-04-16 12:31:08.846[0;39m [32m INFO[0;39m [35m11620[0;39m [2m---[0;39m [2m[  restartedMain][0;39m [36mo.s.s.concurrent.ThreadPoolTaskExecutor [0;39m [2m:[0;39m Shutting down ExecutorService 'applicationTaskExecutor'
[2m2022-04-16 12:31:17.869[0;39m [32m INFO[0;39m [35m11620[0;39m [2m---[0;39m [2m[  restartedMain][0;39m [36mc.b.d.d.DynamicRoutingDataSource        [0;39m [2m:[0;39m dynamic-datasource start closing ....
[2m2022-04-16 12:31:17.869[0;39m [32m INFO[0;39m [35m11620[0;39m [2m---[0;39m [2m[  restartedMain][0;39m [36mcom.zaxxer.hikari.HikariDataSource      [0;39m [2m:[0;39m master - Shutdown initiated...
[2m2022-04-16 12:31:17.876[0;39m [32m INFO[0;39m [35m11620[0;39m [2m---[0;39m [2m[  restartedMain][0;39m [36mcom.zaxxer.hikari.HikariDataSource      [0;39m [2m:[0;39m master - Shutdown completed.
[2m2022-04-16 12:31:17.876[0;39m [32m INFO[0;39m [35m11620[0;39m [2m---[0;39m [2m[  restartedMain][0;39m [36mc.b.d.d.DynamicRoutingDataSource        [0;39m [2m:[0;39m dynamic-datasource all closed success,bye
[2m2022-04-16 12:31:17.883[0;39m [31mERROR[0;39m [35m11620[0;39m [2m---[0;39m [2m[  restartedMain][0;39m [36mo.s.boot.SpringApplication              [0;39m [2m:[0;39m Application run failed

java.lang.reflect.UndeclaredThrowableException: null
	at org.springframework.util.ReflectionUtils.rethrowRuntimeException(ReflectionUtils.java:147) ~[spring-core-5.2.5.RELEASE.jar:5.2.5.RELEASE]
	at com.alibaba.cloud.nacos.registry.NacosServiceRegistry.register(NacosServiceRegistry.java:83) ~[spring-cloud-starter-alibaba-nacos-discovery-2.2.5.RELEASE.jar:2.2.5.RELEASE]
	at org.springframework.cloud.client.serviceregistry.AbstractAutoServiceRegistration.register(AbstractAutoServiceRegistration.java:239) ~[spring-cloud-commons-2.2.2.RELEASE.jar:2.2.2.RELEASE]
	at com.alibaba.cloud.nacos.registry.NacosAutoServiceRegistration.register(NacosAutoServiceRegistration.java:78) ~[spring-cloud-starter-alibaba-nacos-discovery-2.2.5.RELEASE.jar:2.2.5.RELEASE]
	at org.springframework.cloud.client.serviceregistry.AbstractAutoServiceRegistration.start(AbstractAutoServiceRegistration.java:138) ~[spring-cloud-commons-2.2.2.RELEASE.jar:2.2.2.RELEASE]
	at org.springframework.cloud.client.serviceregistry.AbstractAutoServiceRegistration.bind(AbstractAutoServiceRegistration.java:101) ~[spring-cloud-commons-2.2.2.RELEASE.jar:2.2.2.RELEASE]
	at org.springframework.cloud.client.serviceregistry.AbstractAutoServiceRegistration.onApplicationEvent(AbstractAutoServiceRegistration.java:88) ~[spring-cloud-commons-2.2.2.RELEASE.jar:2.2.2.RELEASE]
	at org.springframework.cloud.client.serviceregistry.AbstractAutoServiceRegistration.onApplicationEvent(AbstractAutoServiceRegistration.java:47) ~[spring-cloud-commons-2.2.2.RELEASE.jar:2.2.2.RELEASE]
	at org.springframework.context.event.SimpleApplicationEventMulticaster.doInvokeListener(SimpleApplicationEventMulticaster.java:172) ~[spring-context-5.2.5.RELEASE.jar:5.2.5.RELEASE]
	at org.springframework.context.event.SimpleApplicationEventMulticaster.invokeListener(SimpleApplicationEventMulticaster.java:165) ~[spring-context-5.2.5.RELEASE.jar:5.2.5.RELEASE]
	at org.springframework.context.event.SimpleApplicationEventMulticaster.multicastEvent(SimpleApplicationEventMulticaster.java:139) ~[spring-context-5.2.5.RELEASE.jar:5.2.5.RELEASE]
	at org.springframework.context.support.AbstractApplicationContext.publishEvent(AbstractApplicationContext.java:403) ~[spring-context-5.2.5.RELEASE.jar:5.2.5.RELEASE]
	at org.springframework.context.support.AbstractApplicationContext.publishEvent(AbstractApplicationContext.java:360) ~[spring-context-5.2.5.RELEASE.jar:5.2.5.RELEASE]
	at org.springframework.boot.web.servlet.context.ServletWebServerApplicationContext.finishRefresh(ServletWebServerApplicationContext.java:165) ~[spring-boot-2.2.6.RELEASE.jar:2.2.6.RELEASE]
	at org.springframework.context.support.AbstractApplicationContext.refresh(AbstractApplicationContext.java:553) ~[spring-context-5.2.5.RELEASE.jar:5.2.5.RELEASE]
	at org.springframework.boot.web.servlet.context.ServletWebServerApplicationContext.refresh(ServletWebServerApplicationContext.java:141) ~[spring-boot-2.2.6.RELEASE.jar:2.2.6.RELEASE]
	at org.springframework.boot.SpringApplication.refresh(SpringApplication.java:747) [spring-boot-2.2.6.RELEASE.jar:2.2.6.RELEASE]
	at org.springframework.boot.SpringApplication.refreshContext(SpringApplication.java:397) [spring-boot-2.2.6.RELEASE.jar:2.2.6.RELEASE]
	at org.springframework.boot.SpringApplication.run(SpringApplication.java:315) [spring-boot-2.2.6.RELEASE.jar:2.2.6.RELEASE]
	at org.springframework.boot.SpringApplication.run(SpringApplication.java:1226) [spring-boot-2.2.6.RELEASE.jar:2.2.6.RELEASE]
	at org.springframework.boot.SpringApplication.run(SpringApplication.java:1215) [spring-boot-2.2.6.RELEASE.jar:2.2.6.RELEASE]
	at com.zhu.api_course.ApiCourseApplication.main(ApiCourseApplication.java:14) [classes/:na]
	at sun.reflect.NativeMethodAccessorImpl.invoke0(Native Method) ~[na:1.8.0_181]
	at sun.reflect.NativeMethodAccessorImpl.invoke(NativeMethodAccessorImpl.java:62) ~[na:1.8.0_181]
	at sun.reflect.DelegatingMethodAccessorImpl.invoke(DelegatingMethodAccessorImpl.java:43) ~[na:1.8.0_181]
	at java.lang.reflect.Method.invoke(Method.java:498) ~[na:1.8.0_181]
	at org.springframework.boot.devtools.restart.RestartLauncher.run(RestartLauncher.java:49) [spring-boot-devtools-2.2.6.RELEASE.jar:2.2.6.RELEASE]
Caused by: com.alibaba.nacos.api.exception.NacosException: failed to req API:/nacos/v1/ns/instance after all servers([192.168.233.151:8848, 192.168.233.152:8848, 192.168.233.153:8848]) tried: java.net.ConnectException: Connection refused: connect
	at com.alibaba.nacos.client.naming.net.NamingProxy.reqApi(NamingProxy.java:556) ~[nacos-client-1.4.1.jar:na]
	at com.alibaba.nacos.client.naming.net.NamingProxy.reqApi(NamingProxy.java:498) ~[nacos-client-1.4.1.jar:na]
	at com.alibaba.nacos.client.naming.net.NamingProxy.reqApi(NamingProxy.java:493) ~[nacos-client-1.4.1.jar:na]
	at com.alibaba.nacos.client.naming.net.NamingProxy.registerService(NamingProxy.java:246) ~[nacos-client-1.4.1.jar:na]
	at com.alibaba.nacos.client.naming.NacosNamingService.registerInstance(NacosNamingService.java:212) ~[nacos-client-1.4.1.jar:na]
	at com.alibaba.cloud.nacos.registry.NacosServiceRegistry.register(NacosServiceRegistry.java:74) ~[spring-cloud-starter-alibaba-nacos-discovery-2.2.5.RELEASE.jar:2.2.5.RELEASE]
	... 25 common frames omitted

[2m2022-04-16 12:31:17.886[0;39m [33m WARN[0;39m [35m11620[0;39m [2m---[0;39m [2m[      Thread-16][0;39m [36mc.a.n.common.http.HttpClientBeanHolder  [0;39m [2m:[0;39m [HttpClientBeanHolder] Start destroying common HttpClient
[2m2022-04-16 12:31:17.886[0;39m [33m WARN[0;39m [35m11620[0;39m [2m---[0;39m [2m[      Thread-22][0;39m [36mc.a.nacos.common.notify.NotifyCenter    [0;39m [2m:[0;39m [NotifyCenter] Start destroying Publisher
[2m2022-04-16 12:31:17.886[0;39m [33m WARN[0;39m [35m11620[0;39m [2m---[0;39m [2m[      Thread-22][0;39m [36mc.a.nacos.common.notify.NotifyCenter    [0;39m [2m:[0;39m [NotifyCenter] Destruction of the end
[2m2022-04-16 12:31:17.886[0;39m [33m WARN[0;39m [35m11620[0;39m [2m---[0;39m [2m[      Thread-16][0;39m [36mc.a.n.common.http.HttpClientBeanHolder  [0;39m [2m:[0;39m [HttpClientBeanHolder] Destruction of the end
[2m2022-04-16 12:32:56.491[0;39m [32m INFO[0;39m [35m7328[0;39m [2m---[0;39m [2m[  restartedMain][0;39m [36mcom.zhu.api_video.ApiVideoApplication   [0;39m [2m:[0;39m The following profiles are active: dev,db
[2m2022-04-16 12:32:57.906[0;39m [33m WARN[0;39m [35m7328[0;39m [2m---[0;39m [2m[  restartedMain][0;39m [36mo.s.boot.actuate.endpoint.EndpointId    [0;39m [2m:[0;39m Endpoint ID 'service-registry' contains invalid characters, please migrate to a valid format.
[2m2022-04-16 12:32:58.084[0;39m [32m INFO[0;39m [35m7328[0;39m [2m---[0;39m [2m[  restartedMain][0;39m [36mo.s.cloud.context.scope.GenericScope    [0;39m [2m:[0;39m BeanFactory id=17a85c92-9f36-319b-a9aa-31f6bec7e2fb
[2m2022-04-16 12:32:58.232[0;39m [32m INFO[0;39m [35m7328[0;39m [2m---[0;39m [2m[  restartedMain][0;39m [36mtrationDelegate$BeanPostProcessorChecker[0;39m [2m:[0;39m Bean 'mica.async-net.dreamlu.mica.props.MicaAsyncProperties' of type [net.dreamlu.mica.props.MicaAsyncProperties] is not eligible for getting processed by all BeanPostProcessors (for example: not eligible for auto-proxying)
[2m2022-04-16 12:32:58.234[0;39m [32m INFO[0;39m [35m7328[0;39m [2m---[0;39m [2m[  restartedMain][0;39m [36mtrationDelegate$BeanPostProcessorChecker[0;39m [2m:[0;39m Bean 'net.dreamlu.mica.config.MicaExecutorConfiguration' of type [net.dreamlu.mica.config.MicaExecutorConfiguration$$EnhancerBySpringCGLIB$$2bcb5460] is not eligible for getting processed by all BeanPostProcessors (for example: not eligible for auto-proxying)
[2m2022-04-16 12:32:58.306[0;39m [32m INFO[0;39m [35m7328[0;39m [2m---[0;39m [2m[  restartedMain][0;39m [36mtrationDelegate$BeanPostProcessorChecker[0;39m [2m:[0;39m Bean 'spring.datasource.dynamic-com.baomidou.dynamic.datasource.spring.boot.autoconfigure.DynamicDataSourceProperties' of type [com.baomidou.dynamic.datasource.spring.boot.autoconfigure.DynamicDataSourceProperties] is not eligible for getting processed by all BeanPostProcessors (for example: not eligible for auto-proxying)
[2m2022-04-16 12:32:58.409[0;39m [32m INFO[0;39m [35m7328[0;39m [2m---[0;39m [2m[  restartedMain][0;39m [36mtrationDelegate$BeanPostProcessorChecker[0;39m [2m:[0;39m Bean 'com.baomidou.dynamic.datasource.spring.boot.autoconfigure.DynamicDataSourceAutoConfiguration' of type [com.baomidou.dynamic.datasource.spring.boot.autoconfigure.DynamicDataSourceAutoConfiguration$$EnhancerBySpringCGLIB$$9bcbb58e] is not eligible for getting processed by all BeanPostProcessors (for example: not eligible for auto-proxying)
[2m2022-04-16 12:32:58.417[0;39m [32m INFO[0;39m [35m7328[0;39m [2m---[0;39m [2m[  restartedMain][0;39m [36mtrationDelegate$BeanPostProcessorChecker[0;39m [2m:[0;39m Bean 'dsProcessor' of type [com.baomidou.dynamic.datasource.processor.DsHeaderProcessor] is not eligible for getting processed by all BeanPostProcessors (for example: not eligible for auto-proxying)
[2m2022-04-16 12:32:58.422[0;39m [32m INFO[0;39m [35m7328[0;39m [2m---[0;39m [2m[  restartedMain][0;39m [36mtrationDelegate$BeanPostProcessorChecker[0;39m [2m:[0;39m Bean 'dynamicDatasourceAnnotationAdvisor' of type [com.baomidou.dynamic.datasource.aop.DynamicDataSourceAnnotationAdvisor] is not eligible for getting processed by all BeanPostProcessors (for example: not eligible for auto-proxying)
[2m2022-04-16 12:32:59.173[0;39m [32m INFO[0;39m [35m7328[0;39m [2m---[0;39m [2m[  restartedMain][0;39m [36mo.s.b.w.embedded.tomcat.TomcatWebServer [0;39m [2m:[0;39m Tomcat initialized with port(s): 8083 (http)
[2m2022-04-16 12:32:59.184[0;39m [32m INFO[0;39m [35m7328[0;39m [2m---[0;39m [2m[  restartedMain][0;39m [36mo.a.coyote.http11.Http11NioProtocol     [0;39m [2m:[0;39m Initializing ProtocolHandler ["http-nio-8083"]
[2m2022-04-16 12:32:59.186[0;39m [32m INFO[0;39m [35m7328[0;39m [2m---[0;39m [2m[  restartedMain][0;39m [36mo.apache.catalina.core.StandardService  [0;39m [2m:[0;39m Starting service [Tomcat]
[2m2022-04-16 12:32:59.186[0;39m [32m INFO[0;39m [35m7328[0;39m [2m---[0;39m [2m[  restartedMain][0;39m [36morg.apache.catalina.core.StandardEngine [0;39m [2m:[0;39m Starting Servlet engine: [Apache Tomcat/9.0.33]
[2m2022-04-16 12:32:59.350[0;39m [32m INFO[0;39m [35m7328[0;39m [2m---[0;39m [2m[  restartedMain][0;39m [36mo.a.c.c.C.[Tomcat].[localhost].[/]      [0;39m [2m:[0;39m Initializing Spring embedded WebApplicationContext
[2m2022-04-16 12:32:59.350[0;39m [32m INFO[0;39m [35m7328[0;39m [2m---[0;39m [2m[  restartedMain][0;39m [36mo.s.web.context.ContextLoader           [0;39m [2m:[0;39m Root WebApplicationContext: initialization completed in 2830 ms
[2m2022-04-16 12:33:00.881[0;39m [32m INFO[0;39m [35m9084[0;39m [2m---[0;39m [2m[  restartedMain][0;39m [36mcom.zhu.api_course.ApiCourseApplication [0;39m [2m:[0;39m The following profiles are active: dev,db
[2m2022-04-16 12:33:01.099[0;39m [32m INFO[0;39m [35m7328[0;39m [2m---[0;39m [2m[  restartedMain][0;39m [36mcom.zaxxer.hikari.HikariDataSource      [0;39m [2m:[0;39m master - Starting...
[2m2022-04-16 12:33:01.252[0;39m [32m INFO[0;39m [35m7328[0;39m [2m---[0;39m [2m[  restartedMain][0;39m [36mcom.zaxxer.hikari.HikariDataSource      [0;39m [2m:[0;39m master - Start completed.
[2m2022-04-16 12:33:01.252[0;39m [32m INFO[0;39m [35m7328[0;39m [2m---[0;39m [2m[  restartedMain][0;39m [36mc.b.d.d.DynamicRoutingDataSource        [0;39m [2m:[0;39m dynamic-datasource - load a datasource named [master] success
[2m2022-04-16 12:33:01.253[0;39m [32m INFO[0;39m [35m7328[0;39m [2m---[0;39m [2m[  restartedMain][0;39m [36mc.b.d.d.DynamicRoutingDataSource        [0;39m [2m:[0;39m dynamic-datasource initial loaded [1] datasource,primary datasource named [master]
[2m2022-04-16 12:33:01.842[0;39m [33m WARN[0;39m [35m9084[0;39m [2m---[0;39m [2m[  restartedMain][0;39m [36mo.s.boot.actuate.endpoint.EndpointId    [0;39m [2m:[0;39m Endpoint ID 'service-registry' contains invalid characters, please migrate to a valid format.
[2m2022-04-16 12:33:02.008[0;39m [32m INFO[0;39m [35m9084[0;39m [2m---[0;39m [2m[  restartedMain][0;39m [36mo.s.cloud.context.scope.GenericScope    [0;39m [2m:[0;39m BeanFactory id=03ee681d-ef44-36e1-884b-e89eaec835e7
[2m2022-04-16 12:33:02.095[0;39m [32m INFO[0;39m [35m9084[0;39m [2m---[0;39m [2m[  restartedMain][0;39m [36mtrationDelegate$BeanPostProcessorChecker[0;39m [2m:[0;39m Bean 'com.zhu.api_course.feign.UserService' of type [org.springframework.cloud.openfeign.FeignClientFactoryBean] is not eligible for getting processed by all BeanPostProcessors (for example: not eligible for auto-proxying)
[2m2022-04-16 12:33:02.096[0;39m [32m INFO[0;39m [35m9084[0;39m [2m---[0;39m [2m[  restartedMain][0;39m [36mtrationDelegate$BeanPostProcessorChecker[0;39m [2m:[0;39m Bean 'com.zhu.api_course.feign.VideoService' of type [org.springframework.cloud.openfeign.FeignClientFactoryBean] is not eligible for getting processed by all BeanPostProcessors (for example: not eligible for auto-proxying)
[2m2022-04-16 12:33:02.131[0;39m [32m INFO[0;39m [35m9084[0;39m [2m---[0;39m [2m[  restartedMain][0;39m [36mtrationDelegate$BeanPostProcessorChecker[0;39m [2m:[0;39m Bean 'mica.async-net.dreamlu.mica.props.MicaAsyncProperties' of type [net.dreamlu.mica.props.MicaAsyncProperties] is not eligible for getting processed by all BeanPostProcessors (for example: not eligible for auto-proxying)
[2m2022-04-16 12:33:02.133[0;39m [32m INFO[0;39m [35m9084[0;39m [2m---[0;39m [2m[  restartedMain][0;39m [36mtrationDelegate$BeanPostProcessorChecker[0;39m [2m:[0;39m Bean 'net.dreamlu.mica.config.MicaExecutorConfiguration' of type [net.dreamlu.mica.config.MicaExecutorConfiguration$$EnhancerBySpringCGLIB$$15c5737] is not eligible for getting processed by all BeanPostProcessors (for example: not eligible for auto-proxying)
[2m2022-04-16 12:33:02.201[0;39m [32m INFO[0;39m [35m9084[0;39m [2m---[0;39m [2m[  restartedMain][0;39m [36mtrationDelegate$BeanPostProcessorChecker[0;39m [2m:[0;39m Bean 'spring.datasource.dynamic-com.baomidou.dynamic.datasource.spring.boot.autoconfigure.DynamicDataSourceProperties' of type [com.baomidou.dynamic.datasource.spring.boot.autoconfigure.DynamicDataSourceProperties] is not eligible for getting processed by all BeanPostProcessors (for example: not eligible for auto-proxying)
[2m2022-04-16 12:33:02.337[0;39m [32m INFO[0;39m [35m9084[0;39m [2m---[0;39m [2m[  restartedMain][0;39m [36mtrationDelegate$BeanPostProcessorChecker[0;39m [2m:[0;39m Bean 'com.baomidou.dynamic.datasource.spring.boot.autoconfigure.DynamicDataSourceAutoConfiguration' of type [com.baomidou.dynamic.datasource.spring.boot.autoconfigure.DynamicDataSourceAutoConfiguration$$EnhancerBySpringCGLIB$$715cb865] is not eligible for getting processed by all BeanPostProcessors (for example: not eligible for auto-proxying)
[2m2022-04-16 12:33:02.344[0;39m [32m INFO[0;39m [35m9084[0;39m [2m---[0;39m [2m[  restartedMain][0;39m [36mtrationDelegate$BeanPostProcessorChecker[0;39m [2m:[0;39m Bean 'dsProcessor' of type [com.baomidou.dynamic.datasource.processor.DsHeaderProcessor] is not eligible for getting processed by all BeanPostProcessors (for example: not eligible for auto-proxying)
[2m2022-04-16 12:33:02.349[0;39m [32m INFO[0;39m [35m9084[0;39m [2m---[0;39m [2m[  restartedMain][0;39m [36mtrationDelegate$BeanPostProcessorChecker[0;39m [2m:[0;39m Bean 'dynamicDatasourceAnnotationAdvisor' of type [com.baomidou.dynamic.datasource.aop.DynamicDataSourceAnnotationAdvisor] is not eligible for getting processed by all BeanPostProcessors (for example: not eligible for auto-proxying)
[2m2022-04-16 12:33:02.666[0;39m [32m INFO[0;39m [35m7328[0;39m [2m---[0;39m [2m[  restartedMain][0;39m [36mc.n.c.sources.URLConfigurationSource    [0;39m [2m:[0;39m URLs to be used as dynamic configuration source: [file:/D:/Idea/projects/stock_learning/api_video/target/classes/config.properties]
[2m2022-04-16 12:33:02.676[0;39m [32m INFO[0;39m [35m7328[0;39m [2m---[0;39m [2m[  restartedMain][0;39m [36mc.n.c.sources.URLConfigurationSource    [0;39m [2m:[0;39m URLs to be used as dynamic configuration source: [file:/D:/Idea/projects/stock_learning/api_video/target/classes/config.properties]
[2m2022-04-16 12:33:02.976[0;39m [32m INFO[0;39m [35m7328[0;39m [2m---[0;39m [2m[  restartedMain][0;39m [36mo.s.s.concurrent.ThreadPoolTaskExecutor [0;39m [2m:[0;39m Initializing ExecutorService 'applicationTaskExecutor'
[2m2022-04-16 12:33:02.980[0;39m [32m INFO[0;39m [35m9084[0;39m [2m---[0;39m [2m[  restartedMain][0;39m [36mo.s.b.w.embedded.tomcat.TomcatWebServer [0;39m [2m:[0;39m Tomcat initialized with port(s): 8084 (http)
[2m2022-04-16 12:33:02.988[0;39m [32m INFO[0;39m [35m9084[0;39m [2m---[0;39m [2m[  restartedMain][0;39m [36mo.a.coyote.http11.Http11NioProtocol     [0;39m [2m:[0;39m Initializing ProtocolHandler ["http-nio-8084"]
[2m2022-04-16 12:33:02.989[0;39m [32m INFO[0;39m [35m9084[0;39m [2m---[0;39m [2m[  restartedMain][0;39m [36mo.apache.catalina.core.StandardService  [0;39m [2m:[0;39m Starting service [Tomcat]
[2m2022-04-16 12:33:02.989[0;39m [32m INFO[0;39m [35m9084[0;39m [2m---[0;39m [2m[  restartedMain][0;39m [36morg.apache.catalina.core.StandardEngine [0;39m [2m:[0;39m Starting Servlet engine: [Apache Tomcat/9.0.33]
[2m2022-04-16 12:33:03.057[0;39m [32m INFO[0;39m [35m7328[0;39m [2m---[0;39m [2m[  restartedMain][0;39m [36md.m.s.v.MicaRequestMappingHandlerMapping[0;39m [2m:[0;39m Mapped "{POST /img/upload}" onto com.zhu.api_video.controller.ImgController#imgUpload(MultipartFile)
[2m2022-04-16 12:33:03.057[0;39m [32m INFO[0;39m [35m7328[0;39m [2m---[0;39m [2m[  restartedMain][0;39m [36md.m.s.v.MicaRequestMappingHandlerMapping[0;39m [2m:[0;39m Mapped "{GET /video/listVideoByCourse/{courseId}}" onto com.zhu.api_video.controller.VideoController#listVideoByCourse(Integer)
[2m2022-04-16 12:33:03.058[0;39m [32m INFO[0;39m [35m7328[0;39m [2m---[0;39m [2m[  restartedMain][0;39m [36md.m.s.v.MicaRequestMappingHandlerMapping[0;39m [2m:[0;39m Mapped "{POST /video/upload}" onto com.zhu.api_video.controller.VideoController#videoUpload(MultipartFile, String, Integer)
[2m2022-04-16 12:33:03.058[0;39m [32m INFO[0;39m [35m7328[0;39m [2m---[0;39m [2m[  restartedMain][0;39m [36md.m.s.v.MicaRequestMappingHandlerMapping[0;39m [2m:[0;39m Mapped "{DELETE /video/delete/{id}}" onto com.zhu.api_video.controller.VideoController#videoDelete(Integer)
[2m2022-04-16 12:33:03.058[0;39m [32m INFO[0;39m [35m7328[0;39m [2m---[0;39m [2m[  restartedMain][0;39m [36md.m.s.v.MicaRequestMappingHandlerMapping[0;39m [2m:[0;39m Mapped "{POST /video/uploads}" onto com.zhu.api_video.controller.VideoController#videosUpload(MultipartFile[])
[2m2022-04-16 12:33:03.058[0;39m [32m INFO[0;39m [35m7328[0;39m [2m---[0;39m [2m[  restartedMain][0;39m [36md.m.s.v.MicaRequestMappingHandlerMapping[0;39m [2m:[0;39m Mapped "{ /error, produces [text/html]}" onto net.dreamlu.mica.servlet.error.MicaErrorController#errorHtml(HttpServletRequest, HttpServletResponse)
[2m2022-04-16 12:33:03.058[0;39m [32m INFO[0;39m [35m7328[0;39m [2m---[0;39m [2m[  restartedMain][0;39m [36md.m.s.v.MicaRequestMappingHandlerMapping[0;39m [2m:[0;39m Mapped "{ /error}" onto net.dreamlu.mica.servlet.error.MicaErrorController#error(HttpServletRequest)
[2m2022-04-16 12:33:03.134[0;39m [32m INFO[0;39m [35m9084[0;39m [2m---[0;39m [2m[  restartedMain][0;39m [36mo.a.c.c.C.[Tomcat].[localhost].[/]      [0;39m [2m:[0;39m Initializing Spring embedded WebApplicationContext
[2m2022-04-16 12:33:03.135[0;39m [32m INFO[0;39m [35m9084[0;39m [2m---[0;39m [2m[  restartedMain][0;39m [36mo.s.web.context.ContextLoader           [0;39m [2m:[0;39m Root WebApplicationContext: initialization completed in 2239 ms
[2m2022-04-16 12:33:03.175[0;39m [32m INFO[0;39m [35m7328[0;39m [2m---[0;39m [2m[  restartedMain][0;39m [36mo.s.s.c.ThreadPoolTaskScheduler         [0;39m [2m:[0;39m Initializing ExecutorService 'taskScheduler'
[2m2022-04-16 12:33:03.605[0;39m [32m INFO[0;39m [35m7328[0;39m [2m---[0;39m [2m[  restartedMain][0;39m [36mo.s.b.d.a.OptionalLiveReloadServer      [0;39m [2m:[0;39m LiveReload server is running on port 35729
[2m2022-04-16 12:33:04.909[0;39m [32m INFO[0;39m [35m9084[0;39m [2m---[0;39m [2m[  restartedMain][0;39m [36mcom.zaxxer.hikari.HikariDataSource      [0;39m [2m:[0;39m master - Starting...
[2m2022-04-16 12:33:05.040[0;39m [32m INFO[0;39m [35m9084[0;39m [2m---[0;39m [2m[  restartedMain][0;39m [36mcom.zaxxer.hikari.HikariDataSource      [0;39m [2m:[0;39m master - Start completed.
[2m2022-04-16 12:33:05.041[0;39m [32m INFO[0;39m [35m9084[0;39m [2m---[0;39m [2m[  restartedMain][0;39m [36mc.b.d.d.DynamicRoutingDataSource        [0;39m [2m:[0;39m dynamic-datasource - load a datasource named [master] success
[2m2022-04-16 12:33:05.041[0;39m [32m INFO[0;39m [35m9084[0;39m [2m---[0;39m [2m[  restartedMain][0;39m [36mc.b.d.d.DynamicRoutingDataSource        [0;39m [2m:[0;39m dynamic-datasource initial loaded [1] datasource,primary datasource named [master]
[2m2022-04-16 12:33:05.080[0;39m [32m INFO[0;39m [35m7328[0;39m [2m---[0;39m [2m[  restartedMain][0;39m [36mo.s.b.a.e.web.EndpointLinksResolver     [0;39m [2m:[0;39m Exposing 2 endpoint(s) beneath base path '/actuator'
[2m2022-04-16 12:33:06.545[0;39m [33m WARN[0;39m [35m9084[0;39m [2m---[0;39m [2m[  restartedMain][0;39m [36mo.s.b.d.a.OptionalLiveReloadServer      [0;39m [2m:[0;39m Unable to start LiveReload server
[2m2022-04-16 12:33:06.668[0;39m [32m INFO[0;39m [35m9084[0;39m [2m---[0;39m [2m[  restartedMain][0;39m [36mc.n.c.sources.URLConfigurationSource    [0;39m [2m:[0;39m URLs to be used as dynamic configuration source: [file:/D:/Idea/projects/stock_learning/api_course/target/classes/config.properties]
[2m2022-04-16 12:33:06.676[0;39m [32m INFO[0;39m [35m9084[0;39m [2m---[0;39m [2m[  restartedMain][0;39m [36mc.n.c.sources.URLConfigurationSource    [0;39m [2m:[0;39m URLs to be used as dynamic configuration source: [file:/D:/Idea/projects/stock_learning/api_course/target/classes/config.properties]
[2m2022-04-16 12:33:06.801[0;39m [32m INFO[0;39m [35m9084[0;39m [2m---[0;39m [2m[  restartedMain][0;39m [36mo.s.s.concurrent.ThreadPoolTaskExecutor [0;39m [2m:[0;39m Initializing ExecutorService 'applicationTaskExecutor'
[2m2022-04-16 12:33:06.879[0;39m [32m INFO[0;39m [35m9084[0;39m [2m---[0;39m [2m[  restartedMain][0;39m [36md.m.s.v.MicaRequestMappingHandlerMapping[0;39m [2m:[0;39m Mapped "{DELETE /course/deleteCourse/{id}}" onto com.zhu.api_course.controller.CourseController#deleteCourse(Integer)
[2m2022-04-16 12:33:06.879[0;39m [32m INFO[0;39m [35m9084[0;39m [2m---[0;39m [2m[  restartedMain][0;39m [36md.m.s.v.MicaRequestMappingHandlerMapping[0;39m [2m:[0;39m Mapped "{GET /course/listByUser/{userId}}" onto com.zhu.api_course.controller.CourseController#listByUser(Integer)
[2m2022-04-16 12:33:06.879[0;39m [32m INFO[0;39m [35m9084[0;39m [2m---[0;39m [2m[  restartedMain][0;39m [36md.m.s.v.MicaRequestMappingHandlerMapping[0;39m [2m:[0;39m Mapped "{GET /course/getOneWithVideo/{courseId}}" onto com.zhu.api_course.controller.CourseController#getOneWithVideo(Integer)
[2m2022-04-16 12:33:06.879[0;39m [32m INFO[0;39m [35m9084[0;39m [2m---[0;39m [2m[  restartedMain][0;39m [36md.m.s.v.MicaRequestMappingHandlerMapping[0;39m [2m:[0;39m Mapped "{GET /course/listWithVideo}" onto com.zhu.api_course.controller.CourseController#listWithVideo()
[2m2022-04-16 12:33:06.880[0;39m [32m INFO[0;39m [35m9084[0;39m [2m---[0;39m [2m[  restartedMain][0;39m [36md.m.s.v.MicaRequestMappingHandlerMapping[0;39m [2m:[0;39m Mapped "{PUT /course/buy}" onto com.zhu.api_course.controller.CourseController#addCourseToOrder(Integer, Integer)
[2m2022-04-16 12:33:06.880[0;39m [32m INFO[0;39m [35m9084[0;39m [2m---[0;39m [2m[  restartedMain][0;39m [36md.m.s.v.MicaRequestMappingHandlerMapping[0;39m [2m:[0;39m Mapped "{PUT /course/insertCourse}" onto com.zhu.api_course.controller.CourseController#insertCourse(Course, MultipartFile)
[2m2022-04-16 12:33:06.880[0;39m [32m INFO[0;39m [35m9084[0;39m [2m---[0;39m [2m[  restartedMain][0;39m [36md.m.s.v.MicaRequestMappingHandlerMapping[0;39m [2m:[0;39m Mapped "{GET /course/listAll}" onto com.zhu.api_course.controller.CourseController#listAll()
[2m2022-04-16 12:33:06.881[0;39m [32m INFO[0;39m [35m9084[0;39m [2m---[0;39m [2m[  restartedMain][0;39m [36md.m.s.v.MicaRequestMappingHandlerMapping[0;39m [2m:[0;39m Mapped "{ /error, produces [text/html]}" onto net.dreamlu.mica.servlet.error.MicaErrorController#errorHtml(HttpServletRequest, HttpServletResponse)
[2m2022-04-16 12:33:06.881[0;39m [32m INFO[0;39m [35m9084[0;39m [2m---[0;39m [2m[  restartedMain][0;39m [36md.m.s.v.MicaRequestMappingHandlerMapping[0;39m [2m:[0;39m Mapped "{ /error}" onto net.dreamlu.mica.servlet.error.MicaErrorController#error(HttpServletRequest)
[2m2022-04-16 12:33:06.922[0;39m [32m INFO[0;39m [35m7328[0;39m [2m---[0;39m [2m[  restartedMain][0;39m [36mo.a.coyote.http11.Http11NioProtocol     [0;39m [2m:[0;39m Starting ProtocolHandler ["http-nio-8083"]
[2m2022-04-16 12:33:06.947[0;39m [32m INFO[0;39m [35m7328[0;39m [2m---[0;39m [2m[  restartedMain][0;39m [36mo.s.b.w.embedded.tomcat.TomcatWebServer [0;39m [2m:[0;39m Tomcat started on port(s): 8083 (http) with context path ''
[2m2022-04-16 12:33:06.970[0;39m [32m INFO[0;39m [35m9084[0;39m [2m---[0;39m [2m[  restartedMain][0;39m [36mo.s.s.c.ThreadPoolTaskScheduler         [0;39m [2m:[0;39m Initializing ExecutorService 'taskScheduler'
[2m2022-04-16 12:33:08.203[0;39m [32m INFO[0;39m [35m9084[0;39m [2m---[0;39m [2m[  restartedMain][0;39m [36mo.s.b.a.e.web.EndpointLinksResolver     [0;39m [2m:[0;39m Exposing 2 endpoint(s) beneath base path '/actuator'
[2m2022-04-16 12:33:09.018[0;39m [32m INFO[0;39m [35m9084[0;39m [2m---[0;39m [2m[  restartedMain][0;39m [36mo.a.coyote.http11.Http11NioProtocol     [0;39m [2m:[0;39m Starting ProtocolHandler ["http-nio-8084"]
[2m2022-04-16 12:33:09.040[0;39m [32m INFO[0;39m [35m9084[0;39m [2m---[0;39m [2m[  restartedMain][0;39m [36mo.s.b.w.embedded.tomcat.TomcatWebServer [0;39m [2m:[0;39m Tomcat started on port(s): 8084 (http) with context path ''
[2m2022-04-16 12:33:09.085[0;39m [32m INFO[0;39m [35m9084[0;39m [2m---[0;39m [2m[  restartedMain][0;39m [36mc.a.c.n.registry.NacosServiceRegistry   [0;39m [2m:[0;39m nacos registry, DEFAULT_GROUP api-course 169.254.131.94:8084 register finished
[2m2022-04-16 12:33:09.968[0;39m [32m INFO[0;39m [35m7328[0;39m [2m---[0;39m [2m[  restartedMain][0;39m [36mc.a.c.n.registry.NacosServiceRegistry   [0;39m [2m:[0;39m nacos registry, DEFAULT_GROUP api-video 169.254.131.94:8083 register finished
[2m2022-04-16 12:33:10.032[0;39m [32m INFO[0;39m [35m9084[0;39m [2m---[0;39m [2m[  restartedMain][0;39m [36mcom.zhu.api_course.ApiCourseApplication [0;39m [2m:[0;39m Started ApiCourseApplication in 13.051 seconds (JVM running for 15.085)
[2m2022-04-16 12:33:11.137[0;39m [32m INFO[0;39m [35m7328[0;39m [2m---[0;39m [2m[  restartedMain][0;39m [36mcom.zhu.api_video.ApiVideoApplication   [0;39m [2m:[0;39m Started ApiVideoApplication in 18.672 seconds (JVM running for 20.522)
[2m2022-04-16 12:33:11.766[0;39m [32m INFO[0;39m [35m9084[0;39m [2m---[0;39m [2m[-223.240.250.13][0;39m [36mo.a.c.c.C.[Tomcat].[localhost].[/]      [0;39m [2m:[0;39m Initializing Spring DispatcherServlet 'dispatcherServlet'
[2m2022-04-16 12:33:11.767[0;39m [32m INFO[0;39m [35m9084[0;39m [2m---[0;39m [2m[-223.240.250.13][0;39m [36mo.s.web.servlet.DispatcherServlet       [0;39m [2m:[0;39m Initializing Servlet 'dispatcherServlet'
[2m2022-04-16 12:33:11.796[0;39m [32m INFO[0;39m [35m9084[0;39m [2m---[0;39m [2m[-223.240.250.13][0;39m [36mo.s.web.servlet.DispatcherServlet       [0;39m [2m:[0;39m Completed initialization in 28 ms
[2m2022-04-16 12:33:12.900[0;39m [32m INFO[0;39m [35m7328[0;39m [2m---[0;39m [2m[-223.240.250.13][0;39m [36mo.a.c.c.C.[Tomcat].[localhost].[/]      [0;39m [2m:[0;39m Initializing Spring DispatcherServlet 'dispatcherServlet'
[2m2022-04-16 12:33:12.901[0;39m [32m INFO[0;39m [35m7328[0;39m [2m---[0;39m [2m[-223.240.250.13][0;39m [36mo.s.web.servlet.DispatcherServlet       [0;39m [2m:[0;39m Initializing Servlet 'dispatcherServlet'
[2m2022-04-16 12:33:12.912[0;39m [32m INFO[0;39m [35m7328[0;39m [2m---[0;39m [2m[-223.240.250.13][0;39m [36mo.s.web.servlet.DispatcherServlet       [0;39m [2m:[0;39m Completed initialization in 11 ms
[2m2022-04-16 12:33:35.533[0;39m [32m INFO[0;39m [35m9084[0;39m [2m---[0;39m [2m[nio-8084-exec-3][0;39m [36mn.d.m.servlet.logger.RequestLogAspect   [0;39m [2m:[0;39m 

================  Request Start  ================
===> GET: /course/getOneWithVideo/1
================   Request End   ================

[2m2022-04-16 12:33:37.710[0;39m [32m INFO[0;39m [35m9084[0;39m [2m---[0;39m [2m[nio-8084-exec-3][0;39m [36mc.netflix.config.ChainedDynamicProperty [0;39m [2m:[0;39m Flipping property: api-video.ribbon.ActiveConnectionsLimit to use NEXT property: niws.loadbalancer.availabilityFilteringRule.activeConnectionsLimit = 2147483647
[2m2022-04-16 12:33:37.870[0;39m [32m INFO[0;39m [35m9084[0;39m [2m---[0;39m [2m[nio-8084-exec-3][0;39m [36mc.netflix.loadbalancer.BaseLoadBalancer [0;39m [2m:[0;39m Client: api-video instantiated a LoadBalancer: DynamicServerListLoadBalancer:{NFLoadBalancer:name=api-video,current list of Servers=[],Load balancer stats=Zone stats: {},Server stats: []}ServerList:null
[2m2022-04-16 12:33:37.876[0;39m [32m INFO[0;39m [35m9084[0;39m [2m---[0;39m [2m[nio-8084-exec-3][0;39m [36mc.n.l.DynamicServerListLoadBalancer     [0;39m [2m:[0;39m Using serverListUpdater PollingServerListUpdater
[2m2022-04-16 12:33:44.093[0;39m [32m INFO[0;39m [35m9084[0;39m [2m---[0;39m [2m[nio-8084-exec-3][0;39m [36mc.netflix.config.ChainedDynamicProperty [0;39m [2m:[0;39m Flipping property: api-video.ribbon.ActiveConnectionsLimit to use NEXT property: niws.loadbalancer.availabilityFilteringRule.activeConnectionsLimit = 2147483647
[2m2022-04-16 12:33:44.095[0;39m [32m INFO[0;39m [35m9084[0;39m [2m---[0;39m [2m[nio-8084-exec-3][0;39m [36mc.n.l.DynamicServerListLoadBalancer     [0;39m [2m:[0;39m DynamicServerListLoadBalancer for client api-video initialized: DynamicServerListLoadBalancer:{NFLoadBalancer:name=api-video,current list of Servers=[169.254.131.94:8083],Load balancer stats=Zone stats: {unknown=[Zone:unknown;	Instance count:1;	Active connections count: 0;	Circuit breaker tripped count: 0;	Active connections per server: 0.0;]
},Server stats: [[Server:169.254.131.94:8083;	Zone:UNKNOWN;	Total Requests:0;	Successive connection failure:0;	Total blackout seconds:0;	Last connection made:Thu Jan 01 08:00:00 CST 1970;	First connection made: Thu Jan 01 08:00:00 CST 1970;	Active Connections:0;	total failure count in last (1000) msecs:0;	average resp time:0.0;	90 percentile resp time:0.0;	95 percentile resp time:0.0;	min resp time:0.0;	max resp time:0.0;	stddev resp time:0.0]
]}ServerList:com.alibaba.cloud.nacos.ribbon.NacosServerList@a0c9679
[2m2022-04-16 12:33:44.600[0;39m [32m INFO[0;39m [35m9084[0;39m [2m---[0;39m [2m[nio-8084-exec-3][0;39m [36mn.d.m.servlet.logger.RequestLogAspect   [0;39m [2m:[0;39m 

================  Response Start  ================
<=== GET: /course/getOneWithVideo/1 (9067 ms)
================   Response End   ================

[2m2022-04-16 12:34:13.896[0;39m [32m INFO[0;39m [35m9084[0;39m [2m---[0;39m [2m[erListUpdater-0][0;39m [36mc.netflix.config.ChainedDynamicProperty [0;39m [2m:[0;39m Flipping property: api-video.ribbon.ActiveConnectionsLimit to use NEXT property: niws.loadbalancer.availabilityFilteringRule.activeConnectionsLimit = 2147483647
