[2m2022-04-05 18:24:18.608[0;39m [32m INFO[0;39m [35m53316[0;39m [2m---[0;39m [2m[  restartedMain][0;39m [36mcom.zhu.api_user.ApiUserApplication     [0;39m [2m:[0;39m The following profiles are active: dev,db
[2m2022-04-05 18:24:21.048[0;39m [33m WARN[0;39m [35m53316[0;39m [2m---[0;39m [2m[  restartedMain][0;39m [36mo.s.boot.actuate.endpoint.EndpointId    [0;39m [2m:[0;39m Endpoint ID 'service-registry' contains invalid characters, please migrate to a valid format.
[2m2022-04-05 18:24:21.247[0;39m [32m INFO[0;39m [35m53316[0;39m [2m---[0;39m [2m[  restartedMain][0;39m [36mo.s.cloud.context.scope.GenericScope    [0;39m [2m:[0;39m BeanFactory id=7e51f0c1-fd83-3523-b4f1-fc6baffa72a7
[2m2022-04-05 18:24:21.377[0;39m [32m INFO[0;39m [35m53316[0;39m [2m---[0;39m [2m[  restartedMain][0;39m [36mtrationDelegate$BeanPostProcessorChecker[0;39m [2m:[0;39m Bean 'mica.async-net.dreamlu.mica.props.MicaAsyncProperties' of type [net.dreamlu.mica.props.MicaAsyncProperties] is not eligible for getting processed by all BeanPostProcessors (for example: not eligible for auto-proxying)
[2m2022-04-05 18:24:21.379[0;39m [32m INFO[0;39m [35m53316[0;39m [2m---[0;39m [2m[  restartedMain][0;39m [36mtrationDelegate$BeanPostProcessorChecker[0;39m [2m:[0;39m Bean 'net.dreamlu.mica.config.MicaExecutorConfiguration' of type [net.dreamlu.mica.config.MicaExecutorConfiguration$$EnhancerBySpringCGLIB$$a3a77c8f] is not eligible for getting processed by all BeanPostProcessors (for example: not eligible for auto-proxying)
[2m2022-04-05 18:24:21.441[0;39m [32m INFO[0;39m [35m53316[0;39m [2m---[0;39m [2m[  restartedMain][0;39m [36mtrationDelegate$BeanPostProcessorChecker[0;39m [2m:[0;39m Bean 'spring.datasource.dynamic-com.baomidou.dynamic.datasource.spring.boot.autoconfigure.DynamicDataSourceProperties' of type [com.baomidou.dynamic.datasource.spring.boot.autoconfigure.DynamicDataSourceProperties] is not eligible for getting processed by all BeanPostProcessors (for example: not eligible for auto-proxying)
[2m2022-04-05 18:24:21.746[0;39m [32m INFO[0;39m [35m53316[0;39m [2m---[0;39m [2m[  restartedMain][0;39m [36mtrationDelegate$BeanPostProcessorChecker[0;39m [2m:[0;39m Bean 'com.baomidou.dynamic.datasource.spring.boot.autoconfigure.DynamicDataSourceAutoConfiguration' of type [com.baomidou.dynamic.datasource.spring.boot.autoconfigure.DynamicDataSourceAutoConfiguration$$EnhancerBySpringCGLIB$$13a7ddbd] is not eligible for getting processed by all BeanPostProcessors (for example: not eligible for auto-proxying)
[2m2022-04-05 18:24:21.755[0;39m [32m INFO[0;39m [35m53316[0;39m [2m---[0;39m [2m[  restartedMain][0;39m [36mtrationDelegate$BeanPostProcessorChecker[0;39m [2m:[0;39m Bean 'dsProcessor' of type [com.baomidou.dynamic.datasource.processor.DsHeaderProcessor] is not eligible for getting processed by all BeanPostProcessors (for example: not eligible for auto-proxying)
[2m2022-04-05 18:24:21.780[0;39m [32m INFO[0;39m [35m53316[0;39m [2m---[0;39m [2m[  restartedMain][0;39m [36mtrationDelegate$BeanPostProcessorChecker[0;39m [2m:[0;39m Bean 'dynamicDatasourceAnnotationAdvisor' of type [com.baomidou.dynamic.datasource.aop.DynamicDataSourceAnnotationAdvisor] is not eligible for getting processed by all BeanPostProcessors (for example: not eligible for auto-proxying)
[2m2022-04-05 18:24:22.764[0;39m [32m INFO[0;39m [35m53316[0;39m [2m---[0;39m [2m[  restartedMain][0;39m [36mo.s.b.w.embedded.tomcat.TomcatWebServer [0;39m [2m:[0;39m Tomcat initialized with port(s): 8082 (http)
[2m2022-04-05 18:24:22.771[0;39m [32m INFO[0;39m [35m53316[0;39m [2m---[0;39m [2m[  restartedMain][0;39m [36mo.a.coyote.http11.Http11NioProtocol     [0;39m [2m:[0;39m Initializing ProtocolHandler ["http-nio-8082"]
[2m2022-04-05 18:24:22.772[0;39m [32m INFO[0;39m [35m53316[0;39m [2m---[0;39m [2m[  restartedMain][0;39m [36mo.apache.catalina.core.StandardService  [0;39m [2m:[0;39m Starting service [Tomcat]
[2m2022-04-05 18:24:22.772[0;39m [32m INFO[0;39m [35m53316[0;39m [2m---[0;39m [2m[  restartedMain][0;39m [36morg.apache.catalina.core.StandardEngine [0;39m [2m:[0;39m Starting Servlet engine: [Apache Tomcat/9.0.33]
[2m2022-04-05 18:24:22.896[0;39m [32m INFO[0;39m [35m53316[0;39m [2m---[0;39m [2m[  restartedMain][0;39m [36mo.a.c.c.C.[Tomcat].[localhost].[/]      [0;39m [2m:[0;39m Initializing Spring embedded WebApplicationContext
[2m2022-04-05 18:24:22.896[0;39m [32m INFO[0;39m [35m53316[0;39m [2m---[0;39m [2m[  restartedMain][0;39m [36mo.s.web.context.ContextLoader           [0;39m [2m:[0;39m Root WebApplicationContext: initialization completed in 4257 ms
[2m2022-04-05 18:24:24.299[0;39m [32m INFO[0;39m [35m53316[0;39m [2m---[0;39m [2m[  restartedMain][0;39m [36mcom.zaxxer.hikari.HikariDataSource      [0;39m [2m:[0;39m master - Starting...
[2m2022-04-05 18:24:25.204[0;39m [32m INFO[0;39m [35m53316[0;39m [2m---[0;39m [2m[  restartedMain][0;39m [36mcom.zaxxer.hikari.HikariDataSource      [0;39m [2m:[0;39m master - Start completed.
[2m2022-04-05 18:24:25.205[0;39m [32m INFO[0;39m [35m53316[0;39m [2m---[0;39m [2m[  restartedMain][0;39m [36mc.b.d.d.DynamicRoutingDataSource        [0;39m [2m:[0;39m dynamic-datasource - load a datasource named [master] success
[2m2022-04-05 18:24:25.205[0;39m [32m INFO[0;39m [35m53316[0;39m [2m---[0;39m [2m[  restartedMain][0;39m [36mc.b.d.d.DynamicRoutingDataSource        [0;39m [2m:[0;39m dynamic-datasource initial loaded [1] datasource,primary datasource named [master]
[2m2022-04-05 18:24:26.801[0;39m [33m WARN[0;39m [35m53316[0;39m [2m---[0;39m [2m[  restartedMain][0;39m [36mc.n.c.sources.URLConfigurationSource    [0;39m [2m:[0;39m No URLs will be polled as dynamic configuration sources.
[2m2022-04-05 18:24:26.802[0;39m [32m INFO[0;39m [35m53316[0;39m [2m---[0;39m [2m[  restartedMain][0;39m [36mc.n.c.sources.URLConfigurationSource    [0;39m [2m:[0;39m To enable URLs as dynamic configuration sources, define System property archaius.configurationSource.additionalUrls or make config.properties available on classpath.
[2m2022-04-05 18:24:26.855[0;39m [33m WARN[0;39m [35m53316[0;39m [2m---[0;39m [2m[  restartedMain][0;39m [36mc.n.c.sources.URLConfigurationSource    [0;39m [2m:[0;39m No URLs will be polled as dynamic configuration sources.
[2m2022-04-05 18:24:26.855[0;39m [32m INFO[0;39m [35m53316[0;39m [2m---[0;39m [2m[  restartedMain][0;39m [36mc.n.c.sources.URLConfigurationSource    [0;39m [2m:[0;39m To enable URLs as dynamic configuration sources, define System property archaius.configurationSource.additionalUrls or make config.properties available on classpath.
[2m2022-04-05 18:24:27.130[0;39m [32m INFO[0;39m [35m53316[0;39m [2m---[0;39m [2m[  restartedMain][0;39m [36mo.s.s.concurrent.ThreadPoolTaskExecutor [0;39m [2m:[0;39m Initializing ExecutorService 'applicationTaskExecutor'
[2m2022-04-05 18:24:27.359[0;39m [32m INFO[0;39m [35m53316[0;39m [2m---[0;39m [2m[  restartedMain][0;39m [36md.m.s.v.MicaRequestMappingHandlerMapping[0;39m [2m:[0;39m Mapped "{GET /permission/getByUser/{id}}" onto com.zhu.api_user.controller.PermissionController#selectListByUser(Integer)
[2m2022-04-05 18:24:27.359[0;39m [32m INFO[0;39m [35m53316[0;39m [2m---[0;39m [2m[  restartedMain][0;39m [36md.m.s.v.MicaRequestMappingHandlerMapping[0;39m [2m:[0;39m Mapped "{ /error, produces [text/html]}" onto net.dreamlu.mica.servlet.error.MicaErrorController#errorHtml(HttpServletRequest, HttpServletResponse)
[2m2022-04-05 18:24:27.360[0;39m [32m INFO[0;39m [35m53316[0;39m [2m---[0;39m [2m[  restartedMain][0;39m [36md.m.s.v.MicaRequestMappingHandlerMapping[0;39m [2m:[0;39m Mapped "{ /error}" onto net.dreamlu.mica.servlet.error.MicaErrorController#error(HttpServletRequest)
[2m2022-04-05 18:24:27.840[0;39m [32m INFO[0;39m [35m53316[0;39m [2m---[0;39m [2m[  restartedMain][0;39m [36mo.s.s.c.ThreadPoolTaskScheduler         [0;39m [2m:[0;39m Initializing ExecutorService 'taskScheduler'
[2m2022-04-05 18:24:28.305[0;39m [32m INFO[0;39m [35m53316[0;39m [2m---[0;39m [2m[  restartedMain][0;39m [36mo.s.b.d.a.OptionalLiveReloadServer      [0;39m [2m:[0;39m LiveReload server is running on port 35729
[2m2022-04-05 18:24:29.389[0;39m [32m INFO[0;39m [35m53316[0;39m [2m---[0;39m [2m[  restartedMain][0;39m [36mo.s.b.a.e.web.EndpointLinksResolver     [0;39m [2m:[0;39m Exposing 2 endpoint(s) beneath base path '/actuator'
[2m2022-04-05 18:24:30.714[0;39m [32m INFO[0;39m [35m53316[0;39m [2m---[0;39m [2m[  restartedMain][0;39m [36mo.a.coyote.http11.Http11NioProtocol     [0;39m [2m:[0;39m Starting ProtocolHandler ["http-nio-8082"]
[2m2022-04-05 18:24:30.759[0;39m [32m INFO[0;39m [35m53316[0;39m [2m---[0;39m [2m[  restartedMain][0;39m [36mo.s.b.w.embedded.tomcat.TomcatWebServer [0;39m [2m:[0;39m Tomcat started on port(s): 8082 (http) with context path ''
[2m2022-04-05 18:24:47.644[0;39m [32m INFO[0;39m [35m53316[0;39m [2m---[0;39m [2m[  restartedMain][0;39m [36mc.a.c.n.registry.NacosServiceRegistry   [0;39m [2m:[0;39m nacos registry, DEFAULT_GROUP api-user 169.254.131.94:8082 register finished
[2m2022-04-05 18:24:48.669[0;39m [32m INFO[0;39m [35m53316[0;39m [2m---[0;39m [2m[  restartedMain][0;39m [36mcom.zhu.api_user.ApiUserApplication     [0;39m [2m:[0;39m Started ApiUserApplication in 33.67 seconds (JVM running for 37.222)
[2m2022-04-05 18:24:49.005[0;39m [32m INFO[0;39m [35m53316[0;39m [2m---[0;39m [2m[-114.97.210.137][0;39m [36mo.a.c.c.C.[Tomcat].[localhost].[/]      [0;39m [2m:[0;39m Initializing Spring DispatcherServlet 'dispatcherServlet'
[2m2022-04-05 18:24:49.006[0;39m [32m INFO[0;39m [35m53316[0;39m [2m---[0;39m [2m[-114.97.210.137][0;39m [36mo.s.web.servlet.DispatcherServlet       [0;39m [2m:[0;39m Initializing Servlet 'dispatcherServlet'
[2m2022-04-05 18:24:49.056[0;39m [32m INFO[0;39m [35m53316[0;39m [2m---[0;39m [2m[-114.97.210.137][0;39m [36mo.s.web.servlet.DispatcherServlet       [0;39m [2m:[0;39m Completed initialization in 50 ms
[2m2022-04-05 18:31:26.803[0;39m [31mERROR[0;39m [35m53316[0;39m [2m---[0;39m [2m[nio-8082-exec-1][0;39m [36mn.d.m.servlet.error.MicaErrorAttributes [0;39m [2m:[0;39m URL:/permission/getByUser/ error status:404
[2m2022-04-05 18:31:26.803[0;39m [31mERROR[0;39m [35m53316[0;39m [2m---[0;39m [2m[nio-8082-exec-2][0;39m [36mn.d.m.servlet.error.MicaErrorAttributes [0;39m [2m:[0;39m URL:/permission/getByUser/ error status:404
[2m2022-04-05 18:51:38.360[0;39m [32m INFO[0;39m [35m39912[0;39m [2m---[0;39m [2m[  restartedMain][0;39m [36mcom.zhu.api_user.ApiUserApplication     [0;39m [2m:[0;39m The following profiles are active: dev,db
[2m2022-04-05 18:51:39.776[0;39m [33m WARN[0;39m [35m39912[0;39m [2m---[0;39m [2m[  restartedMain][0;39m [36mo.s.boot.actuate.endpoint.EndpointId    [0;39m [2m:[0;39m Endpoint ID 'service-registry' contains invalid characters, please migrate to a valid format.
[2m2022-04-05 18:51:39.913[0;39m [32m INFO[0;39m [35m39912[0;39m [2m---[0;39m [2m[  restartedMain][0;39m [36mo.s.cloud.context.scope.GenericScope    [0;39m [2m:[0;39m BeanFactory id=7e51f0c1-fd83-3523-b4f1-fc6baffa72a7
[2m2022-04-05 18:51:40.027[0;39m [32m INFO[0;39m [35m39912[0;39m [2m---[0;39m [2m[  restartedMain][0;39m [36mtrationDelegate$BeanPostProcessorChecker[0;39m [2m:[0;39m Bean 'mica.async-net.dreamlu.mica.props.MicaAsyncProperties' of type [net.dreamlu.mica.props.MicaAsyncProperties] is not eligible for getting processed by all BeanPostProcessors (for example: not eligible for auto-proxying)
[2m2022-04-05 18:51:40.028[0;39m [32m INFO[0;39m [35m39912[0;39m [2m---[0;39m [2m[  restartedMain][0;39m [36mtrationDelegate$BeanPostProcessorChecker[0;39m [2m:[0;39m Bean 'net.dreamlu.mica.config.MicaExecutorConfiguration' of type [net.dreamlu.mica.config.MicaExecutorConfiguration$$EnhancerBySpringCGLIB$$56657b8b] is not eligible for getting processed by all BeanPostProcessors (for example: not eligible for auto-proxying)
[2m2022-04-05 18:51:40.075[0;39m [32m INFO[0;39m [35m39912[0;39m [2m---[0;39m [2m[  restartedMain][0;39m [36mtrationDelegate$BeanPostProcessorChecker[0;39m [2m:[0;39m Bean 'spring.datasource.dynamic-com.baomidou.dynamic.datasource.spring.boot.autoconfigure.DynamicDataSourceProperties' of type [com.baomidou.dynamic.datasource.spring.boot.autoconfigure.DynamicDataSourceProperties] is not eligible for getting processed by all BeanPostProcessors (for example: not eligible for auto-proxying)
[2m2022-04-05 18:51:40.193[0;39m [32m INFO[0;39m [35m39912[0;39m [2m---[0;39m [2m[  restartedMain][0;39m [36mtrationDelegate$BeanPostProcessorChecker[0;39m [2m:[0;39m Bean 'com.baomidou.dynamic.datasource.spring.boot.autoconfigure.DynamicDataSourceAutoConfiguration' of type [com.baomidou.dynamic.datasource.spring.boot.autoconfigure.DynamicDataSourceAutoConfiguration$$EnhancerBySpringCGLIB$$c665dcb9] is not eligible for getting processed by all BeanPostProcessors (for example: not eligible for auto-proxying)
[2m2022-04-05 18:51:40.210[0;39m [32m INFO[0;39m [35m39912[0;39m [2m---[0;39m [2m[  restartedMain][0;39m [36mtrationDelegate$BeanPostProcessorChecker[0;39m [2m:[0;39m Bean 'dsProcessor' of type [com.baomidou.dynamic.datasource.processor.DsHeaderProcessor] is not eligible for getting processed by all BeanPostProcessors (for example: not eligible for auto-proxying)
[2m2022-04-05 18:51:40.218[0;39m [32m INFO[0;39m [35m39912[0;39m [2m---[0;39m [2m[  restartedMain][0;39m [36mtrationDelegate$BeanPostProcessorChecker[0;39m [2m:[0;39m Bean 'dynamicDatasourceAnnotationAdvisor' of type [com.baomidou.dynamic.datasource.aop.DynamicDataSourceAnnotationAdvisor] is not eligible for getting processed by all BeanPostProcessors (for example: not eligible for auto-proxying)
[2m2022-04-05 18:51:41.698[0;39m [32m INFO[0;39m [35m39912[0;39m [2m---[0;39m [2m[  restartedMain][0;39m [36mo.s.b.w.embedded.tomcat.TomcatWebServer [0;39m [2m:[0;39m Tomcat initialized with port(s): 8082 (http)
[2m2022-04-05 18:51:41.723[0;39m [32m INFO[0;39m [35m39912[0;39m [2m---[0;39m [2m[  restartedMain][0;39m [36mo.a.coyote.http11.Http11NioProtocol     [0;39m [2m:[0;39m Initializing ProtocolHandler ["http-nio-8082"]
[2m2022-04-05 18:51:41.724[0;39m [32m INFO[0;39m [35m39912[0;39m [2m---[0;39m [2m[  restartedMain][0;39m [36mo.apache.catalina.core.StandardService  [0;39m [2m:[0;39m Starting service [Tomcat]
[2m2022-04-05 18:51:41.725[0;39m [32m INFO[0;39m [35m39912[0;39m [2m---[0;39m [2m[  restartedMain][0;39m [36morg.apache.catalina.core.StandardEngine [0;39m [2m:[0;39m Starting Servlet engine: [Apache Tomcat/9.0.33]
[2m2022-04-05 18:51:42.355[0;39m [32m INFO[0;39m [35m39912[0;39m [2m---[0;39m [2m[  restartedMain][0;39m [36mo.a.c.c.C.[Tomcat].[localhost].[/]      [0;39m [2m:[0;39m Initializing Spring embedded WebApplicationContext
[2m2022-04-05 18:51:42.355[0;39m [32m INFO[0;39m [35m39912[0;39m [2m---[0;39m [2m[  restartedMain][0;39m [36mo.s.web.context.ContextLoader           [0;39m [2m:[0;39m Root WebApplicationContext: initialization completed in 3981 ms
[2m2022-04-05 18:51:43.772[0;39m [32m INFO[0;39m [35m39912[0;39m [2m---[0;39m [2m[  restartedMain][0;39m [36mcom.zaxxer.hikari.HikariDataSource      [0;39m [2m:[0;39m master - Starting...
[2m2022-04-05 18:51:44.568[0;39m [32m INFO[0;39m [35m39912[0;39m [2m---[0;39m [2m[  restartedMain][0;39m [36mcom.zaxxer.hikari.HikariDataSource      [0;39m [2m:[0;39m master - Start completed.
[2m2022-04-05 18:51:44.568[0;39m [32m INFO[0;39m [35m39912[0;39m [2m---[0;39m [2m[  restartedMain][0;39m [36mc.b.d.d.DynamicRoutingDataSource        [0;39m [2m:[0;39m dynamic-datasource - load a datasource named [master] success
[2m2022-04-05 18:51:44.568[0;39m [32m INFO[0;39m [35m39912[0;39m [2m---[0;39m [2m[  restartedMain][0;39m [36mc.b.d.d.DynamicRoutingDataSource        [0;39m [2m:[0;39m dynamic-datasource initial loaded [1] datasource,primary datasource named [master]
[2m2022-04-05 18:51:46.065[0;39m [33m WARN[0;39m [35m39912[0;39m [2m---[0;39m [2m[  restartedMain][0;39m [36mc.n.c.sources.URLConfigurationSource    [0;39m [2m:[0;39m No URLs will be polled as dynamic configuration sources.
[2m2022-04-05 18:51:46.065[0;39m [32m INFO[0;39m [35m39912[0;39m [2m---[0;39m [2m[  restartedMain][0;39m [36mc.n.c.sources.URLConfigurationSource    [0;39m [2m:[0;39m To enable URLs as dynamic configuration sources, define System property archaius.configurationSource.additionalUrls or make config.properties available on classpath.
[2m2022-04-05 18:51:46.069[0;39m [33m WARN[0;39m [35m39912[0;39m [2m---[0;39m [2m[  restartedMain][0;39m [36mc.n.c.sources.URLConfigurationSource    [0;39m [2m:[0;39m No URLs will be polled as dynamic configuration sources.
[2m2022-04-05 18:51:46.069[0;39m [32m INFO[0;39m [35m39912[0;39m [2m---[0;39m [2m[  restartedMain][0;39m [36mc.n.c.sources.URLConfigurationSource    [0;39m [2m:[0;39m To enable URLs as dynamic configuration sources, define System property archaius.configurationSource.additionalUrls or make config.properties available on classpath.
[2m2022-04-05 18:51:46.721[0;39m [32m INFO[0;39m [35m39912[0;39m [2m---[0;39m [2m[  restartedMain][0;39m [36mo.s.s.concurrent.ThreadPoolTaskExecutor [0;39m [2m:[0;39m Initializing ExecutorService 'applicationTaskExecutor'
[2m2022-04-05 18:51:47.301[0;39m [32m INFO[0;39m [35m39912[0;39m [2m---[0;39m [2m[  restartedMain][0;39m [36md.m.s.v.MicaRequestMappingHandlerMapping[0;39m [2m:[0;39m Mapped "{GET /permission/getByUser/{id}}" onto com.zhu.api_user.controller.PermissionController#selectListByUser(Integer)
[2m2022-04-05 18:51:47.302[0;39m [32m INFO[0;39m [35m39912[0;39m [2m---[0;39m [2m[  restartedMain][0;39m [36md.m.s.v.MicaRequestMappingHandlerMapping[0;39m [2m:[0;39m Mapped "{ /error, produces [text/html]}" onto net.dreamlu.mica.servlet.error.MicaErrorController#errorHtml(HttpServletRequest, HttpServletResponse)
[2m2022-04-05 18:51:47.302[0;39m [32m INFO[0;39m [35m39912[0;39m [2m---[0;39m [2m[  restartedMain][0;39m [36md.m.s.v.MicaRequestMappingHandlerMapping[0;39m [2m:[0;39m Mapped "{ /error}" onto net.dreamlu.mica.servlet.error.MicaErrorController#error(HttpServletRequest)
[2m2022-04-05 18:51:47.493[0;39m [32m INFO[0;39m [35m39912[0;39m [2m---[0;39m [2m[  restartedMain][0;39m [36mo.s.s.c.ThreadPoolTaskScheduler         [0;39m [2m:[0;39m Initializing ExecutorService 'taskScheduler'
[2m2022-04-05 18:51:48.543[0;39m [32m INFO[0;39m [35m39912[0;39m [2m---[0;39m [2m[  restartedMain][0;39m [36mo.s.b.d.a.OptionalLiveReloadServer      [0;39m [2m:[0;39m LiveReload server is running on port 35729
[2m2022-04-05 18:51:50.698[0;39m [32m INFO[0;39m [35m39912[0;39m [2m---[0;39m [2m[  restartedMain][0;39m [36mo.s.b.a.e.web.EndpointLinksResolver     [0;39m [2m:[0;39m Exposing 2 endpoint(s) beneath base path '/actuator'
[2m2022-04-05 18:51:55.023[0;39m [32m INFO[0;39m [35m39912[0;39m [2m---[0;39m [2m[  restartedMain][0;39m [36mo.a.coyote.http11.Http11NioProtocol     [0;39m [2m:[0;39m Starting ProtocolHandler ["http-nio-8082"]
[2m2022-04-05 18:51:55.117[0;39m [32m INFO[0;39m [35m39912[0;39m [2m---[0;39m [2m[  restartedMain][0;39m [36mo.s.b.w.embedded.tomcat.TomcatWebServer [0;39m [2m:[0;39m Tomcat started on port(s): 8082 (http) with context path ''
[2m2022-04-05 18:51:55.259[0;39m [32m INFO[0;39m [35m39912[0;39m [2m---[0;39m [2m[  restartedMain][0;39m [36mc.a.c.n.registry.NacosServiceRegistry   [0;39m [2m:[0;39m nacos registry, DEFAULT_GROUP api-user 169.254.131.94:8082 register finished
[2m2022-04-05 18:51:56.194[0;39m [32m INFO[0;39m [35m39912[0;39m [2m---[0;39m [2m[  restartedMain][0;39m [36mcom.zhu.api_user.ApiUserApplication     [0;39m [2m:[0;39m Started ApiUserApplication in 21.07 seconds (JVM running for 23.362)
[2m2022-04-05 18:51:57.553[0;39m [32m INFO[0;39m [35m39912[0;39m [2m---[0;39m [2m[-114.97.210.137][0;39m [36mo.a.c.c.C.[Tomcat].[localhost].[/]      [0;39m [2m:[0;39m Initializing Spring DispatcherServlet 'dispatcherServlet'
[2m2022-04-05 18:51:57.553[0;39m [32m INFO[0;39m [35m39912[0;39m [2m---[0;39m [2m[-114.97.210.137][0;39m [36mo.s.web.servlet.DispatcherServlet       [0;39m [2m:[0;39m Initializing Servlet 'dispatcherServlet'
[2m2022-04-05 18:51:57.700[0;39m [32m INFO[0;39m [35m39912[0;39m [2m---[0;39m [2m[-114.97.210.137][0;39m [36mo.s.web.servlet.DispatcherServlet       [0;39m [2m:[0;39m Completed initialization in 146 ms
