[2m2022-04-04 18:20:05.940[0;39m [31mERROR[0;39m [35m51064[0;39m [2m---[0;39m [2m[nio-8082-exec-1][0;39m [36mn.d.m.servlet.error.MicaErrorAttributes [0;39m [2m:[0;39m URL:/ error status:404
[2m2022-04-04 18:20:33.424[0;39m [31mERROR[0;39m [35m51064[0;39m [2m---[0;39m [2m[nio-8082-exec-2][0;39m [36mn.d.m.servlet.error.MicaErrorAttributes [0;39m [2m:[0;39m URL:/permission error status:404
[2m2022-04-04 21:33:11.495[0;39m [31mERROR[0;39m [35m45720[0;39m [2m---[0;39m [2m[  restartedMain][0;39m [36mo.s.b.d.LoggingFailureAnalysisReporter  [0;39m [2m:[0;39m 

***************************
APPLICATION FAILED TO START
***************************

Description:

The dependencies of some of the beans in the application context form a cycle:

   permissionController defined in file [D:\Idea\projects\stock_learning\api_user\target\classes\com\zhu\api_user\controller\PermissionController.class]
â”Œâ”€â”€â”€â”€â”€â”
|  permissionServiceImpl defined in file [D:\Idea\projects\stock_learning\api_user\target\classes\com\zhu\api_user\service\impl\PermissionServiceImpl.class]
â””â”€â”€â”€â”€â”€â”˜


[2m2022-04-04 21:35:29.736[0;39m [31mERROR[0;39m [35m49808[0;39m [2m---[0;39m [2m[  restartedMain][0;39m [36mo.s.b.d.LoggingFailureAnalysisReporter  [0;39m [2m:[0;39m 

***************************
APPLICATION FAILED TO START
***************************

Description:

The dependencies of some of the beans in the application context form a cycle:

   permissionController defined in file [D:\Idea\projects\stock_learning\api_user\target\classes\com\zhu\api_user\controller\PermissionController.class]
â”Œâ”€â”€â”€â”€â”€â”
|  permissionServiceImpl defined in file [D:\Idea\projects\stock_learning\api_user\target\classes\com\zhu\api_user\service\impl\PermissionServiceImpl.class]
â””â”€â”€â”€â”€â”€â”˜


[2m2022-04-04 21:42:47.935[0;39m [31mERROR[0;39m [35m49656[0;39m [2m---[0;39m [2m[  restartedMain][0;39m [36mo.s.b.d.LoggingFailureAnalysisReporter  [0;39m [2m:[0;39m 

***************************
APPLICATION FAILED TO START
***************************

Description:

The dependencies of some of the beans in the application context form a cycle:

   permissionController defined in file [D:\Idea\projects\stock_learning\api_user\target\classes\com\zhu\api_user\controller\PermissionController.class]
â”Œâ”€â”€â”€â”€â”€â”
|  permissionServiceImpl defined in file [D:\Idea\projects\stock_learning\api_user\target\classes\com\zhu\api_user\service\impl\PermissionServiceImpl.class]
â””â”€â”€â”€â”€â”€â”˜


[2m2022-04-04 21:43:53.217[0;39m [31mERROR[0;39m [35m51936[0;39m [2m---[0;39m [2m[  restartedMain][0;39m [36mo.s.b.d.LoggingFailureAnalysisReporter  [0;39m [2m:[0;39m 

***************************
APPLICATION FAILED TO START
***************************

Description:

The dependencies of some of the beans in the application context form a cycle:

   requestPathController defined in file [D:\Idea\projects\stock_learning\api_user\target\classes\com\zhu\api_user\controller\RequestPathController.class]
â”Œâ”€â”€â”€â”€â”€â”
|  requestPathServiceImpl defined in file [D:\Idea\projects\stock_learning\api_user\target\classes\com\zhu\api_user\service\impl\RequestPathServiceImpl.class]
â””â”€â”€â”€â”€â”€â”˜


