[2m2022-04-04 18:19:41.798[0;39m [32m INFO[0;39m [35m51064[0;39m [2m---[0;39m [2m[  restartedMain][0;39m [36mcom.zhu.api_user.ApiUserApplication     [0;39m [2m:[0;39m Starting ApiUserApplication on DESKTOP-KEIOEHO with PID 51064 (D:\Idea\projects\stock_learning\api_user\target\classes started by ZHU in D:\Idea\projects\stock_learning)
[2m2022-04-04 18:19:41.818[0;39m [32m INFO[0;39m [35m51064[0;39m [2m---[0;39m [2m[  restartedMain][0;39m [36mcom.zhu.api_user.ApiUserApplication     [0;39m [2m:[0;39m The following profiles are active: dev,db
[2m2022-04-04 18:19:41.961[0;39m [32m INFO[0;39m [35m51064[0;39m [2m---[0;39m [2m[  restartedMain][0;39m [36m.e.DevToolsPropertyDefaultsPostProcessor[0;39m [2m:[0;39m Devtools property defaults active! Set 'spring.devtools.add-properties' to 'false' to disable
[2m2022-04-04 18:19:41.962[0;39m [32m INFO[0;39m [35m51064[0;39m [2m---[0;39m [2m[  restartedMain][0;39m [36m.e.DevToolsPropertyDefaultsPostProcessor[0;39m [2m:[0;39m For additional web related logging consider setting the 'logging.level.web' property to 'DEBUG'
[2m2022-04-04 18:19:45.295[0;39m [32m INFO[0;39m [35m51064[0;39m [2m---[0;39m [2m[  restartedMain][0;39m [36mtrationDelegate$BeanPostProcessorChecker[0;39m [2m:[0;39m Bean 'mica.async-net.dreamlu.mica.props.MicaAsyncProperties' of type [net.dreamlu.mica.props.MicaAsyncProperties] is not eligible for getting processed by all BeanPostProcessors (for example: not eligible for auto-proxying)
[2m2022-04-04 18:19:45.297[0;39m [32m INFO[0;39m [35m51064[0;39m [2m---[0;39m [2m[  restartedMain][0;39m [36mtrationDelegate$BeanPostProcessorChecker[0;39m [2m:[0;39m Bean 'net.dreamlu.mica.config.MicaExecutorConfiguration' of type [net.dreamlu.mica.config.MicaExecutorConfiguration$$EnhancerBySpringCGLIB$$1e722247] is not eligible for getting processed by all BeanPostProcessors (for example: not eligible for auto-proxying)
[2m2022-04-04 18:19:45.379[0;39m [32m INFO[0;39m [35m51064[0;39m [2m---[0;39m [2m[  restartedMain][0;39m [36mtrationDelegate$BeanPostProcessorChecker[0;39m [2m:[0;39m Bean 'spring.datasource.dynamic-com.baomidou.dynamic.datasource.spring.boot.autoconfigure.DynamicDataSourceProperties' of type [com.baomidou.dynamic.datasource.spring.boot.autoconfigure.DynamicDataSourceProperties] is not eligible for getting processed by all BeanPostProcessors (for example: not eligible for auto-proxying)
[2m2022-04-04 18:19:45.589[0;39m [32m INFO[0;39m [35m51064[0;39m [2m---[0;39m [2m[  restartedMain][0;39m [36mtrationDelegate$BeanPostProcessorChecker[0;39m [2m:[0;39m Bean 'com.baomidou.dynamic.datasource.spring.boot.autoconfigure.DynamicDataSourceAutoConfiguration' of type [com.baomidou.dynamic.datasource.spring.boot.autoconfigure.DynamicDataSourceAutoConfiguration$$EnhancerBySpringCGLIB$$8e728375] is not eligible for getting processed by all BeanPostProcessors (for example: not eligible for auto-proxying)
[2m2022-04-04 18:19:45.601[0;39m [32m INFO[0;39m [35m51064[0;39m [2m---[0;39m [2m[  restartedMain][0;39m [36mtrationDelegate$BeanPostProcessorChecker[0;39m [2m:[0;39m Bean 'dsProcessor' of type [com.baomidou.dynamic.datasource.processor.DsHeaderProcessor] is not eligible for getting processed by all BeanPostProcessors (for example: not eligible for auto-proxying)
[2m2022-04-04 18:19:45.608[0;39m [32m INFO[0;39m [35m51064[0;39m [2m---[0;39m [2m[  restartedMain][0;39m [36mtrationDelegate$BeanPostProcessorChecker[0;39m [2m:[0;39m Bean 'dynamicDatasourceAnnotationAdvisor' of type [com.baomidou.dynamic.datasource.aop.DynamicDataSourceAnnotationAdvisor] is not eligible for getting processed by all BeanPostProcessors (for example: not eligible for auto-proxying)
[2m2022-04-04 18:19:46.299[0;39m [32m INFO[0;39m [35m51064[0;39m [2m---[0;39m [2m[  restartedMain][0;39m [36mo.s.b.w.embedded.tomcat.TomcatWebServer [0;39m [2m:[0;39m Tomcat initialized with port(s): 8082 (http)
[2m2022-04-04 18:19:46.362[0;39m [32m INFO[0;39m [35m51064[0;39m [2m---[0;39m [2m[  restartedMain][0;39m [36mo.a.coyote.http11.Http11NioProtocol     [0;39m [2m:[0;39m Initializing ProtocolHandler ["http-nio-8082"]
[2m2022-04-04 18:19:46.363[0;39m [32m INFO[0;39m [35m51064[0;39m [2m---[0;39m [2m[  restartedMain][0;39m [36mo.apache.catalina.core.StandardService  [0;39m [2m:[0;39m Starting service [Tomcat]
[2m2022-04-04 18:19:46.363[0;39m [32m INFO[0;39m [35m51064[0;39m [2m---[0;39m [2m[  restartedMain][0;39m [36morg.apache.catalina.core.StandardEngine [0;39m [2m:[0;39m Starting Servlet engine: [Apache Tomcat/9.0.33]
[2m2022-04-04 18:19:46.520[0;39m [32m INFO[0;39m [35m51064[0;39m [2m---[0;39m [2m[  restartedMain][0;39m [36mo.a.c.c.C.[Tomcat].[localhost].[/]      [0;39m [2m:[0;39m Initializing Spring embedded WebApplicationContext
[2m2022-04-04 18:19:46.521[0;39m [32m INFO[0;39m [35m51064[0;39m [2m---[0;39m [2m[  restartedMain][0;39m [36mo.s.web.context.ContextLoader           [0;39m [2m:[0;39m Root WebApplicationContext: initialization completed in 4559 ms
[2m2022-04-04 18:19:46.880[0;39m [32m INFO[0;39m [35m51064[0;39m [2m---[0;39m [2m[  restartedMain][0;39m [36mcom.zaxxer.hikari.HikariDataSource      [0;39m [2m:[0;39m master - Starting...
[2m2022-04-04 18:19:47.233[0;39m [32m INFO[0;39m [35m51064[0;39m [2m---[0;39m [2m[  restartedMain][0;39m [36mcom.zaxxer.hikari.HikariDataSource      [0;39m [2m:[0;39m master - Start completed.
[2m2022-04-04 18:19:47.234[0;39m [32m INFO[0;39m [35m51064[0;39m [2m---[0;39m [2m[  restartedMain][0;39m [36mc.b.d.d.DynamicRoutingDataSource        [0;39m [2m:[0;39m dynamic-datasource - load a datasource named [master] success
[2m2022-04-04 18:19:47.234[0;39m [32m INFO[0;39m [35m51064[0;39m [2m---[0;39m [2m[  restartedMain][0;39m [36mc.b.d.d.DynamicRoutingDataSource        [0;39m [2m:[0;39m dynamic-datasource initial loaded [1] datasource,primary datasource named [master]
[2m2022-04-04 18:19:49.352[0;39m [32m INFO[0;39m [35m51064[0;39m [2m---[0;39m [2m[  restartedMain][0;39m [36mo.s.s.concurrent.ThreadPoolTaskExecutor [0;39m [2m:[0;39m Initializing ExecutorService 'applicationTaskExecutor'
[2m2022-04-04 18:19:49.477[0;39m [32m INFO[0;39m [35m51064[0;39m [2m---[0;39m [2m[  restartedMain][0;39m [36md.m.s.v.MicaRequestMappingHandlerMapping[0;39m [2m:[0;39m Mapped "{ /error, produces [text/html]}" onto net.dreamlu.mica.servlet.error.MicaErrorController#errorHtml(HttpServletRequest, HttpServletResponse)
[2m2022-04-04 18:19:49.477[0;39m [32m INFO[0;39m [35m51064[0;39m [2m---[0;39m [2m[  restartedMain][0;39m [36md.m.s.v.MicaRequestMappingHandlerMapping[0;39m [2m:[0;39m Mapped "{ /error}" onto net.dreamlu.mica.servlet.error.MicaErrorController#error(HttpServletRequest)
[2m2022-04-04 18:19:50.322[0;39m [32m INFO[0;39m [35m51064[0;39m [2m---[0;39m [2m[  restartedMain][0;39m [36mo.s.s.c.ThreadPoolTaskScheduler         [0;39m [2m:[0;39m Initializing ExecutorService 'taskScheduler'
[2m2022-04-04 18:19:50.417[0;39m [32m INFO[0;39m [35m51064[0;39m [2m---[0;39m [2m[  restartedMain][0;39m [36mo.s.b.d.a.OptionalLiveReloadServer      [0;39m [2m:[0;39m LiveReload server is running on port 35729
[2m2022-04-04 18:19:50.429[0;39m [32m INFO[0;39m [35m51064[0;39m [2m---[0;39m [2m[  restartedMain][0;39m [36mo.s.b.a.e.web.EndpointLinksResolver     [0;39m [2m:[0;39m Exposing 2 endpoint(s) beneath base path '/actuator'
[2m2022-04-04 18:19:51.502[0;39m [32m INFO[0;39m [35m51064[0;39m [2m---[0;39m [2m[  restartedMain][0;39m [36mo.a.coyote.http11.Http11NioProtocol     [0;39m [2m:[0;39m Starting ProtocolHandler ["http-nio-8082"]
[2m2022-04-04 18:19:51.531[0;39m [32m INFO[0;39m [35m51064[0;39m [2m---[0;39m [2m[  restartedMain][0;39m [36mo.s.b.w.embedded.tomcat.TomcatWebServer [0;39m [2m:[0;39m Tomcat started on port(s): 8082 (http) with context path ''
[2m2022-04-04 18:19:51.538[0;39m [32m INFO[0;39m [35m51064[0;39m [2m---[0;39m [2m[  restartedMain][0;39m [36mcom.zhu.api_user.ApiUserApplication     [0;39m [2m:[0;39m Started ApiUserApplication in 11.213 seconds (JVM running for 14.168)
[2m2022-04-04 18:19:53.733[0;39m [32m INFO[0;39m [35m51064[0;39m [2m---[0;39m [2m[-223.240.251.15][0;39m [36mo.a.c.c.C.[Tomcat].[localhost].[/]      [0;39m [2m:[0;39m Initializing Spring DispatcherServlet 'dispatcherServlet'
[2m2022-04-04 18:19:53.734[0;39m [32m INFO[0;39m [35m51064[0;39m [2m---[0;39m [2m[-223.240.251.15][0;39m [36mo.s.web.servlet.DispatcherServlet       [0;39m [2m:[0;39m Initializing Servlet 'dispatcherServlet'
[2m2022-04-04 18:19:53.746[0;39m [32m INFO[0;39m [35m51064[0;39m [2m---[0;39m [2m[-223.240.251.15][0;39m [36mo.s.web.servlet.DispatcherServlet       [0;39m [2m:[0;39m Completed initialization in 12 ms
[2m2022-04-04 18:20:05.940[0;39m [31mERROR[0;39m [35m51064[0;39m [2m---[0;39m [2m[nio-8082-exec-1][0;39m [36mn.d.m.servlet.error.MicaErrorAttributes [0;39m [2m:[0;39m URL:/ error status:404
[2m2022-04-04 18:20:33.424[0;39m [31mERROR[0;39m [35m51064[0;39m [2m---[0;39m [2m[nio-8082-exec-2][0;39m [36mn.d.m.servlet.error.MicaErrorAttributes [0;39m [2m:[0;39m URL:/permission error status:404
[2m2022-04-04 18:30:38.729[0;39m [32m INFO[0;39m [35m39464[0;39m [2m---[0;39m [2m[  restartedMain][0;39m [36mcom.zhu.api_user.ApiUserApplication     [0;39m [2m:[0;39m Starting ApiUserApplication on DESKTOP-KEIOEHO with PID 39464 (D:\Idea\projects\stock_learning\api_user\target\classes started by ZHU in D:\Idea\projects\stock_learning)
[2m2022-04-04 18:30:38.732[0;39m [32m INFO[0;39m [35m39464[0;39m [2m---[0;39m [2m[  restartedMain][0;39m [36mcom.zhu.api_user.ApiUserApplication     [0;39m [2m:[0;39m The following profiles are active: dev,db
[2m2022-04-04 18:30:38.772[0;39m [32m INFO[0;39m [35m39464[0;39m [2m---[0;39m [2m[  restartedMain][0;39m [36m.e.DevToolsPropertyDefaultsPostProcessor[0;39m [2m:[0;39m Devtools property defaults active! Set 'spring.devtools.add-properties' to 'false' to disable
[2m2022-04-04 18:30:38.772[0;39m [32m INFO[0;39m [35m39464[0;39m [2m---[0;39m [2m[  restartedMain][0;39m [36m.e.DevToolsPropertyDefaultsPostProcessor[0;39m [2m:[0;39m For additional web related logging consider setting the 'logging.level.web' property to 'DEBUG'
[2m2022-04-04 18:30:39.934[0;39m [32m INFO[0;39m [35m39464[0;39m [2m---[0;39m [2m[  restartedMain][0;39m [36mtrationDelegate$BeanPostProcessorChecker[0;39m [2m:[0;39m Bean 'mica.async-net.dreamlu.mica.props.MicaAsyncProperties' of type [net.dreamlu.mica.props.MicaAsyncProperties] is not eligible for getting processed by all BeanPostProcessors (for example: not eligible for auto-proxying)
[2m2022-04-04 18:30:39.935[0;39m [32m INFO[0;39m [35m39464[0;39m [2m---[0;39m [2m[  restartedMain][0;39m [36mtrationDelegate$BeanPostProcessorChecker[0;39m [2m:[0;39m Bean 'net.dreamlu.mica.config.MicaExecutorConfiguration' of type [net.dreamlu.mica.config.MicaExecutorConfiguration$$EnhancerBySpringCGLIB$$55e3621f] is not eligible for getting processed by all BeanPostProcessors (for example: not eligible for auto-proxying)
[2m2022-04-04 18:30:40.008[0;39m [32m INFO[0;39m [35m39464[0;39m [2m---[0;39m [2m[  restartedMain][0;39m [36mtrationDelegate$BeanPostProcessorChecker[0;39m [2m:[0;39m Bean 'spring.datasource.dynamic-com.baomidou.dynamic.datasource.spring.boot.autoconfigure.DynamicDataSourceProperties' of type [com.baomidou.dynamic.datasource.spring.boot.autoconfigure.DynamicDataSourceProperties] is not eligible for getting processed by all BeanPostProcessors (for example: not eligible for auto-proxying)
[2m2022-04-04 18:30:40.116[0;39m [32m INFO[0;39m [35m39464[0;39m [2m---[0;39m [2m[  restartedMain][0;39m [36mtrationDelegate$BeanPostProcessorChecker[0;39m [2m:[0;39m Bean 'com.baomidou.dynamic.datasource.spring.boot.autoconfigure.DynamicDataSourceAutoConfiguration' of type [com.baomidou.dynamic.datasource.spring.boot.autoconfigure.DynamicDataSourceAutoConfiguration$$EnhancerBySpringCGLIB$$c5e3c34d] is not eligible for getting processed by all BeanPostProcessors (for example: not eligible for auto-proxying)
[2m2022-04-04 18:30:40.124[0;39m [32m INFO[0;39m [35m39464[0;39m [2m---[0;39m [2m[  restartedMain][0;39m [36mtrationDelegate$BeanPostProcessorChecker[0;39m [2m:[0;39m Bean 'dsProcessor' of type [com.baomidou.dynamic.datasource.processor.DsHeaderProcessor] is not eligible for getting processed by all BeanPostProcessors (for example: not eligible for auto-proxying)
[2m2022-04-04 18:30:40.128[0;39m [32m INFO[0;39m [35m39464[0;39m [2m---[0;39m [2m[  restartedMain][0;39m [36mtrationDelegate$BeanPostProcessorChecker[0;39m [2m:[0;39m Bean 'dynamicDatasourceAnnotationAdvisor' of type [com.baomidou.dynamic.datasource.aop.DynamicDataSourceAnnotationAdvisor] is not eligible for getting processed by all BeanPostProcessors (for example: not eligible for auto-proxying)
[2m2022-04-04 18:30:40.536[0;39m [32m INFO[0;39m [35m39464[0;39m [2m---[0;39m [2m[  restartedMain][0;39m [36mo.s.b.w.embedded.tomcat.TomcatWebServer [0;39m [2m:[0;39m Tomcat initialized with port(s): 8082 (http)
[2m2022-04-04 18:30:40.586[0;39m [32m INFO[0;39m [35m39464[0;39m [2m---[0;39m [2m[  restartedMain][0;39m [36mo.a.coyote.http11.Http11NioProtocol     [0;39m [2m:[0;39m Initializing ProtocolHandler ["http-nio-8082"]
[2m2022-04-04 18:30:40.587[0;39m [32m INFO[0;39m [35m39464[0;39m [2m---[0;39m [2m[  restartedMain][0;39m [36mo.apache.catalina.core.StandardService  [0;39m [2m:[0;39m Starting service [Tomcat]
[2m2022-04-04 18:30:40.587[0;39m [32m INFO[0;39m [35m39464[0;39m [2m---[0;39m [2m[  restartedMain][0;39m [36morg.apache.catalina.core.StandardEngine [0;39m [2m:[0;39m Starting Servlet engine: [Apache Tomcat/9.0.33]
[2m2022-04-04 18:30:40.683[0;39m [32m INFO[0;39m [35m39464[0;39m [2m---[0;39m [2m[  restartedMain][0;39m [36mo.a.c.c.C.[Tomcat].[localhost].[/]      [0;39m [2m:[0;39m Initializing Spring embedded WebApplicationContext
[2m2022-04-04 18:30:40.683[0;39m [32m INFO[0;39m [35m39464[0;39m [2m---[0;39m [2m[  restartedMain][0;39m [36mo.s.web.context.ContextLoader           [0;39m [2m:[0;39m Root WebApplicationContext: initialization completed in 1911 ms
[2m2022-04-04 18:30:40.889[0;39m [32m INFO[0;39m [35m39464[0;39m [2m---[0;39m [2m[  restartedMain][0;39m [36mcom.zaxxer.hikari.HikariDataSource      [0;39m [2m:[0;39m master - Starting...
[2m2022-04-04 18:30:41.016[0;39m [32m INFO[0;39m [35m39464[0;39m [2m---[0;39m [2m[  restartedMain][0;39m [36mcom.zaxxer.hikari.HikariDataSource      [0;39m [2m:[0;39m master - Start completed.
[2m2022-04-04 18:30:41.017[0;39m [32m INFO[0;39m [35m39464[0;39m [2m---[0;39m [2m[  restartedMain][0;39m [36mc.b.d.d.DynamicRoutingDataSource        [0;39m [2m:[0;39m dynamic-datasource - load a datasource named [master] success
[2m2022-04-04 18:30:41.017[0;39m [32m INFO[0;39m [35m39464[0;39m [2m---[0;39m [2m[  restartedMain][0;39m [36mc.b.d.d.DynamicRoutingDataSource        [0;39m [2m:[0;39m dynamic-datasource initial loaded [1] datasource,primary datasource named [master]
[2m2022-04-04 18:30:42.759[0;39m [32m INFO[0;39m [35m39464[0;39m [2m---[0;39m [2m[  restartedMain][0;39m [36mo.s.s.concurrent.ThreadPoolTaskExecutor [0;39m [2m:[0;39m Initializing ExecutorService 'applicationTaskExecutor'
[2m2022-04-04 18:30:42.834[0;39m [32m INFO[0;39m [35m39464[0;39m [2m---[0;39m [2m[  restartedMain][0;39m [36md.m.s.v.MicaRequestMappingHandlerMapping[0;39m [2m:[0;39m Mapped "{GET /permission/test}" onto com.zhu.api_user.controller.PermissionController#test()
[2m2022-04-04 18:30:42.835[0;39m [32m INFO[0;39m [35m39464[0;39m [2m---[0;39m [2m[  restartedMain][0;39m [36md.m.s.v.MicaRequestMappingHandlerMapping[0;39m [2m:[0;39m Mapped "{ /error, produces [text/html]}" onto net.dreamlu.mica.servlet.error.MicaErrorController#errorHtml(HttpServletRequest, HttpServletResponse)
[2m2022-04-04 18:30:42.835[0;39m [32m INFO[0;39m [35m39464[0;39m [2m---[0;39m [2m[  restartedMain][0;39m [36md.m.s.v.MicaRequestMappingHandlerMapping[0;39m [2m:[0;39m Mapped "{ /error}" onto net.dreamlu.mica.servlet.error.MicaErrorController#error(HttpServletRequest)
[2m2022-04-04 18:30:43.133[0;39m [32m INFO[0;39m [35m39464[0;39m [2m---[0;39m [2m[  restartedMain][0;39m [36mo.s.s.c.ThreadPoolTaskScheduler         [0;39m [2m:[0;39m Initializing ExecutorService 'taskScheduler'
[2m2022-04-04 18:30:43.197[0;39m [32m INFO[0;39m [35m39464[0;39m [2m---[0;39m [2m[  restartedMain][0;39m [36mo.s.b.d.a.OptionalLiveReloadServer      [0;39m [2m:[0;39m LiveReload server is running on port 35729
[2m2022-04-04 18:30:43.206[0;39m [32m INFO[0;39m [35m39464[0;39m [2m---[0;39m [2m[  restartedMain][0;39m [36mo.s.b.a.e.web.EndpointLinksResolver     [0;39m [2m:[0;39m Exposing 2 endpoint(s) beneath base path '/actuator'
[2m2022-04-04 18:30:44.060[0;39m [32m INFO[0;39m [35m39464[0;39m [2m---[0;39m [2m[  restartedMain][0;39m [36mo.a.coyote.http11.Http11NioProtocol     [0;39m [2m:[0;39m Starting ProtocolHandler ["http-nio-8082"]
[2m2022-04-04 18:30:44.086[0;39m [32m INFO[0;39m [35m39464[0;39m [2m---[0;39m [2m[  restartedMain][0;39m [36mo.s.b.w.embedded.tomcat.TomcatWebServer [0;39m [2m:[0;39m Tomcat started on port(s): 8082 (http) with context path ''
[2m2022-04-04 18:30:44.092[0;39m [32m INFO[0;39m [35m39464[0;39m [2m---[0;39m [2m[  restartedMain][0;39m [36mcom.zhu.api_user.ApiUserApplication     [0;39m [2m:[0;39m Started ApiUserApplication in 5.91 seconds (JVM running for 7.649)
[2m2022-04-04 18:30:45.770[0;39m [32m INFO[0;39m [35m39464[0;39m [2m---[0;39m [2m[-223.240.251.15][0;39m [36mo.a.c.c.C.[Tomcat].[localhost].[/]      [0;39m [2m:[0;39m Initializing Spring DispatcherServlet 'dispatcherServlet'
[2m2022-04-04 18:30:45.771[0;39m [32m INFO[0;39m [35m39464[0;39m [2m---[0;39m [2m[-223.240.251.15][0;39m [36mo.s.web.servlet.DispatcherServlet       [0;39m [2m:[0;39m Initializing Servlet 'dispatcherServlet'
[2m2022-04-04 18:30:45.784[0;39m [32m INFO[0;39m [35m39464[0;39m [2m---[0;39m [2m[-223.240.251.15][0;39m [36mo.s.web.servlet.DispatcherServlet       [0;39m [2m:[0;39m Completed initialization in 13 ms
[2m2022-04-04 18:31:01.683[0;39m [32m INFO[0;39m [35m39464[0;39m [2m---[0;39m [2m[nio-8082-exec-1][0;39m [36mn.d.m.servlet.logger.RequestLogAspect   [0;39m [2m:[0;39m 

================  Request Start  ================
===> GET: /permission/test
================   Request End   ================

[2m2022-04-04 18:31:01.688[0;39m [32m INFO[0;39m [35m39464[0;39m [2m---[0;39m [2m[nio-8082-exec-1][0;39m [36mn.d.m.servlet.logger.RequestLogAspect   [0;39m [2m:[0;39m 

================  Response Start  ================
<=== GET: /permission/test (5 ms)
================   Response End   ================

[2m2022-04-04 18:42:06.015[0;39m [32m INFO[0;39m [35m51804[0;39m [2m---[0;39m [2m[  restartedMain][0;39m [36mcom.zhu.api_user.ApiUserApplication     [0;39m [2m:[0;39m Starting ApiUserApplication on DESKTOP-KEIOEHO with PID 51804 (D:\Idea\projects\stock_learning\api_user\target\classes started by ZHU in D:\Idea\projects\stock_learning)
[2m2022-04-04 18:42:06.017[0;39m [32m INFO[0;39m [35m51804[0;39m [2m---[0;39m [2m[  restartedMain][0;39m [36mcom.zhu.api_user.ApiUserApplication     [0;39m [2m:[0;39m The following profiles are active: dev,db
[2m2022-04-04 18:42:06.079[0;39m [32m INFO[0;39m [35m51804[0;39m [2m---[0;39m [2m[  restartedMain][0;39m [36m.e.DevToolsPropertyDefaultsPostProcessor[0;39m [2m:[0;39m Devtools property defaults active! Set 'spring.devtools.add-properties' to 'false' to disable
[2m2022-04-04 18:42:06.079[0;39m [32m INFO[0;39m [35m51804[0;39m [2m---[0;39m [2m[  restartedMain][0;39m [36m.e.DevToolsPropertyDefaultsPostProcessor[0;39m [2m:[0;39m For additional web related logging consider setting the 'logging.level.web' property to 'DEBUG'
[2m2022-04-04 18:42:07.158[0;39m [32m INFO[0;39m [35m51804[0;39m [2m---[0;39m [2m[  restartedMain][0;39m [36mtrationDelegate$BeanPostProcessorChecker[0;39m [2m:[0;39m Bean 'mica.async-net.dreamlu.mica.props.MicaAsyncProperties' of type [net.dreamlu.mica.props.MicaAsyncProperties] is not eligible for getting processed by all BeanPostProcessors (for example: not eligible for auto-proxying)
[2m2022-04-04 18:42:07.159[0;39m [32m INFO[0;39m [35m51804[0;39m [2m---[0;39m [2m[  restartedMain][0;39m [36mtrationDelegate$BeanPostProcessorChecker[0;39m [2m:[0;39m Bean 'net.dreamlu.mica.config.MicaExecutorConfiguration' of type [net.dreamlu.mica.config.MicaExecutorConfiguration$$EnhancerBySpringCGLIB$$ba2e3886] is not eligible for getting processed by all BeanPostProcessors (for example: not eligible for auto-proxying)
[2m2022-04-04 18:42:07.217[0;39m [32m INFO[0;39m [35m51804[0;39m [2m---[0;39m [2m[  restartedMain][0;39m [36mtrationDelegate$BeanPostProcessorChecker[0;39m [2m:[0;39m Bean 'spring.datasource.dynamic-com.baomidou.dynamic.datasource.spring.boot.autoconfigure.DynamicDataSourceProperties' of type [com.baomidou.dynamic.datasource.spring.boot.autoconfigure.DynamicDataSourceProperties] is not eligible for getting processed by all BeanPostProcessors (for example: not eligible for auto-proxying)
[2m2022-04-04 18:42:07.324[0;39m [32m INFO[0;39m [35m51804[0;39m [2m---[0;39m [2m[  restartedMain][0;39m [36mtrationDelegate$BeanPostProcessorChecker[0;39m [2m:[0;39m Bean 'com.baomidou.dynamic.datasource.spring.boot.autoconfigure.DynamicDataSourceAutoConfiguration' of type [com.baomidou.dynamic.datasource.spring.boot.autoconfigure.DynamicDataSourceAutoConfiguration$$EnhancerBySpringCGLIB$$2a2e99b4] is not eligible for getting processed by all BeanPostProcessors (for example: not eligible for auto-proxying)
[2m2022-04-04 18:42:07.331[0;39m [32m INFO[0;39m [35m51804[0;39m [2m---[0;39m [2m[  restartedMain][0;39m [36mtrationDelegate$BeanPostProcessorChecker[0;39m [2m:[0;39m Bean 'dsProcessor' of type [com.baomidou.dynamic.datasource.processor.DsHeaderProcessor] is not eligible for getting processed by all BeanPostProcessors (for example: not eligible for auto-proxying)
[2m2022-04-04 18:42:07.335[0;39m [32m INFO[0;39m [35m51804[0;39m [2m---[0;39m [2m[  restartedMain][0;39m [36mtrationDelegate$BeanPostProcessorChecker[0;39m [2m:[0;39m Bean 'dynamicDatasourceAnnotationAdvisor' of type [com.baomidou.dynamic.datasource.aop.DynamicDataSourceAnnotationAdvisor] is not eligible for getting processed by all BeanPostProcessors (for example: not eligible for auto-proxying)
[2m2022-04-04 18:42:07.674[0;39m [32m INFO[0;39m [35m51804[0;39m [2m---[0;39m [2m[  restartedMain][0;39m [36mo.s.b.w.embedded.tomcat.TomcatWebServer [0;39m [2m:[0;39m Tomcat initialized with port(s): 8082 (http)
[2m2022-04-04 18:42:07.725[0;39m [32m INFO[0;39m [35m51804[0;39m [2m---[0;39m [2m[  restartedMain][0;39m [36mo.a.coyote.http11.Http11NioProtocol     [0;39m [2m:[0;39m Initializing ProtocolHandler ["http-nio-8082"]
[2m2022-04-04 18:42:07.726[0;39m [32m INFO[0;39m [35m51804[0;39m [2m---[0;39m [2m[  restartedMain][0;39m [36mo.apache.catalina.core.StandardService  [0;39m [2m:[0;39m Starting service [Tomcat]
[2m2022-04-04 18:42:07.726[0;39m [32m INFO[0;39m [35m51804[0;39m [2m---[0;39m [2m[  restartedMain][0;39m [36morg.apache.catalina.core.StandardEngine [0;39m [2m:[0;39m Starting Servlet engine: [Apache Tomcat/9.0.33]
[2m2022-04-04 18:42:07.826[0;39m [32m INFO[0;39m [35m51804[0;39m [2m---[0;39m [2m[  restartedMain][0;39m [36mo.a.c.c.C.[Tomcat].[localhost].[/]      [0;39m [2m:[0;39m Initializing Spring embedded WebApplicationContext
[2m2022-04-04 18:42:07.827[0;39m [32m INFO[0;39m [35m51804[0;39m [2m---[0;39m [2m[  restartedMain][0;39m [36mo.s.web.context.ContextLoader           [0;39m [2m:[0;39m Root WebApplicationContext: initialization completed in 1747 ms
[2m2022-04-04 18:42:08.010[0;39m [32m INFO[0;39m [35m51804[0;39m [2m---[0;39m [2m[  restartedMain][0;39m [36mcom.zaxxer.hikari.HikariDataSource      [0;39m [2m:[0;39m master - Starting...
[2m2022-04-04 18:42:08.118[0;39m [32m INFO[0;39m [35m51804[0;39m [2m---[0;39m [2m[  restartedMain][0;39m [36mcom.zaxxer.hikari.HikariDataSource      [0;39m [2m:[0;39m master - Start completed.
[2m2022-04-04 18:42:08.119[0;39m [32m INFO[0;39m [35m51804[0;39m [2m---[0;39m [2m[  restartedMain][0;39m [36mc.b.d.d.DynamicRoutingDataSource        [0;39m [2m:[0;39m dynamic-datasource - load a datasource named [master] success
[2m2022-04-04 18:42:08.119[0;39m [32m INFO[0;39m [35m51804[0;39m [2m---[0;39m [2m[  restartedMain][0;39m [36mc.b.d.d.DynamicRoutingDataSource        [0;39m [2m:[0;39m dynamic-datasource initial loaded [1] datasource,primary datasource named [master]
[2m2022-04-04 18:42:09.746[0;39m [32m INFO[0;39m [35m51804[0;39m [2m---[0;39m [2m[  restartedMain][0;39m [36mo.s.s.concurrent.ThreadPoolTaskExecutor [0;39m [2m:[0;39m Initializing ExecutorService 'applicationTaskExecutor'
[2m2022-04-04 18:42:09.821[0;39m [32m INFO[0;39m [35m51804[0;39m [2m---[0;39m [2m[  restartedMain][0;39m [36md.m.s.v.MicaRequestMappingHandlerMapping[0;39m [2m:[0;39m Mapped "{GET /permission/test}" onto com.zhu.api_user.controller.PermissionController#test()
[2m2022-04-04 18:42:09.822[0;39m [32m INFO[0;39m [35m51804[0;39m [2m---[0;39m [2m[  restartedMain][0;39m [36md.m.s.v.MicaRequestMappingHandlerMapping[0;39m [2m:[0;39m Mapped "{ /error, produces [text/html]}" onto net.dreamlu.mica.servlet.error.MicaErrorController#errorHtml(HttpServletRequest, HttpServletResponse)
[2m2022-04-04 18:42:09.822[0;39m [32m INFO[0;39m [35m51804[0;39m [2m---[0;39m [2m[  restartedMain][0;39m [36md.m.s.v.MicaRequestMappingHandlerMapping[0;39m [2m:[0;39m Mapped "{ /error}" onto net.dreamlu.mica.servlet.error.MicaErrorController#error(HttpServletRequest)
[2m2022-04-04 18:42:10.097[0;39m [32m INFO[0;39m [35m51804[0;39m [2m---[0;39m [2m[  restartedMain][0;39m [36mo.s.s.c.ThreadPoolTaskScheduler         [0;39m [2m:[0;39m Initializing ExecutorService 'taskScheduler'
[2m2022-04-04 18:42:10.161[0;39m [32m INFO[0;39m [35m51804[0;39m [2m---[0;39m [2m[  restartedMain][0;39m [36mo.s.b.d.a.OptionalLiveReloadServer      [0;39m [2m:[0;39m LiveReload server is running on port 35729
[2m2022-04-04 18:42:10.169[0;39m [32m INFO[0;39m [35m51804[0;39m [2m---[0;39m [2m[  restartedMain][0;39m [36mo.s.b.a.e.web.EndpointLinksResolver     [0;39m [2m:[0;39m Exposing 2 endpoint(s) beneath base path '/actuator'
[2m2022-04-04 18:42:10.991[0;39m [32m INFO[0;39m [35m51804[0;39m [2m---[0;39m [2m[  restartedMain][0;39m [36mo.a.coyote.http11.Http11NioProtocol     [0;39m [2m:[0;39m Starting ProtocolHandler ["http-nio-8082"]
[2m2022-04-04 18:42:11.014[0;39m [32m INFO[0;39m [35m51804[0;39m [2m---[0;39m [2m[  restartedMain][0;39m [36mo.s.b.w.embedded.tomcat.TomcatWebServer [0;39m [2m:[0;39m Tomcat started on port(s): 8082 (http) with context path ''
[2m2022-04-04 18:42:11.020[0;39m [32m INFO[0;39m [35m51804[0;39m [2m---[0;39m [2m[  restartedMain][0;39m [36mcom.zhu.api_user.ApiUserApplication     [0;39m [2m:[0;39m Started ApiUserApplication in 5.573 seconds (JVM running for 7.293)
[2m2022-04-04 18:42:12.171[0;39m [32m INFO[0;39m [35m51804[0;39m [2m---[0;39m [2m[-223.240.251.15][0;39m [36mo.a.c.c.C.[Tomcat].[localhost].[/]      [0;39m [2m:[0;39m Initializing Spring DispatcherServlet 'dispatcherServlet'
[2m2022-04-04 18:42:12.171[0;39m [32m INFO[0;39m [35m51804[0;39m [2m---[0;39m [2m[-223.240.251.15][0;39m [36mo.s.web.servlet.DispatcherServlet       [0;39m [2m:[0;39m Initializing Servlet 'dispatcherServlet'
[2m2022-04-04 18:42:12.195[0;39m [32m INFO[0;39m [35m51804[0;39m [2m---[0;39m [2m[-223.240.251.15][0;39m [36mo.s.web.servlet.DispatcherServlet       [0;39m [2m:[0;39m Completed initialization in 23 ms
[2m2022-04-04 18:42:19.271[0;39m [32m INFO[0;39m [35m51804[0;39m [2m---[0;39m [2m[nio-8082-exec-1][0;39m [36mn.d.m.servlet.logger.RequestLogAspect   [0;39m [2m:[0;39m 

================  Request Start  ================
===> GET: /permission/test
================   Request End   ================

[2m2022-04-04 18:42:19.277[0;39m [32m INFO[0;39m [35m51804[0;39m [2m---[0;39m [2m[nio-8082-exec-1][0;39m [36mn.d.m.servlet.logger.RequestLogAspect   [0;39m [2m:[0;39m 

================  Response Start  ================
<=== GET: /permission/test (7 ms)
================   Response End   ================

[2m2022-04-04 21:32:50.895[0;39m [32m INFO[0;39m [35m45720[0;39m [2m---[0;39m [2m[  restartedMain][0;39m [36mcom.zhu.api_user.ApiUserApplication     [0;39m [2m:[0;39m The following profiles are active: dev,db
[2m2022-04-04 21:32:55.747[0;39m [33m WARN[0;39m [35m45720[0;39m [2m---[0;39m [2m[  restartedMain][0;39m [36mo.s.boot.actuate.endpoint.EndpointId    [0;39m [2m:[0;39m Endpoint ID 'service-registry' contains invalid characters, please migrate to a valid format.
[2m2022-04-04 21:32:56.040[0;39m [32m INFO[0;39m [35m45720[0;39m [2m---[0;39m [2m[  restartedMain][0;39m [36mo.s.cloud.context.scope.GenericScope    [0;39m [2m:[0;39m BeanFactory id=7e51f0c1-fd83-3523-b4f1-fc6baffa72a7
[2m2022-04-04 21:32:56.312[0;39m [32m INFO[0;39m [35m45720[0;39m [2m---[0;39m [2m[  restartedMain][0;39m [36mtrationDelegate$BeanPostProcessorChecker[0;39m [2m:[0;39m Bean 'mica.async-net.dreamlu.mica.props.MicaAsyncProperties' of type [net.dreamlu.mica.props.MicaAsyncProperties] is not eligible for getting processed by all BeanPostProcessors (for example: not eligible for auto-proxying)
[2m2022-04-04 21:32:56.313[0;39m [32m INFO[0;39m [35m45720[0;39m [2m---[0;39m [2m[  restartedMain][0;39m [36mtrationDelegate$BeanPostProcessorChecker[0;39m [2m:[0;39m Bean 'net.dreamlu.mica.config.MicaExecutorConfiguration' of type [net.dreamlu.mica.config.MicaExecutorConfiguration$$EnhancerBySpringCGLIB$$f14b0464] is not eligible for getting processed by all BeanPostProcessors (for example: not eligible for auto-proxying)
[2m2022-04-04 21:32:56.476[0;39m [32m INFO[0;39m [35m45720[0;39m [2m---[0;39m [2m[  restartedMain][0;39m [36mtrationDelegate$BeanPostProcessorChecker[0;39m [2m:[0;39m Bean 'spring.datasource.dynamic-com.baomidou.dynamic.datasource.spring.boot.autoconfigure.DynamicDataSourceProperties' of type [com.baomidou.dynamic.datasource.spring.boot.autoconfigure.DynamicDataSourceProperties] is not eligible for getting processed by all BeanPostProcessors (for example: not eligible for auto-proxying)
[2m2022-04-04 21:32:56.909[0;39m [32m INFO[0;39m [35m45720[0;39m [2m---[0;39m [2m[  restartedMain][0;39m [36mtrationDelegate$BeanPostProcessorChecker[0;39m [2m:[0;39m Bean 'com.baomidou.dynamic.datasource.spring.boot.autoconfigure.DynamicDataSourceAutoConfiguration' of type [com.baomidou.dynamic.datasource.spring.boot.autoconfigure.DynamicDataSourceAutoConfiguration$$EnhancerBySpringCGLIB$$614b6592] is not eligible for getting processed by all BeanPostProcessors (for example: not eligible for auto-proxying)
[2m2022-04-04 21:32:56.920[0;39m [32m INFO[0;39m [35m45720[0;39m [2m---[0;39m [2m[  restartedMain][0;39m [36mtrationDelegate$BeanPostProcessorChecker[0;39m [2m:[0;39m Bean 'dsProcessor' of type [com.baomidou.dynamic.datasource.processor.DsHeaderProcessor] is not eligible for getting processed by all BeanPostProcessors (for example: not eligible for auto-proxying)
[2m2022-04-04 21:32:56.967[0;39m [32m INFO[0;39m [35m45720[0;39m [2m---[0;39m [2m[  restartedMain][0;39m [36mtrationDelegate$BeanPostProcessorChecker[0;39m [2m:[0;39m Bean 'dynamicDatasourceAnnotationAdvisor' of type [com.baomidou.dynamic.datasource.aop.DynamicDataSourceAnnotationAdvisor] is not eligible for getting processed by all BeanPostProcessors (for example: not eligible for auto-proxying)
[2m2022-04-04 21:32:59.397[0;39m [32m INFO[0;39m [35m45720[0;39m [2m---[0;39m [2m[  restartedMain][0;39m [36mo.s.b.w.embedded.tomcat.TomcatWebServer [0;39m [2m:[0;39m Tomcat initialized with port(s): 8082 (http)
[2m2022-04-04 21:32:59.407[0;39m [32m INFO[0;39m [35m45720[0;39m [2m---[0;39m [2m[  restartedMain][0;39m [36mo.a.coyote.http11.Http11NioProtocol     [0;39m [2m:[0;39m Initializing ProtocolHandler ["http-nio-8082"]
[2m2022-04-04 21:32:59.408[0;39m [32m INFO[0;39m [35m45720[0;39m [2m---[0;39m [2m[  restartedMain][0;39m [36mo.apache.catalina.core.StandardService  [0;39m [2m:[0;39m Starting service [Tomcat]
[2m2022-04-04 21:32:59.408[0;39m [32m INFO[0;39m [35m45720[0;39m [2m---[0;39m [2m[  restartedMain][0;39m [36morg.apache.catalina.core.StandardEngine [0;39m [2m:[0;39m Starting Servlet engine: [Apache Tomcat/9.0.33]
[2m2022-04-04 21:32:59.733[0;39m [32m INFO[0;39m [35m45720[0;39m [2m---[0;39m [2m[  restartedMain][0;39m [36mo.a.c.c.C.[Tomcat].[localhost].[/]      [0;39m [2m:[0;39m Initializing Spring embedded WebApplicationContext
[2m2022-04-04 21:32:59.733[0;39m [32m INFO[0;39m [35m45720[0;39m [2m---[0;39m [2m[  restartedMain][0;39m [36mo.s.web.context.ContextLoader           [0;39m [2m:[0;39m Root WebApplicationContext: initialization completed in 8763 ms
[2m2022-04-04 21:33:01.434[0;39m [32m INFO[0;39m [35m45720[0;39m [2m---[0;39m [2m[  restartedMain][0;39m [36mcom.zaxxer.hikari.HikariDataSource      [0;39m [2m:[0;39m master - Starting...
[2m2022-04-04 21:33:06.157[0;39m [32m INFO[0;39m [35m45720[0;39m [2m---[0;39m [2m[  restartedMain][0;39m [36mcom.zaxxer.hikari.HikariDataSource      [0;39m [2m:[0;39m master - Start completed.
[2m2022-04-04 21:33:06.158[0;39m [32m INFO[0;39m [35m45720[0;39m [2m---[0;39m [2m[  restartedMain][0;39m [36mc.b.d.d.DynamicRoutingDataSource        [0;39m [2m:[0;39m dynamic-datasource - load a datasource named [master] success
[2m2022-04-04 21:33:06.158[0;39m [32m INFO[0;39m [35m45720[0;39m [2m---[0;39m [2m[  restartedMain][0;39m [36mc.b.d.d.DynamicRoutingDataSource        [0;39m [2m:[0;39m dynamic-datasource initial loaded [1] datasource,primary datasource named [master]
[2m2022-04-04 21:33:06.780[0;39m [33m WARN[0;39m [35m45720[0;39m [2m---[0;39m [2m[  restartedMain][0;39m [36mConfigServletWebServerApplicationContext[0;39m [2m:[0;39m Exception encountered during context initialization - cancelling refresh attempt: org.springframework.beans.factory.UnsatisfiedDependencyException: Error creating bean with name 'permissionController' defined in file [D:\Idea\projects\stock_learning\api_user\target\classes\com\zhu\api_user\controller\PermissionController.class]: Unsatisfied dependency expressed through constructor parameter 0; nested exception is org.springframework.beans.factory.UnsatisfiedDependencyException: Error creating bean with name 'permissionServiceImpl' defined in file [D:\Idea\projects\stock_learning\api_user\target\classes\com\zhu\api_user\service\impl\PermissionServiceImpl.class]: Unsatisfied dependency expressed through constructor parameter 0; nested exception is org.springframework.beans.factory.BeanCurrentlyInCreationException: Error creating bean with name 'permissionServiceImpl': Requested bean is currently in creation: Is there an unresolvable circular reference?
[2m2022-04-04 21:33:11.369[0;39m [32m INFO[0;39m [35m45720[0;39m [2m---[0;39m [2m[  restartedMain][0;39m [36mc.b.d.d.DynamicRoutingDataSource        [0;39m [2m:[0;39m dynamic-datasource start closing ....
[2m2022-04-04 21:33:11.370[0;39m [32m INFO[0;39m [35m45720[0;39m [2m---[0;39m [2m[  restartedMain][0;39m [36mcom.zaxxer.hikari.HikariDataSource      [0;39m [2m:[0;39m master - Shutdown initiated...
[2m2022-04-04 21:33:11.379[0;39m [32m INFO[0;39m [35m45720[0;39m [2m---[0;39m [2m[  restartedMain][0;39m [36mcom.zaxxer.hikari.HikariDataSource      [0;39m [2m:[0;39m master - Shutdown completed.
[2m2022-04-04 21:33:11.379[0;39m [32m INFO[0;39m [35m45720[0;39m [2m---[0;39m [2m[  restartedMain][0;39m [36mc.b.d.d.DynamicRoutingDataSource        [0;39m [2m:[0;39m dynamic-datasource all closed success,bye
[2m2022-04-04 21:33:11.382[0;39m [32m INFO[0;39m [35m45720[0;39m [2m---[0;39m [2m[  restartedMain][0;39m [36mo.apache.catalina.core.StandardService  [0;39m [2m:[0;39m Stopping service [Tomcat]
[2m2022-04-04 21:33:11.389[0;39m [33m WARN[0;39m [35m45720[0;39m [2m---[0;39m [2m[  restartedMain][0;39m [36mo.a.c.loader.WebappClassLoaderBase      [0;39m [2m:[0;39m The web application [ROOT] appears to have started a thread named [logback-1] but has failed to stop it. This is very likely to create a memory leak. Stack trace of thread:
 sun.misc.Unsafe.park(Native Method)
 java.util.concurrent.locks.LockSupport.parkNanos(LockSupport.java:215)
 java.util.concurrent.locks.AbstractQueuedSynchronizer$ConditionObject.awaitNanos(AbstractQueuedSynchronizer.java:2078)
 java.util.concurrent.ScheduledThreadPoolExecutor$DelayedWorkQueue.take(ScheduledThreadPoolExecutor.java:1093)
 java.util.concurrent.ScheduledThreadPoolExecutor$DelayedWorkQueue.take(ScheduledThreadPoolExecutor.java:809)
 java.util.concurrent.ThreadPoolExecutor.getTask(ThreadPoolExecutor.java:1074)
 java.util.concurrent.ThreadPoolExecutor.runWorker(ThreadPoolExecutor.java:1134)
 java.util.concurrent.ThreadPoolExecutor$Worker.run(ThreadPoolExecutor.java:624)
 java.lang.Thread.run(Thread.java:748)
[2m2022-04-04 21:33:11.390[0;39m [33m WARN[0;39m [35m45720[0;39m [2m---[0;39m [2m[  restartedMain][0;39m [36mo.a.c.loader.WebappClassLoaderBase      [0;39m [2m:[0;39m The web application [ROOT] appears to have started a thread named [nacos.publisher-com.alibaba.nacos.common.notify.SlowEvent] but has failed to stop it. This is very likely to create a memory leak. Stack trace of thread:
 java.lang.Thread.sleep(Native Method)
 com.alibaba.nacos.common.utils.ThreadUtils.sleep(ThreadUtils.java:52)
 com.alibaba.nacos.common.notify.DefaultPublisher.openEventHandler(DefaultPublisher.java:108)
 com.alibaba.nacos.common.notify.DefaultPublisher.run(DefaultPublisher.java:94)
[2m2022-04-04 21:33:11.390[0;39m [33m WARN[0;39m [35m45720[0;39m [2m---[0;39m [2m[  restartedMain][0;39m [36mo.a.c.loader.WebappClassLoaderBase      [0;39m [2m:[0;39m The web application [ROOT] appears to have started a thread named [nacos.publisher-com.alibaba.nacos.client.naming.event.InstancesChangeEvent] but has failed to stop it. This is very likely to create a memory leak. Stack trace of thread:
 sun.misc.Unsafe.park(Native Method)
 java.util.concurrent.locks.LockSupport.park(LockSupport.java:175)
 java.util.concurrent.locks.AbstractQueuedSynchronizer$ConditionObject.await(AbstractQueuedSynchronizer.java:2039)
 java.util.concurrent.ArrayBlockingQueue.take(ArrayBlockingQueue.java:403)
 com.alibaba.nacos.common.notify.DefaultPublisher.openEventHandler(DefaultPublisher.java:116)
 com.alibaba.nacos.common.notify.DefaultPublisher.run(DefaultPublisher.java:94)
[2m2022-04-04 21:33:11.413[0;39m [32m INFO[0;39m [35m45720[0;39m [2m---[0;39m [2m[  restartedMain][0;39m [36mConditionEvaluationReportLoggingListener[0;39m [2m:[0;39m 

Error starting ApplicationContext. To display the conditions report re-run your application with 'debug' enabled.
[2m2022-04-04 21:33:11.495[0;39m [31mERROR[0;39m [35m45720[0;39m [2m---[0;39m [2m[  restartedMain][0;39m [36mo.s.b.d.LoggingFailureAnalysisReporter  [0;39m [2m:[0;39m 

***************************
APPLICATION FAILED TO START
***************************

Description:

The dependencies of some of the beans in the application context form a cycle:

   permissionController defined in file [D:\Idea\projects\stock_learning\api_user\target\classes\com\zhu\api_user\controller\PermissionController.class]
â”Œâ”€â”€â”€â”€â”€â”
|  permissionServiceImpl defined in file [D:\Idea\projects\stock_learning\api_user\target\classes\com\zhu\api_user\service\impl\PermissionServiceImpl.class]
â””â”€â”€â”€â”€â”€â”˜


[2m2022-04-04 21:33:11.508[0;39m [33m WARN[0;39m [35m45720[0;39m [2m---[0;39m [2m[      Thread-52][0;39m [36mc.a.nacos.common.notify.NotifyCenter    [0;39m [2m:[0;39m [NotifyCenter] Start destroying Publisher
[2m2022-04-04 21:33:11.509[0;39m [33m WARN[0;39m [35m45720[0;39m [2m---[0;39m [2m[      Thread-46][0;39m [36mc.a.n.common.http.HttpClientBeanHolder  [0;39m [2m:[0;39m [HttpClientBeanHolder] Start destroying common HttpClient
[2m2022-04-04 21:33:11.509[0;39m [33m WARN[0;39m [35m45720[0;39m [2m---[0;39m [2m[      Thread-52][0;39m [36mc.a.nacos.common.notify.NotifyCenter    [0;39m [2m:[0;39m [NotifyCenter] Destruction of the end
[2m2022-04-04 21:33:11.510[0;39m [33m WARN[0;39m [35m45720[0;39m [2m---[0;39m [2m[      Thread-46][0;39m [36mc.a.n.common.http.HttpClientBeanHolder  [0;39m [2m:[0;39m [HttpClientBeanHolder] Destruction of the end
[2m2022-04-04 21:35:19.236[0;39m [32m INFO[0;39m [35m49808[0;39m [2m---[0;39m [2m[  restartedMain][0;39m [36mcom.zhu.api_user.ApiUserApplication     [0;39m [2m:[0;39m The following profiles are active: dev,db
[2m2022-04-04 21:35:20.122[0;39m [33m WARN[0;39m [35m49808[0;39m [2m---[0;39m [2m[  restartedMain][0;39m [36mo.s.boot.actuate.endpoint.EndpointId    [0;39m [2m:[0;39m Endpoint ID 'service-registry' contains invalid characters, please migrate to a valid format.
[2m2022-04-04 21:35:20.264[0;39m [32m INFO[0;39m [35m49808[0;39m [2m---[0;39m [2m[  restartedMain][0;39m [36mo.s.cloud.context.scope.GenericScope    [0;39m [2m:[0;39m BeanFactory id=7e51f0c1-fd83-3523-b4f1-fc6baffa72a7
[2m2022-04-04 21:35:20.376[0;39m [32m INFO[0;39m [35m49808[0;39m [2m---[0;39m [2m[  restartedMain][0;39m [36mtrationDelegate$BeanPostProcessorChecker[0;39m [2m:[0;39m Bean 'mica.async-net.dreamlu.mica.props.MicaAsyncProperties' of type [net.dreamlu.mica.props.MicaAsyncProperties] is not eligible for getting processed by all BeanPostProcessors (for example: not eligible for auto-proxying)
[2m2022-04-04 21:35:20.377[0;39m [32m INFO[0;39m [35m49808[0;39m [2m---[0;39m [2m[  restartedMain][0;39m [36mtrationDelegate$BeanPostProcessorChecker[0;39m [2m:[0;39m Bean 'net.dreamlu.mica.config.MicaExecutorConfiguration' of type [net.dreamlu.mica.config.MicaExecutorConfiguration$$EnhancerBySpringCGLIB$$35d19787] is not eligible for getting processed by all BeanPostProcessors (for example: not eligible for auto-proxying)
[2m2022-04-04 21:35:20.452[0;39m [32m INFO[0;39m [35m49808[0;39m [2m---[0;39m [2m[  restartedMain][0;39m [36mtrationDelegate$BeanPostProcessorChecker[0;39m [2m:[0;39m Bean 'spring.datasource.dynamic-com.baomidou.dynamic.datasource.spring.boot.autoconfigure.DynamicDataSourceProperties' of type [com.baomidou.dynamic.datasource.spring.boot.autoconfigure.DynamicDataSourceProperties] is not eligible for getting processed by all BeanPostProcessors (for example: not eligible for auto-proxying)
[2m2022-04-04 21:35:20.561[0;39m [32m INFO[0;39m [35m49808[0;39m [2m---[0;39m [2m[  restartedMain][0;39m [36mtrationDelegate$BeanPostProcessorChecker[0;39m [2m:[0;39m Bean 'com.baomidou.dynamic.datasource.spring.boot.autoconfigure.DynamicDataSourceAutoConfiguration' of type [com.baomidou.dynamic.datasource.spring.boot.autoconfigure.DynamicDataSourceAutoConfiguration$$EnhancerBySpringCGLIB$$a5d1f8b5] is not eligible for getting processed by all BeanPostProcessors (for example: not eligible for auto-proxying)
[2m2022-04-04 21:35:20.568[0;39m [32m INFO[0;39m [35m49808[0;39m [2m---[0;39m [2m[  restartedMain][0;39m [36mtrationDelegate$BeanPostProcessorChecker[0;39m [2m:[0;39m Bean 'dsProcessor' of type [com.baomidou.dynamic.datasource.processor.DsHeaderProcessor] is not eligible for getting processed by all BeanPostProcessors (for example: not eligible for auto-proxying)
[2m2022-04-04 21:35:20.571[0;39m [32m INFO[0;39m [35m49808[0;39m [2m---[0;39m [2m[  restartedMain][0;39m [36mtrationDelegate$BeanPostProcessorChecker[0;39m [2m:[0;39m Bean 'dynamicDatasourceAnnotationAdvisor' of type [com.baomidou.dynamic.datasource.aop.DynamicDataSourceAnnotationAdvisor] is not eligible for getting processed by all BeanPostProcessors (for example: not eligible for auto-proxying)
[2m2022-04-04 21:35:21.148[0;39m [32m INFO[0;39m [35m49808[0;39m [2m---[0;39m [2m[  restartedMain][0;39m [36mo.s.b.w.embedded.tomcat.TomcatWebServer [0;39m [2m:[0;39m Tomcat initialized with port(s): 8082 (http)
[2m2022-04-04 21:35:21.156[0;39m [32m INFO[0;39m [35m49808[0;39m [2m---[0;39m [2m[  restartedMain][0;39m [36mo.a.coyote.http11.Http11NioProtocol     [0;39m [2m:[0;39m Initializing ProtocolHandler ["http-nio-8082"]
[2m2022-04-04 21:35:21.156[0;39m [32m INFO[0;39m [35m49808[0;39m [2m---[0;39m [2m[  restartedMain][0;39m [36mo.apache.catalina.core.StandardService  [0;39m [2m:[0;39m Starting service [Tomcat]
[2m2022-04-04 21:35:21.157[0;39m [32m INFO[0;39m [35m49808[0;39m [2m---[0;39m [2m[  restartedMain][0;39m [36morg.apache.catalina.core.StandardEngine [0;39m [2m:[0;39m Starting Servlet engine: [Apache Tomcat/9.0.33]
[2m2022-04-04 21:35:22.123[0;39m [32m INFO[0;39m [35m49808[0;39m [2m---[0;39m [2m[  restartedMain][0;39m [36mo.a.c.c.C.[Tomcat].[localhost].[/]      [0;39m [2m:[0;39m Initializing Spring embedded WebApplicationContext
[2m2022-04-04 21:35:22.124[0;39m [32m INFO[0;39m [35m49808[0;39m [2m---[0;39m [2m[  restartedMain][0;39m [36mo.s.web.context.ContextLoader           [0;39m [2m:[0;39m Root WebApplicationContext: initialization completed in 2876 ms
[2m2022-04-04 21:35:23.350[0;39m [32m INFO[0;39m [35m49808[0;39m [2m---[0;39m [2m[  restartedMain][0;39m [36mcom.zaxxer.hikari.HikariDataSource      [0;39m [2m:[0;39m master - Starting...
[2m2022-04-04 21:35:23.460[0;39m [32m INFO[0;39m [35m49808[0;39m [2m---[0;39m [2m[  restartedMain][0;39m [36mcom.zaxxer.hikari.HikariDataSource      [0;39m [2m:[0;39m master - Start completed.
[2m2022-04-04 21:35:23.460[0;39m [32m INFO[0;39m [35m49808[0;39m [2m---[0;39m [2m[  restartedMain][0;39m [36mc.b.d.d.DynamicRoutingDataSource        [0;39m [2m:[0;39m dynamic-datasource - load a datasource named [master] success
[2m2022-04-04 21:35:23.460[0;39m [32m INFO[0;39m [35m49808[0;39m [2m---[0;39m [2m[  restartedMain][0;39m [36mc.b.d.d.DynamicRoutingDataSource        [0;39m [2m:[0;39m dynamic-datasource initial loaded [1] datasource,primary datasource named [master]
[2m2022-04-04 21:35:23.688[0;39m [33m WARN[0;39m [35m49808[0;39m [2m---[0;39m [2m[  restartedMain][0;39m [36mConfigServletWebServerApplicationContext[0;39m [2m:[0;39m Exception encountered during context initialization - cancelling refresh attempt: org.springframework.beans.factory.UnsatisfiedDependencyException: Error creating bean with name 'permissionController' defined in file [D:\Idea\projects\stock_learning\api_user\target\classes\com\zhu\api_user\controller\PermissionController.class]: Unsatisfied dependency expressed through constructor parameter 0; nested exception is org.springframework.beans.factory.UnsatisfiedDependencyException: Error creating bean with name 'permissionServiceImpl' defined in file [D:\Idea\projects\stock_learning\api_user\target\classes\com\zhu\api_user\service\impl\PermissionServiceImpl.class]: Unsatisfied dependency expressed through constructor parameter 0; nested exception is org.springframework.beans.factory.BeanCurrentlyInCreationException: Error creating bean with name 'permissionServiceImpl': Requested bean is currently in creation: Is there an unresolvable circular reference?
[2m2022-04-04 21:35:29.697[0;39m [32m INFO[0;39m [35m49808[0;39m [2m---[0;39m [2m[  restartedMain][0;39m [36mc.b.d.d.DynamicRoutingDataSource        [0;39m [2m:[0;39m dynamic-datasource start closing ....
[2m2022-04-04 21:35:29.698[0;39m [32m INFO[0;39m [35m49808[0;39m [2m---[0;39m [2m[  restartedMain][0;39m [36mcom.zaxxer.hikari.HikariDataSource      [0;39m [2m:[0;39m master - Shutdown initiated...
[2m2022-04-04 21:35:29.709[0;39m [32m INFO[0;39m [35m49808[0;39m [2m---[0;39m [2m[  restartedMain][0;39m [36mcom.zaxxer.hikari.HikariDataSource      [0;39m [2m:[0;39m master - Shutdown completed.
[2m2022-04-04 21:35:29.710[0;39m [32m INFO[0;39m [35m49808[0;39m [2m---[0;39m [2m[  restartedMain][0;39m [36mc.b.d.d.DynamicRoutingDataSource        [0;39m [2m:[0;39m dynamic-datasource all closed success,bye
[2m2022-04-04 21:35:29.713[0;39m [32m INFO[0;39m [35m49808[0;39m [2m---[0;39m [2m[  restartedMain][0;39m [36mo.apache.catalina.core.StandardService  [0;39m [2m:[0;39m Stopping service [Tomcat]
[2m2022-04-04 21:35:29.716[0;39m [33m WARN[0;39m [35m49808[0;39m [2m---[0;39m [2m[  restartedMain][0;39m [36mo.a.c.loader.WebappClassLoaderBase      [0;39m [2m:[0;39m The web application [ROOT] appears to have started a thread named [logback-1] but has failed to stop it. This is very likely to create a memory leak. Stack trace of thread:
 sun.misc.Unsafe.park(Native Method)
 java.util.concurrent.locks.LockSupport.parkNanos(LockSupport.java:215)
 java.util.concurrent.locks.AbstractQueuedSynchronizer$ConditionObject.awaitNanos(AbstractQueuedSynchronizer.java:2078)
 java.util.concurrent.ScheduledThreadPoolExecutor$DelayedWorkQueue.take(ScheduledThreadPoolExecutor.java:1093)
 java.util.concurrent.ScheduledThreadPoolExecutor$DelayedWorkQueue.take(ScheduledThreadPoolExecutor.java:809)
 java.util.concurrent.ThreadPoolExecutor.getTask(ThreadPoolExecutor.java:1074)
 java.util.concurrent.ThreadPoolExecutor.runWorker(ThreadPoolExecutor.java:1134)
 java.util.concurrent.ThreadPoolExecutor$Worker.run(ThreadPoolExecutor.java:624)
 java.lang.Thread.run(Thread.java:748)
[2m2022-04-04 21:35:29.716[0;39m [33m WARN[0;39m [35m49808[0;39m [2m---[0;39m [2m[  restartedMain][0;39m [36mo.a.c.loader.WebappClassLoaderBase      [0;39m [2m:[0;39m The web application [ROOT] appears to have started a thread named [nacos.publisher-com.alibaba.nacos.common.notify.SlowEvent] but has failed to stop it. This is very likely to create a memory leak. Stack trace of thread:
 java.lang.Thread.sleep(Native Method)
 com.alibaba.nacos.common.utils.ThreadUtils.sleep(ThreadUtils.java:52)
 com.alibaba.nacos.common.notify.DefaultPublisher.openEventHandler(DefaultPublisher.java:108)
 com.alibaba.nacos.common.notify.DefaultPublisher.run(DefaultPublisher.java:94)
[2m2022-04-04 21:35:29.718[0;39m [33m WARN[0;39m [35m49808[0;39m [2m---[0;39m [2m[  restartedMain][0;39m [36mo.a.c.loader.WebappClassLoaderBase      [0;39m [2m:[0;39m The web application [ROOT] appears to have started a thread named [nacos.publisher-com.alibaba.nacos.client.naming.event.InstancesChangeEvent] but has failed to stop it. This is very likely to create a memory leak. Stack trace of thread:
 sun.misc.Unsafe.park(Native Method)
 java.util.concurrent.locks.LockSupport.park(LockSupport.java:175)
 java.util.concurrent.locks.AbstractQueuedSynchronizer$ConditionObject.await(AbstractQueuedSynchronizer.java:2039)
 java.util.concurrent.ArrayBlockingQueue.take(ArrayBlockingQueue.java:403)
 com.alibaba.nacos.common.notify.DefaultPublisher.openEventHandler(DefaultPublisher.java:116)
 com.alibaba.nacos.common.notify.DefaultPublisher.run(DefaultPublisher.java:94)
[2m2022-04-04 21:35:29.731[0;39m [32m INFO[0;39m [35m49808[0;39m [2m---[0;39m [2m[  restartedMain][0;39m [36mConditionEvaluationReportLoggingListener[0;39m [2m:[0;39m 

Error starting ApplicationContext. To display the conditions report re-run your application with 'debug' enabled.
[2m2022-04-04 21:35:29.736[0;39m [31mERROR[0;39m [35m49808[0;39m [2m---[0;39m [2m[  restartedMain][0;39m [36mo.s.b.d.LoggingFailureAnalysisReporter  [0;39m [2m:[0;39m 

***************************
APPLICATION FAILED TO START
***************************

Description:

The dependencies of some of the beans in the application context form a cycle:

   permissionController defined in file [D:\Idea\projects\stock_learning\api_user\target\classes\com\zhu\api_user\controller\PermissionController.class]
â”Œâ”€â”€â”€â”€â”€â”
|  permissionServiceImpl defined in file [D:\Idea\projects\stock_learning\api_user\target\classes\com\zhu\api_user\service\impl\PermissionServiceImpl.class]
â””â”€â”€â”€â”€â”€â”˜


[2m2022-04-04 21:35:29.739[0;39m [33m WARN[0;39m [35m49808[0;39m [2m---[0;39m [2m[      Thread-25][0;39m [36mc.a.nacos.common.notify.NotifyCenter    [0;39m [2m:[0;39m [NotifyCenter] Start destroying Publisher
[2m2022-04-04 21:35:29.739[0;39m [33m WARN[0;39m [35m49808[0;39m [2m---[0;39m [2m[      Thread-25][0;39m [36mc.a.nacos.common.notify.NotifyCenter    [0;39m [2m:[0;39m [NotifyCenter] Destruction of the end
[2m2022-04-04 21:35:29.739[0;39m [33m WARN[0;39m [35m49808[0;39m [2m---[0;39m [2m[      Thread-18][0;39m [36mc.a.n.common.http.HttpClientBeanHolder  [0;39m [2m:[0;39m [HttpClientBeanHolder] Start destroying common HttpClient
[2m2022-04-04 21:35:29.741[0;39m [33m WARN[0;39m [35m49808[0;39m [2m---[0;39m [2m[      Thread-18][0;39m [36mc.a.n.common.http.HttpClientBeanHolder  [0;39m [2m:[0;39m [HttpClientBeanHolder] Destruction of the end
[2m2022-04-04 21:42:38.002[0;39m [32m INFO[0;39m [35m49656[0;39m [2m---[0;39m [2m[  restartedMain][0;39m [36mcom.zhu.api_user.ApiUserApplication     [0;39m [2m:[0;39m The following profiles are active: dev,db
[2m2022-04-04 21:42:38.902[0;39m [33m WARN[0;39m [35m49656[0;39m [2m---[0;39m [2m[  restartedMain][0;39m [36mo.s.boot.actuate.endpoint.EndpointId    [0;39m [2m:[0;39m Endpoint ID 'service-registry' contains invalid characters, please migrate to a valid format.
[2m2022-04-04 21:42:39.019[0;39m [32m INFO[0;39m [35m49656[0;39m [2m---[0;39m [2m[  restartedMain][0;39m [36mo.s.cloud.context.scope.GenericScope    [0;39m [2m:[0;39m BeanFactory id=7e51f0c1-fd83-3523-b4f1-fc6baffa72a7
[2m2022-04-04 21:42:39.111[0;39m [32m INFO[0;39m [35m49656[0;39m [2m---[0;39m [2m[  restartedMain][0;39m [36mtrationDelegate$BeanPostProcessorChecker[0;39m [2m:[0;39m Bean 'mica.async-net.dreamlu.mica.props.MicaAsyncProperties' of type [net.dreamlu.mica.props.MicaAsyncProperties] is not eligible for getting processed by all BeanPostProcessors (for example: not eligible for auto-proxying)
[2m2022-04-04 21:42:39.112[0;39m [32m INFO[0;39m [35m49656[0;39m [2m---[0;39m [2m[  restartedMain][0;39m [36mtrationDelegate$BeanPostProcessorChecker[0;39m [2m:[0;39m Bean 'net.dreamlu.mica.config.MicaExecutorConfiguration' of type [net.dreamlu.mica.config.MicaExecutorConfiguration$$EnhancerBySpringCGLIB$$34bcc53] is not eligible for getting processed by all BeanPostProcessors (for example: not eligible for auto-proxying)
[2m2022-04-04 21:42:39.158[0;39m [32m INFO[0;39m [35m49656[0;39m [2m---[0;39m [2m[  restartedMain][0;39m [36mtrationDelegate$BeanPostProcessorChecker[0;39m [2m:[0;39m Bean 'spring.datasource.dynamic-com.baomidou.dynamic.datasource.spring.boot.autoconfigure.DynamicDataSourceProperties' of type [com.baomidou.dynamic.datasource.spring.boot.autoconfigure.DynamicDataSourceProperties] is not eligible for getting processed by all BeanPostProcessors (for example: not eligible for auto-proxying)
[2m2022-04-04 21:42:39.246[0;39m [32m INFO[0;39m [35m49656[0;39m [2m---[0;39m [2m[  restartedMain][0;39m [36mtrationDelegate$BeanPostProcessorChecker[0;39m [2m:[0;39m Bean 'com.baomidou.dynamic.datasource.spring.boot.autoconfigure.DynamicDataSourceAutoConfiguration' of type [com.baomidou.dynamic.datasource.spring.boot.autoconfigure.DynamicDataSourceAutoConfiguration$$EnhancerBySpringCGLIB$$734c2d81] is not eligible for getting processed by all BeanPostProcessors (for example: not eligible for auto-proxying)
[2m2022-04-04 21:42:39.254[0;39m [32m INFO[0;39m [35m49656[0;39m [2m---[0;39m [2m[  restartedMain][0;39m [36mtrationDelegate$BeanPostProcessorChecker[0;39m [2m:[0;39m Bean 'dsProcessor' of type [com.baomidou.dynamic.datasource.processor.DsHeaderProcessor] is not eligible for getting processed by all BeanPostProcessors (for example: not eligible for auto-proxying)
[2m2022-04-04 21:42:39.257[0;39m [32m INFO[0;39m [35m49656[0;39m [2m---[0;39m [2m[  restartedMain][0;39m [36mtrationDelegate$BeanPostProcessorChecker[0;39m [2m:[0;39m Bean 'dynamicDatasourceAnnotationAdvisor' of type [com.baomidou.dynamic.datasource.aop.DynamicDataSourceAnnotationAdvisor] is not eligible for getting processed by all BeanPostProcessors (for example: not eligible for auto-proxying)
[2m2022-04-04 21:42:39.869[0;39m [32m INFO[0;39m [35m49656[0;39m [2m---[0;39m [2m[  restartedMain][0;39m [36mo.s.b.w.embedded.tomcat.TomcatWebServer [0;39m [2m:[0;39m Tomcat initialized with port(s): 8082 (http)
[2m2022-04-04 21:42:39.876[0;39m [32m INFO[0;39m [35m49656[0;39m [2m---[0;39m [2m[  restartedMain][0;39m [36mo.a.coyote.http11.Http11NioProtocol     [0;39m [2m:[0;39m Initializing ProtocolHandler ["http-nio-8082"]
[2m2022-04-04 21:42:39.877[0;39m [32m INFO[0;39m [35m49656[0;39m [2m---[0;39m [2m[  restartedMain][0;39m [36mo.apache.catalina.core.StandardService  [0;39m [2m:[0;39m Starting service [Tomcat]
[2m2022-04-04 21:42:39.877[0;39m [32m INFO[0;39m [35m49656[0;39m [2m---[0;39m [2m[  restartedMain][0;39m [36morg.apache.catalina.core.StandardEngine [0;39m [2m:[0;39m Starting Servlet engine: [Apache Tomcat/9.0.33]
[2m2022-04-04 21:42:40.216[0;39m [32m INFO[0;39m [35m49656[0;39m [2m---[0;39m [2m[  restartedMain][0;39m [36mo.a.c.c.C.[Tomcat].[localhost].[/]      [0;39m [2m:[0;39m Initializing Spring embedded WebApplicationContext
[2m2022-04-04 21:42:40.216[0;39m [32m INFO[0;39m [35m49656[0;39m [2m---[0;39m [2m[  restartedMain][0;39m [36mo.s.web.context.ContextLoader           [0;39m [2m:[0;39m Root WebApplicationContext: initialization completed in 2201 ms
[2m2022-04-04 21:42:41.432[0;39m [32m INFO[0;39m [35m49656[0;39m [2m---[0;39m [2m[  restartedMain][0;39m [36mcom.zaxxer.hikari.HikariDataSource      [0;39m [2m:[0;39m master - Starting...
[2m2022-04-04 21:42:41.563[0;39m [32m INFO[0;39m [35m49656[0;39m [2m---[0;39m [2m[  restartedMain][0;39m [36mcom.zaxxer.hikari.HikariDataSource      [0;39m [2m:[0;39m master - Start completed.
[2m2022-04-04 21:42:41.563[0;39m [32m INFO[0;39m [35m49656[0;39m [2m---[0;39m [2m[  restartedMain][0;39m [36mc.b.d.d.DynamicRoutingDataSource        [0;39m [2m:[0;39m dynamic-datasource - load a datasource named [master] success
[2m2022-04-04 21:42:41.563[0;39m [32m INFO[0;39m [35m49656[0;39m [2m---[0;39m [2m[  restartedMain][0;39m [36mc.b.d.d.DynamicRoutingDataSource        [0;39m [2m:[0;39m dynamic-datasource initial loaded [1] datasource,primary datasource named [master]
[2m2022-04-04 21:42:41.891[0;39m [33m WARN[0;39m [35m49656[0;39m [2m---[0;39m [2m[  restartedMain][0;39m [36mConfigServletWebServerApplicationContext[0;39m [2m:[0;39m Exception encountered during context initialization - cancelling refresh attempt: org.springframework.beans.factory.UnsatisfiedDependencyException: Error creating bean with name 'permissionController' defined in file [D:\Idea\projects\stock_learning\api_user\target\classes\com\zhu\api_user\controller\PermissionController.class]: Unsatisfied dependency expressed through constructor parameter 0; nested exception is org.springframework.beans.factory.UnsatisfiedDependencyException: Error creating bean with name 'permissionServiceImpl' defined in file [D:\Idea\projects\stock_learning\api_user\target\classes\com\zhu\api_user\service\impl\PermissionServiceImpl.class]: Unsatisfied dependency expressed through constructor parameter 0; nested exception is org.springframework.beans.factory.BeanCurrentlyInCreationException: Error creating bean with name 'permissionServiceImpl': Requested bean is currently in creation: Is there an unresolvable circular reference?
[2m2022-04-04 21:42:47.901[0;39m [32m INFO[0;39m [35m49656[0;39m [2m---[0;39m [2m[  restartedMain][0;39m [36mc.b.d.d.DynamicRoutingDataSource        [0;39m [2m:[0;39m dynamic-datasource start closing ....
[2m2022-04-04 21:42:47.902[0;39m [32m INFO[0;39m [35m49656[0;39m [2m---[0;39m [2m[  restartedMain][0;39m [36mcom.zaxxer.hikari.HikariDataSource      [0;39m [2m:[0;39m master - Shutdown initiated...
[2m2022-04-04 21:42:47.909[0;39m [32m INFO[0;39m [35m49656[0;39m [2m---[0;39m [2m[  restartedMain][0;39m [36mcom.zaxxer.hikari.HikariDataSource      [0;39m [2m:[0;39m master - Shutdown completed.
[2m2022-04-04 21:42:47.909[0;39m [32m INFO[0;39m [35m49656[0;39m [2m---[0;39m [2m[  restartedMain][0;39m [36mc.b.d.d.DynamicRoutingDataSource        [0;39m [2m:[0;39m dynamic-datasource all closed success,bye
[2m2022-04-04 21:42:47.912[0;39m [32m INFO[0;39m [35m49656[0;39m [2m---[0;39m [2m[  restartedMain][0;39m [36mo.apache.catalina.core.StandardService  [0;39m [2m:[0;39m Stopping service [Tomcat]
[2m2022-04-04 21:42:47.915[0;39m [33m WARN[0;39m [35m49656[0;39m [2m---[0;39m [2m[  restartedMain][0;39m [36mo.a.c.loader.WebappClassLoaderBase      [0;39m [2m:[0;39m The web application [ROOT] appears to have started a thread named [logback-1] but has failed to stop it. This is very likely to create a memory leak. Stack trace of thread:
 sun.misc.Unsafe.park(Native Method)
 java.util.concurrent.locks.LockSupport.parkNanos(LockSupport.java:215)
 java.util.concurrent.locks.AbstractQueuedSynchronizer$ConditionObject.awaitNanos(AbstractQueuedSynchronizer.java:2078)
 java.util.concurrent.ScheduledThreadPoolExecutor$DelayedWorkQueue.take(ScheduledThreadPoolExecutor.java:1093)
 java.util.concurrent.ScheduledThreadPoolExecutor$DelayedWorkQueue.take(ScheduledThreadPoolExecutor.java:809)
 java.util.concurrent.ThreadPoolExecutor.getTask(ThreadPoolExecutor.java:1074)
 java.util.concurrent.ThreadPoolExecutor.runWorker(ThreadPoolExecutor.java:1134)
 java.util.concurrent.ThreadPoolExecutor$Worker.run(ThreadPoolExecutor.java:624)
 java.lang.Thread.run(Thread.java:748)
[2m2022-04-04 21:42:47.916[0;39m [33m WARN[0;39m [35m49656[0;39m [2m---[0;39m [2m[  restartedMain][0;39m [36mo.a.c.loader.WebappClassLoaderBase      [0;39m [2m:[0;39m The web application [ROOT] appears to have started a thread named [nacos.publisher-com.alibaba.nacos.common.notify.SlowEvent] but has failed to stop it. This is very likely to create a memory leak. Stack trace of thread:
 java.lang.Thread.sleep(Native Method)
 com.alibaba.nacos.common.utils.ThreadUtils.sleep(ThreadUtils.java:52)
 com.alibaba.nacos.common.notify.DefaultPublisher.openEventHandler(DefaultPublisher.java:108)
 com.alibaba.nacos.common.notify.DefaultPublisher.run(DefaultPublisher.java:94)
[2m2022-04-04 21:42:47.917[0;39m [33m WARN[0;39m [35m49656[0;39m [2m---[0;39m [2m[  restartedMain][0;39m [36mo.a.c.loader.WebappClassLoaderBase      [0;39m [2m:[0;39m The web application [ROOT] appears to have started a thread named [nacos.publisher-com.alibaba.nacos.client.naming.event.InstancesChangeEvent] but has failed to stop it. This is very likely to create a memory leak. Stack trace of thread:
 sun.misc.Unsafe.park(Native Method)
 java.util.concurrent.locks.LockSupport.park(LockSupport.java:175)
 java.util.concurrent.locks.AbstractQueuedSynchronizer$ConditionObject.await(AbstractQueuedSynchronizer.java:2039)
 java.util.concurrent.ArrayBlockingQueue.take(ArrayBlockingQueue.java:403)
 com.alibaba.nacos.common.notify.DefaultPublisher.openEventHandler(DefaultPublisher.java:116)
 com.alibaba.nacos.common.notify.DefaultPublisher.run(DefaultPublisher.java:94)
[2m2022-04-04 21:42:47.931[0;39m [32m INFO[0;39m [35m49656[0;39m [2m---[0;39m [2m[  restartedMain][0;39m [36mConditionEvaluationReportLoggingListener[0;39m [2m:[0;39m 

Error starting ApplicationContext. To display the conditions report re-run your application with 'debug' enabled.
[2m2022-04-04 21:42:47.935[0;39m [31mERROR[0;39m [35m49656[0;39m [2m---[0;39m [2m[  restartedMain][0;39m [36mo.s.b.d.LoggingFailureAnalysisReporter  [0;39m [2m:[0;39m 

***************************
APPLICATION FAILED TO START
***************************

Description:

The dependencies of some of the beans in the application context form a cycle:

   permissionController defined in file [D:\Idea\projects\stock_learning\api_user\target\classes\com\zhu\api_user\controller\PermissionController.class]
â”Œâ”€â”€â”€â”€â”€â”
|  permissionServiceImpl defined in file [D:\Idea\projects\stock_learning\api_user\target\classes\com\zhu\api_user\service\impl\PermissionServiceImpl.class]
â””â”€â”€â”€â”€â”€â”˜


[2m2022-04-04 21:42:47.938[0;39m [33m WARN[0;39m [35m49656[0;39m [2m---[0;39m [2m[      Thread-20][0;39m [36mc.a.n.common.http.HttpClientBeanHolder  [0;39m [2m:[0;39m [HttpClientBeanHolder] Start destroying common HttpClient
[2m2022-04-04 21:42:47.939[0;39m [33m WARN[0;39m [35m49656[0;39m [2m---[0;39m [2m[      Thread-26][0;39m [36mc.a.nacos.common.notify.NotifyCenter    [0;39m [2m:[0;39m [NotifyCenter] Start destroying Publisher
[2m2022-04-04 21:42:47.939[0;39m [33m WARN[0;39m [35m49656[0;39m [2m---[0;39m [2m[      Thread-26][0;39m [36mc.a.nacos.common.notify.NotifyCenter    [0;39m [2m:[0;39m [NotifyCenter] Destruction of the end
[2m2022-04-04 21:42:47.939[0;39m [33m WARN[0;39m [35m49656[0;39m [2m---[0;39m [2m[      Thread-20][0;39m [36mc.a.n.common.http.HttpClientBeanHolder  [0;39m [2m:[0;39m [HttpClientBeanHolder] Destruction of the end
[2m2022-04-04 21:43:42.437[0;39m [32m INFO[0;39m [35m51936[0;39m [2m---[0;39m [2m[  restartedMain][0;39m [36mcom.zhu.api_user.ApiUserApplication     [0;39m [2m:[0;39m The following profiles are active: dev,db
[2m2022-04-04 21:43:43.208[0;39m [33m WARN[0;39m [35m51936[0;39m [2m---[0;39m [2m[  restartedMain][0;39m [36mo.s.boot.actuate.endpoint.EndpointId    [0;39m [2m:[0;39m Endpoint ID 'service-registry' contains invalid characters, please migrate to a valid format.
[2m2022-04-04 21:43:43.332[0;39m [32m INFO[0;39m [35m51936[0;39m [2m---[0;39m [2m[  restartedMain][0;39m [36mo.s.cloud.context.scope.GenericScope    [0;39m [2m:[0;39m BeanFactory id=7e51f0c1-fd83-3523-b4f1-fc6baffa72a7
[2m2022-04-04 21:43:43.425[0;39m [32m INFO[0;39m [35m51936[0;39m [2m---[0;39m [2m[  restartedMain][0;39m [36mtrationDelegate$BeanPostProcessorChecker[0;39m [2m:[0;39m Bean 'mica.async-net.dreamlu.mica.props.MicaAsyncProperties' of type [net.dreamlu.mica.props.MicaAsyncProperties] is not eligible for getting processed by all BeanPostProcessors (for example: not eligible for auto-proxying)
[2m2022-04-04 21:43:43.426[0;39m [32m INFO[0;39m [35m51936[0;39m [2m---[0;39m [2m[  restartedMain][0;39m [36mtrationDelegate$BeanPostProcessorChecker[0;39m [2m:[0;39m Bean 'net.dreamlu.mica.config.MicaExecutorConfiguration' of type [net.dreamlu.mica.config.MicaExecutorConfiguration$$EnhancerBySpringCGLIB$$265e21e6] is not eligible for getting processed by all BeanPostProcessors (for example: not eligible for auto-proxying)
[2m2022-04-04 21:43:43.470[0;39m [32m INFO[0;39m [35m51936[0;39m [2m---[0;39m [2m[  restartedMain][0;39m [36mtrationDelegate$BeanPostProcessorChecker[0;39m [2m:[0;39m Bean 'spring.datasource.dynamic-com.baomidou.dynamic.datasource.spring.boot.autoconfigure.DynamicDataSourceProperties' of type [com.baomidou.dynamic.datasource.spring.boot.autoconfigure.DynamicDataSourceProperties] is not eligible for getting processed by all BeanPostProcessors (for example: not eligible for auto-proxying)
[2m2022-04-04 21:43:43.551[0;39m [32m INFO[0;39m [35m51936[0;39m [2m---[0;39m [2m[  restartedMain][0;39m [36mtrationDelegate$BeanPostProcessorChecker[0;39m [2m:[0;39m Bean 'com.baomidou.dynamic.datasource.spring.boot.autoconfigure.DynamicDataSourceAutoConfiguration' of type [com.baomidou.dynamic.datasource.spring.boot.autoconfigure.DynamicDataSourceAutoConfiguration$$EnhancerBySpringCGLIB$$965e8314] is not eligible for getting processed by all BeanPostProcessors (for example: not eligible for auto-proxying)
[2m2022-04-04 21:43:43.561[0;39m [32m INFO[0;39m [35m51936[0;39m [2m---[0;39m [2m[  restartedMain][0;39m [36mtrationDelegate$BeanPostProcessorChecker[0;39m [2m:[0;39m Bean 'dsProcessor' of type [com.baomidou.dynamic.datasource.processor.DsHeaderProcessor] is not eligible for getting processed by all BeanPostProcessors (for example: not eligible for auto-proxying)
[2m2022-04-04 21:43:43.564[0;39m [32m INFO[0;39m [35m51936[0;39m [2m---[0;39m [2m[  restartedMain][0;39m [36mtrationDelegate$BeanPostProcessorChecker[0;39m [2m:[0;39m Bean 'dynamicDatasourceAnnotationAdvisor' of type [com.baomidou.dynamic.datasource.aop.DynamicDataSourceAnnotationAdvisor] is not eligible for getting processed by all BeanPostProcessors (for example: not eligible for auto-proxying)
[2m2022-04-04 21:43:44.109[0;39m [32m INFO[0;39m [35m51936[0;39m [2m---[0;39m [2m[  restartedMain][0;39m [36mo.s.b.w.embedded.tomcat.TomcatWebServer [0;39m [2m:[0;39m Tomcat initialized with port(s): 8082 (http)
[2m2022-04-04 21:43:44.117[0;39m [32m INFO[0;39m [35m51936[0;39m [2m---[0;39m [2m[  restartedMain][0;39m [36mo.a.coyote.http11.Http11NioProtocol     [0;39m [2m:[0;39m Initializing ProtocolHandler ["http-nio-8082"]
[2m2022-04-04 21:43:44.118[0;39m [32m INFO[0;39m [35m51936[0;39m [2m---[0;39m [2m[  restartedMain][0;39m [36mo.apache.catalina.core.StandardService  [0;39m [2m:[0;39m Starting service [Tomcat]
[2m2022-04-04 21:43:44.118[0;39m [32m INFO[0;39m [35m51936[0;39m [2m---[0;39m [2m[  restartedMain][0;39m [36morg.apache.catalina.core.StandardEngine [0;39m [2m:[0;39m Starting Servlet engine: [Apache Tomcat/9.0.33]
[2m2022-04-04 21:43:44.248[0;39m [32m INFO[0;39m [35m51936[0;39m [2m---[0;39m [2m[  restartedMain][0;39m [36mo.a.c.c.C.[Tomcat].[localhost].[/]      [0;39m [2m:[0;39m Initializing Spring embedded WebApplicationContext
[2m2022-04-04 21:43:44.249[0;39m [32m INFO[0;39m [35m51936[0;39m [2m---[0;39m [2m[  restartedMain][0;39m [36mo.s.web.context.ContextLoader           [0;39m [2m:[0;39m Root WebApplicationContext: initialization completed in 1801 ms
[2m2022-04-04 21:43:45.433[0;39m [32m INFO[0;39m [35m51936[0;39m [2m---[0;39m [2m[  restartedMain][0;39m [36mcom.zaxxer.hikari.HikariDataSource      [0;39m [2m:[0;39m master - Starting...
[2m2022-04-04 21:43:45.534[0;39m [32m INFO[0;39m [35m51936[0;39m [2m---[0;39m [2m[  restartedMain][0;39m [36mcom.zaxxer.hikari.HikariDataSource      [0;39m [2m:[0;39m master - Start completed.
[2m2022-04-04 21:43:45.535[0;39m [32m INFO[0;39m [35m51936[0;39m [2m---[0;39m [2m[  restartedMain][0;39m [36mc.b.d.d.DynamicRoutingDataSource        [0;39m [2m:[0;39m dynamic-datasource - load a datasource named [master] success
[2m2022-04-04 21:43:45.535[0;39m [32m INFO[0;39m [35m51936[0;39m [2m---[0;39m [2m[  restartedMain][0;39m [36mc.b.d.d.DynamicRoutingDataSource        [0;39m [2m:[0;39m dynamic-datasource initial loaded [1] datasource,primary datasource named [master]
[2m2022-04-04 21:43:47.165[0;39m [33m WARN[0;39m [35m51936[0;39m [2m---[0;39m [2m[  restartedMain][0;39m [36mConfigServletWebServerApplicationContext[0;39m [2m:[0;39m Exception encountered during context initialization - cancelling refresh attempt: org.springframework.beans.factory.UnsatisfiedDependencyException: Error creating bean with name 'requestPathController' defined in file [D:\Idea\projects\stock_learning\api_user\target\classes\com\zhu\api_user\controller\RequestPathController.class]: Unsatisfied dependency expressed through constructor parameter 0; nested exception is org.springframework.beans.factory.UnsatisfiedDependencyException: Error creating bean with name 'requestPathServiceImpl' defined in file [D:\Idea\projects\stock_learning\api_user\target\classes\com\zhu\api_user\service\impl\RequestPathServiceImpl.class]: Unsatisfied dependency expressed through constructor parameter 0; nested exception is org.springframework.beans.factory.BeanCurrentlyInCreationException: Error creating bean with name 'requestPathServiceImpl': Requested bean is currently in creation: Is there an unresolvable circular reference?
[2m2022-04-04 21:43:53.181[0;39m [32m INFO[0;39m [35m51936[0;39m [2m---[0;39m [2m[  restartedMain][0;39m [36mc.b.d.d.DynamicRoutingDataSource        [0;39m [2m:[0;39m dynamic-datasource start closing ....
[2m2022-04-04 21:43:53.182[0;39m [32m INFO[0;39m [35m51936[0;39m [2m---[0;39m [2m[  restartedMain][0;39m [36mcom.zaxxer.hikari.HikariDataSource      [0;39m [2m:[0;39m master - Shutdown initiated...
[2m2022-04-04 21:43:53.193[0;39m [32m INFO[0;39m [35m51936[0;39m [2m---[0;39m [2m[  restartedMain][0;39m [36mcom.zaxxer.hikari.HikariDataSource      [0;39m [2m:[0;39m master - Shutdown completed.
[2m2022-04-04 21:43:53.194[0;39m [32m INFO[0;39m [35m51936[0;39m [2m---[0;39m [2m[  restartedMain][0;39m [36mc.b.d.d.DynamicRoutingDataSource        [0;39m [2m:[0;39m dynamic-datasource all closed success,bye
[2m2022-04-04 21:43:53.196[0;39m [32m INFO[0;39m [35m51936[0;39m [2m---[0;39m [2m[  restartedMain][0;39m [36mo.apache.catalina.core.StandardService  [0;39m [2m:[0;39m Stopping service [Tomcat]
[2m2022-04-04 21:43:53.200[0;39m [33m WARN[0;39m [35m51936[0;39m [2m---[0;39m [2m[  restartedMain][0;39m [36mo.a.c.loader.WebappClassLoaderBase      [0;39m [2m:[0;39m The web application [ROOT] appears to have started a thread named [logback-1] but has failed to stop it. This is very likely to create a memory leak. Stack trace of thread:
 sun.misc.Unsafe.park(Native Method)
 java.util.concurrent.locks.LockSupport.parkNanos(LockSupport.java:215)
 java.util.concurrent.locks.AbstractQueuedSynchronizer$ConditionObject.awaitNanos(AbstractQueuedSynchronizer.java:2078)
 java.util.concurrent.ScheduledThreadPoolExecutor$DelayedWorkQueue.take(ScheduledThreadPoolExecutor.java:1093)
 java.util.concurrent.ScheduledThreadPoolExecutor$DelayedWorkQueue.take(ScheduledThreadPoolExecutor.java:809)
 java.util.concurrent.ThreadPoolExecutor.getTask(ThreadPoolExecutor.java:1074)
 java.util.concurrent.ThreadPoolExecutor.runWorker(ThreadPoolExecutor.java:1134)
 java.util.concurrent.ThreadPoolExecutor$Worker.run(ThreadPoolExecutor.java:624)
 java.lang.Thread.run(Thread.java:748)
[2m2022-04-04 21:43:53.200[0;39m [33m WARN[0;39m [35m51936[0;39m [2m---[0;39m [2m[  restartedMain][0;39m [36mo.a.c.loader.WebappClassLoaderBase      [0;39m [2m:[0;39m The web application [ROOT] appears to have started a thread named [nacos.publisher-com.alibaba.nacos.common.notify.SlowEvent] but has failed to stop it. This is very likely to create a memory leak. Stack trace of thread:
 java.lang.Thread.sleep(Native Method)
 com.alibaba.nacos.common.utils.ThreadUtils.sleep(ThreadUtils.java:52)
 com.alibaba.nacos.common.notify.DefaultPublisher.openEventHandler(DefaultPublisher.java:108)
 com.alibaba.nacos.common.notify.DefaultPublisher.run(DefaultPublisher.java:94)
[2m2022-04-04 21:43:53.201[0;39m [33m WARN[0;39m [35m51936[0;39m [2m---[0;39m [2m[  restartedMain][0;39m [36mo.a.c.loader.WebappClassLoaderBase      [0;39m [2m:[0;39m The web application [ROOT] appears to have started a thread named [nacos.publisher-com.alibaba.nacos.client.naming.event.InstancesChangeEvent] but has failed to stop it. This is very likely to create a memory leak. Stack trace of thread:
 sun.misc.Unsafe.park(Native Method)
 java.util.concurrent.locks.LockSupport.park(LockSupport.java:175)
 java.util.concurrent.locks.AbstractQueuedSynchronizer$ConditionObject.await(AbstractQueuedSynchronizer.java:2039)
 java.util.concurrent.ArrayBlockingQueue.take(ArrayBlockingQueue.java:403)
 com.alibaba.nacos.common.notify.DefaultPublisher.openEventHandler(DefaultPublisher.java:116)
 com.alibaba.nacos.common.notify.DefaultPublisher.run(DefaultPublisher.java:94)
[2m2022-04-04 21:43:53.213[0;39m [32m INFO[0;39m [35m51936[0;39m [2m---[0;39m [2m[  restartedMain][0;39m [36mConditionEvaluationReportLoggingListener[0;39m [2m:[0;39m 

Error starting ApplicationContext. To display the conditions report re-run your application with 'debug' enabled.
[2m2022-04-04 21:43:53.217[0;39m [31mERROR[0;39m [35m51936[0;39m [2m---[0;39m [2m[  restartedMain][0;39m [36mo.s.b.d.LoggingFailureAnalysisReporter  [0;39m [2m:[0;39m 

***************************
APPLICATION FAILED TO START
***************************

Description:

The dependencies of some of the beans in the application context form a cycle:

   requestPathController defined in file [D:\Idea\projects\stock_learning\api_user\target\classes\com\zhu\api_user\controller\RequestPathController.class]
â”Œâ”€â”€â”€â”€â”€â”
|  requestPathServiceImpl defined in file [D:\Idea\projects\stock_learning\api_user\target\classes\com\zhu\api_user\service\impl\RequestPathServiceImpl.class]
â””â”€â”€â”€â”€â”€â”˜


[2m2022-04-04 21:43:53.220[0;39m [33m WARN[0;39m [35m51936[0;39m [2m---[0;39m [2m[      Thread-25][0;39m [36mc.a.nacos.common.notify.NotifyCenter    [0;39m [2m:[0;39m [NotifyCenter] Start destroying Publisher
[2m2022-04-04 21:43:53.220[0;39m [33m WARN[0;39m [35m51936[0;39m [2m---[0;39m [2m[      Thread-19][0;39m [36mc.a.n.common.http.HttpClientBeanHolder  [0;39m [2m:[0;39m [HttpClientBeanHolder] Start destroying common HttpClient
[2m2022-04-04 21:43:53.220[0;39m [33m WARN[0;39m [35m51936[0;39m [2m---[0;39m [2m[      Thread-25][0;39m [36mc.a.nacos.common.notify.NotifyCenter    [0;39m [2m:[0;39m [NotifyCenter] Destruction of the end
[2m2022-04-04 21:43:53.221[0;39m [33m WARN[0;39m [35m51936[0;39m [2m---[0;39m [2m[      Thread-19][0;39m [36mc.a.n.common.http.HttpClientBeanHolder  [0;39m [2m:[0;39m [HttpClientBeanHolder] Destruction of the end
