[2m2022-04-06 20:31:56.462[0;39m [32m INFO[0;39m [35m35452[0;39m [2m---[0;39m [2m[  restartedMain][0;39m [36mcom.zhu.api_user.ApiUserApplication     [0;39m [2m:[0;39m The following profiles are active: dev,db
[2m2022-04-06 20:32:01.361[0;39m [33m WARN[0;39m [35m35452[0;39m [2m---[0;39m [2m[  restartedMain][0;39m [36mo.s.boot.actuate.endpoint.EndpointId    [0;39m [2m:[0;39m Endpoint ID 'service-registry' contains invalid characters, please migrate to a valid format.
[2m2022-04-06 20:32:01.813[0;39m [32m INFO[0;39m [35m35452[0;39m [2m---[0;39m [2m[  restartedMain][0;39m [36mo.s.cloud.context.scope.GenericScope    [0;39m [2m:[0;39m BeanFactory id=7e51f0c1-fd83-3523-b4f1-fc6baffa72a7
[2m2022-04-06 20:32:02.053[0;39m [32m INFO[0;39m [35m35452[0;39m [2m---[0;39m [2m[  restartedMain][0;39m [36mtrationDelegate$BeanPostProcessorChecker[0;39m [2m:[0;39m Bean 'mica.async-net.dreamlu.mica.props.MicaAsyncProperties' of type [net.dreamlu.mica.props.MicaAsyncProperties] is not eligible for getting processed by all BeanPostProcessors (for example: not eligible for auto-proxying)
[2m2022-04-06 20:32:02.055[0;39m [32m INFO[0;39m [35m35452[0;39m [2m---[0;39m [2m[  restartedMain][0;39m [36mtrationDelegate$BeanPostProcessorChecker[0;39m [2m:[0;39m Bean 'net.dreamlu.mica.config.MicaExecutorConfiguration' of type [net.dreamlu.mica.config.MicaExecutorConfiguration$$EnhancerBySpringCGLIB$$c27938d6] is not eligible for getting processed by all BeanPostProcessors (for example: not eligible for auto-proxying)
[2m2022-04-06 20:32:02.119[0;39m [32m INFO[0;39m [35m35452[0;39m [2m---[0;39m [2m[  restartedMain][0;39m [36mtrationDelegate$BeanPostProcessorChecker[0;39m [2m:[0;39m Bean 'spring.datasource.dynamic-com.baomidou.dynamic.datasource.spring.boot.autoconfigure.DynamicDataSourceProperties' of type [com.baomidou.dynamic.datasource.spring.boot.autoconfigure.DynamicDataSourceProperties] is not eligible for getting processed by all BeanPostProcessors (for example: not eligible for auto-proxying)
[2m2022-04-06 20:32:02.287[0;39m [32m INFO[0;39m [35m35452[0;39m [2m---[0;39m [2m[  restartedMain][0;39m [36mtrationDelegate$BeanPostProcessorChecker[0;39m [2m:[0;39m Bean 'com.baomidou.dynamic.datasource.spring.boot.autoconfigure.DynamicDataSourceAutoConfiguration' of type [com.baomidou.dynamic.datasource.spring.boot.autoconfigure.DynamicDataSourceAutoConfiguration$$EnhancerBySpringCGLIB$$32799a04] is not eligible for getting processed by all BeanPostProcessors (for example: not eligible for auto-proxying)
[2m2022-04-06 20:32:02.296[0;39m [32m INFO[0;39m [35m35452[0;39m [2m---[0;39m [2m[  restartedMain][0;39m [36mtrationDelegate$BeanPostProcessorChecker[0;39m [2m:[0;39m Bean 'dsProcessor' of type [com.baomidou.dynamic.datasource.processor.DsHeaderProcessor] is not eligible for getting processed by all BeanPostProcessors (for example: not eligible for auto-proxying)
[2m2022-04-06 20:32:02.318[0;39m [32m INFO[0;39m [35m35452[0;39m [2m---[0;39m [2m[  restartedMain][0;39m [36mtrationDelegate$BeanPostProcessorChecker[0;39m [2m:[0;39m Bean 'dynamicDatasourceAnnotationAdvisor' of type [com.baomidou.dynamic.datasource.aop.DynamicDataSourceAnnotationAdvisor] is not eligible for getting processed by all BeanPostProcessors (for example: not eligible for auto-proxying)
[2m2022-04-06 20:32:04.792[0;39m [32m INFO[0;39m [35m35452[0;39m [2m---[0;39m [2m[  restartedMain][0;39m [36mo.s.b.w.embedded.tomcat.TomcatWebServer [0;39m [2m:[0;39m Tomcat initialized with port(s): 8082 (http)
[2m2022-04-06 20:32:04.835[0;39m [32m INFO[0;39m [35m35452[0;39m [2m---[0;39m [2m[  restartedMain][0;39m [36mo.a.coyote.http11.Http11NioProtocol     [0;39m [2m:[0;39m Initializing ProtocolHandler ["http-nio-8082"]
[2m2022-04-06 20:32:04.836[0;39m [32m INFO[0;39m [35m35452[0;39m [2m---[0;39m [2m[  restartedMain][0;39m [36mo.apache.catalina.core.StandardService  [0;39m [2m:[0;39m Starting service [Tomcat]
[2m2022-04-06 20:32:04.836[0;39m [32m INFO[0;39m [35m35452[0;39m [2m---[0;39m [2m[  restartedMain][0;39m [36morg.apache.catalina.core.StandardEngine [0;39m [2m:[0;39m Starting Servlet engine: [Apache Tomcat/9.0.33]
[2m2022-04-06 20:32:05.234[0;39m [32m INFO[0;39m [35m35452[0;39m [2m---[0;39m [2m[  restartedMain][0;39m [36mo.a.c.c.C.[Tomcat].[localhost].[/]      [0;39m [2m:[0;39m Initializing Spring embedded WebApplicationContext
[2m2022-04-06 20:32:05.234[0;39m [32m INFO[0;39m [35m35452[0;39m [2m---[0;39m [2m[  restartedMain][0;39m [36mo.s.web.context.ContextLoader           [0;39m [2m:[0;39m Root WebApplicationContext: initialization completed in 8757 ms
[2m2022-04-06 20:32:06.942[0;39m [32m INFO[0;39m [35m35452[0;39m [2m---[0;39m [2m[  restartedMain][0;39m [36mcom.zaxxer.hikari.HikariDataSource      [0;39m [2m:[0;39m master - Starting...
[2m2022-04-06 20:32:08.307[0;39m [32m INFO[0;39m [35m35452[0;39m [2m---[0;39m [2m[  restartedMain][0;39m [36mcom.zaxxer.hikari.HikariDataSource      [0;39m [2m:[0;39m master - Start completed.
[2m2022-04-06 20:32:08.307[0;39m [32m INFO[0;39m [35m35452[0;39m [2m---[0;39m [2m[  restartedMain][0;39m [36mc.b.d.d.DynamicRoutingDataSource        [0;39m [2m:[0;39m dynamic-datasource - load a datasource named [master] success
[2m2022-04-06 20:32:08.307[0;39m [32m INFO[0;39m [35m35452[0;39m [2m---[0;39m [2m[  restartedMain][0;39m [36mc.b.d.d.DynamicRoutingDataSource        [0;39m [2m:[0;39m dynamic-datasource initial loaded [1] datasource,primary datasource named [master]
[2m2022-04-06 20:32:10.883[0;39m [33m WARN[0;39m [35m35452[0;39m [2m---[0;39m [2m[  restartedMain][0;39m [36mc.n.c.sources.URLConfigurationSource    [0;39m [2m:[0;39m No URLs will be polled as dynamic configuration sources.
[2m2022-04-06 20:32:10.884[0;39m [32m INFO[0;39m [35m35452[0;39m [2m---[0;39m [2m[  restartedMain][0;39m [36mc.n.c.sources.URLConfigurationSource    [0;39m [2m:[0;39m To enable URLs as dynamic configuration sources, define System property archaius.configurationSource.additionalUrls or make config.properties available on classpath.
[2m2022-04-06 20:32:10.887[0;39m [33m WARN[0;39m [35m35452[0;39m [2m---[0;39m [2m[  restartedMain][0;39m [36mc.n.c.sources.URLConfigurationSource    [0;39m [2m:[0;39m No URLs will be polled as dynamic configuration sources.
[2m2022-04-06 20:32:10.888[0;39m [32m INFO[0;39m [35m35452[0;39m [2m---[0;39m [2m[  restartedMain][0;39m [36mc.n.c.sources.URLConfigurationSource    [0;39m [2m:[0;39m To enable URLs as dynamic configuration sources, define System property archaius.configurationSource.additionalUrls or make config.properties available on classpath.
[2m2022-04-06 20:32:11.166[0;39m [32m INFO[0;39m [35m35452[0;39m [2m---[0;39m [2m[  restartedMain][0;39m [36mo.s.s.concurrent.ThreadPoolTaskExecutor [0;39m [2m:[0;39m Initializing ExecutorService 'applicationTaskExecutor'
[2m2022-04-06 20:32:11.323[0;39m [32m INFO[0;39m [35m35452[0;39m [2m---[0;39m [2m[  restartedMain][0;39m [36md.m.s.v.MicaRequestMappingHandlerMapping[0;39m [2m:[0;39m Mapped "{GET /permission/getByUser/{id}}" onto com.zhu.api_user.controller.PermissionController#selectListByUser(Integer)
[2m2022-04-06 20:32:11.323[0;39m [32m INFO[0;39m [35m35452[0;39m [2m---[0;39m [2m[  restartedMain][0;39m [36md.m.s.v.MicaRequestMappingHandlerMapping[0;39m [2m:[0;39m Mapped "{ /error, produces [text/html]}" onto net.dreamlu.mica.servlet.error.MicaErrorController#errorHtml(HttpServletRequest, HttpServletResponse)
[2m2022-04-06 20:32:11.323[0;39m [32m INFO[0;39m [35m35452[0;39m [2m---[0;39m [2m[  restartedMain][0;39m [36md.m.s.v.MicaRequestMappingHandlerMapping[0;39m [2m:[0;39m Mapped "{ /error}" onto net.dreamlu.mica.servlet.error.MicaErrorController#error(HttpServletRequest)
[2m2022-04-06 20:32:11.430[0;39m [32m INFO[0;39m [35m35452[0;39m [2m---[0;39m [2m[  restartedMain][0;39m [36mo.s.s.c.ThreadPoolTaskScheduler         [0;39m [2m:[0;39m Initializing ExecutorService 'taskScheduler'
[2m2022-04-06 20:32:11.738[0;39m [32m INFO[0;39m [35m35452[0;39m [2m---[0;39m [2m[  restartedMain][0;39m [36mo.s.b.d.a.OptionalLiveReloadServer      [0;39m [2m:[0;39m LiveReload server is running on port 35729
[2m2022-04-06 20:32:12.727[0;39m [32m INFO[0;39m [35m35452[0;39m [2m---[0;39m [2m[  restartedMain][0;39m [36mo.s.b.a.e.web.EndpointLinksResolver     [0;39m [2m:[0;39m Exposing 2 endpoint(s) beneath base path '/actuator'
[2m2022-04-06 20:32:19.492[0;39m [32m INFO[0;39m [35m35452[0;39m [2m---[0;39m [2m[  restartedMain][0;39m [36mo.a.coyote.http11.Http11NioProtocol     [0;39m [2m:[0;39m Starting ProtocolHandler ["http-nio-8082"]
[2m2022-04-06 20:32:19.524[0;39m [32m INFO[0;39m [35m35452[0;39m [2m---[0;39m [2m[  restartedMain][0;39m [36mo.s.b.w.embedded.tomcat.TomcatWebServer [0;39m [2m:[0;39m Tomcat started on port(s): 8082 (http) with context path ''
[2m2022-04-06 20:32:22.542[0;39m [32m INFO[0;39m [35m35452[0;39m [2m---[0;39m [2m[  restartedMain][0;39m [36mc.a.c.n.registry.NacosServiceRegistry   [0;39m [2m:[0;39m nacos registry, DEFAULT_GROUP api-user 169.254.131.94:8082 register finished
[2m2022-04-06 20:32:23.563[0;39m [32m INFO[0;39m [35m35452[0;39m [2m---[0;39m [2m[  restartedMain][0;39m [36mcom.zhu.api_user.ApiUserApplication     [0;39m [2m:[0;39m Started ApiUserApplication in 30.531 seconds (JVM running for 32.513)
[2m2022-04-06 20:32:24.931[0;39m [32m INFO[0;39m [35m35452[0;39m [2m---[0;39m [2m[)-114.97.211.73][0;39m [36mo.a.c.c.C.[Tomcat].[localhost].[/]      [0;39m [2m:[0;39m Initializing Spring DispatcherServlet 'dispatcherServlet'
[2m2022-04-06 20:32:24.931[0;39m [32m INFO[0;39m [35m35452[0;39m [2m---[0;39m [2m[)-114.97.211.73][0;39m [36mo.s.web.servlet.DispatcherServlet       [0;39m [2m:[0;39m Initializing Servlet 'dispatcherServlet'
[2m2022-04-06 20:32:24.942[0;39m [32m INFO[0;39m [35m35452[0;39m [2m---[0;39m [2m[)-114.97.211.73][0;39m [36mo.s.web.servlet.DispatcherServlet       [0;39m [2m:[0;39m Completed initialization in 11 ms
